{"total": {"lines":{"total":645,"covered":451,"skipped":0,"pct":69.92},"statements":{"total":718,"covered":485,"skipped":0,"pct":67.54},"functions":{"total":72,"covered":53,"skipped":0,"pct":73.61},"branches":{"total":442,"covered":258,"skipped":0,"pct":58.37},"branchesTrue":{"total":0,"covered":0,"skipped":0,"pct":100}}
,"/Users/home/Desktop/edutechlife/edutechlife-backend/src/app.js": {"lines":{"total":52,"covered":51,"skipped":0,"pct":98.07},"functions":{"total":2,"covered":2,"skipped":0,"pct":100},"statements":{"total":55,"covered":54,"skipped":0,"pct":98.18},"branches":{"total":6,"covered":5,"skipped":0,"pct":83.33}}
,"/Users/home/Desktop/edutechlife/edutechlife-backend/src/controllers/ialab/progressController.js": {"lines":{"total":68,"covered":35,"skipped":0,"pct":51.47},"functions":{"total":10,"covered":5,"skipped":0,"pct":50},"statements":{"total":78,"covered":37,"skipped":0,"pct":47.43},"branches":{"total":72,"covered":38,"skipped":0,"pct":52.77}}
,"/Users/home/Desktop/edutechlife/edutechlife-backend/src/controllers/ialab/templatesController.js": {"lines":{"total":65,"covered":36,"skipped":0,"pct":55.38},"functions":{"total":7,"covered":7,"skipped":0,"pct":100},"statements":{"total":82,"covered":40,"skipped":0,"pct":48.78},"branches":{"total":77,"covered":32,"skipped":0,"pct":41.55}}
,"/Users/home/Desktop/edutechlife/edutechlife-backend/src/data/modules.js": {"lines":{"total":4,"covered":4,"skipped":0,"pct":100},"functions":{"total":0,"covered":0,"skipped":0,"pct":100},"statements":{"total":4,"covered":4,"skipped":0,"pct":100},"branches":{"total":0,"covered":0,"skipped":0,"pct":100}}
,"/Users/home/Desktop/edutechlife/edutechlife-backend/src/data/plans.js": {"lines":{"total":6,"covered":6,"skipped":0,"pct":100},"functions":{"total":4,"covered":4,"skipped":0,"pct":100},"statements":{"total":8,"covered":8,"skipped":0,"pct":100},"branches":{"total":6,"covered":6,"skipped":0,"pct":100}}
,"/Users/home/Desktop/edutechlife/edutechlife-backend/src/db/supabase.js": {"lines":{"total":8,"covered":6,"skipped":0,"pct":75},"functions":{"total":0,"covered":0,"skipped":0,"pct":100},"statements":{"total":8,"covered":6,"skipped":0,"pct":75},"branches":{"total":8,"covered":5,"skipped":0,"pct":62.5}}
,"/Users/home/Desktop/edutechlife/edutechlife-backend/src/docs/swagger.js": {"lines":{"total":3,"covered":3,"skipped":0,"pct":100},"functions":{"total":0,"covered":0,"skipped":0,"pct":100},"statements":{"total":3,"covered":3,"skipped":0,"pct":100},"branches":{"total":0,"covered":0,"skipped":0,"pct":100}}
,"/Users/home/Desktop/edutechlife/edutechlife-backend/src/middleware/auth.js": {"lines":{"total":12,"covered":9,"skipped":0,"pct":75},"functions":{"total":1,"covered":1,"skipped":0,"pct":100},"statements":{"total":12,"covered":9,"skipped":0,"pct":75},"branches":{"total":4,"covered":4,"skipped":0,"pct":100}}
,"/Users/home/Desktop/edutechlife/edutechlife-backend/src/middleware/errorHandler.js": {"lines":{"total":8,"covered":8,"skipped":0,"pct":100},"functions":{"total":2,"covered":2,"skipped":0,"pct":100},"statements":{"total":8,"covered":8,"skipped":0,"pct":100},"branches":{"total":8,"covered":8,"skipped":0,"pct":100}}
,"/Users/home/Desktop/edutechlife/edutechlife-backend/src/middleware/rateLimiter.js": {"lines":{"total":5,"covered":5,"skipped":0,"pct":100},"functions":{"total":0,"covered":0,"skipped":0,"pct":100},"statements":{"total":5,"covered":5,"skipped":0,"pct":100},"branches":{"total":0,"covered":0,"skipped":0,"pct":100}}
,"/Users/home/Desktop/edutechlife/edutechlife-backend/src/middleware/sanitize.js": {"lines":{"total":7,"covered":7,"skipped":0,"pct":100},"functions":{"total":1,"covered":1,"skipped":0,"pct":100},"statements":{"total":9,"covered":9,"skipped":0,"pct":100},"branches":{"total":6,"covered":3,"skipped":0,"pct":50}}
,"/Users/home/Desktop/edutechlife/edutechlife-backend/src/routes/chat.js": {"lines":{"total":62,"covered":54,"skipped":0,"pct":87.09},"functions":{"total":3,"covered":3,"skipped":0,"pct":100},"statements":{"total":68,"covered":56,"skipped":0,"pct":82.35},"branches":{"total":34,"covered":28,"skipped":0,"pct":82.35}}
,"/Users/home/Desktop/edutechlife/edutechlife-backend/src/routes/health.js": {"lines":{"total":6,"covered":6,"skipped":0,"pct":100},"functions":{"total":1,"covered":1,"skipped":0,"pct":100},"statements":{"total":6,"covered":6,"skipped":0,"pct":100},"branches":{"total":0,"covered":0,"skipped":0,"pct":100}}
,"/Users/home/Desktop/edutechlife/edutechlife-backend/src/routes/ialab.js": {"lines":{"total":113,"covered":94,"skipped":0,"pct":83.18},"functions":{"total":11,"covered":9,"skipped":0,"pct":81.81},"statements":{"total":126,"covered":102,"skipped":0,"pct":80.95},"branches":{"total":92,"covered":66,"skipped":0,"pct":71.73}}
,"/Users/home/Desktop/edutechlife/edutechlife-backend/src/routes/smartboard.js": {"lines":{"total":50,"covered":37,"skipped":0,"pct":74},"functions":{"total":3,"covered":3,"skipped":0,"pct":100},"statements":{"total":53,"covered":38,"skipped":0,"pct":71.69},"branches":{"total":36,"covered":20,"skipped":0,"pct":55.55}}
,"/Users/home/Desktop/edutechlife/edutechlife-backend/src/routes/stripe.js": {"lines":{"total":38,"covered":15,"skipped":0,"pct":39.47},"functions":{"total":4,"covered":3,"skipped":0,"pct":75},"statements":{"total":39,"covered":16,"skipped":0,"pct":41.02},"branches":{"total":10,"covered":2,"skipped":0,"pct":20}}
,"/Users/home/Desktop/edutechlife/edutechlife-backend/src/routes/tts.js": {"lines":{"total":19,"covered":14,"skipped":0,"pct":73.68},"functions":{"total":1,"covered":1,"skipped":0,"pct":100},"statements":{"total":19,"covered":14,"skipped":0,"pct":73.68},"branches":{"total":4,"covered":3,"skipped":0,"pct":75}}
,"/Users/home/Desktop/edutechlife/edutechlife-backend/src/routes/voice.js": {"lines":{"total":15,"covered":14,"skipped":0,"pct":93.33},"functions":{"total":1,"covered":1,"skipped":0,"pct":100},"statements":{"total":15,"covered":14,"skipped":0,"pct":93.33},"branches":{"total":4,"covered":4,"skipped":0,"pct":100}}
,"/Users/home/Desktop/edutechlife/edutechlife-backend/src/services/avatarService.js": {"lines":{"total":20,"covered":5,"skipped":0,"pct":25},"functions":{"total":6,"covered":0,"skipped":0,"pct":0},"statements":{"total":23,"covered":5,"skipped":0,"pct":21.73},"branches":{"total":2,"covered":0,"skipped":0,"pct":0}}
,"/Users/home/Desktop/edutechlife/edutechlife-backend/src/services/deepseek.js": {"lines":{"total":29,"covered":26,"skipped":0,"pct":89.65},"functions":{"total":8,"covered":7,"skipped":0,"pct":87.5},"statements":{"total":37,"covered":32,"skipped":0,"pct":86.48},"branches":{"total":31,"covered":24,"skipped":0,"pct":77.41}}
,"/Users/home/Desktop/edutechlife/edutechlife-backend/src/services/ialabPrompts.js": {"lines":{"total":3,"covered":3,"skipped":0,"pct":100},"functions":{"total":1,"covered":1,"skipped":0,"pct":100},"statements":{"total":3,"covered":3,"skipped":0,"pct":100},"branches":{"total":0,"covered":0,"skipped":0,"pct":100}}
,"/Users/home/Desktop/edutechlife/edutechlife-backend/src/services/stripe.js": {"lines":{"total":41,"covered":2,"skipped":0,"pct":4.87},"functions":{"total":4,"covered":0,"skipped":0,"pct":0},"statements":{"total":43,"covered":2,"skipped":0,"pct":4.65},"branches":{"total":32,"covered":0,"skipped":0,"pct":0}}
,"/Users/home/Desktop/edutechlife/edutechlife-backend/src/utils/sanitize.js": {"lines":{"total":11,"covered":11,"skipped":0,"pct":100},"functions":{"total":2,"covered":2,"skipped":0,"pct":100},"statements":{"total":14,"covered":14,"skipped":0,"pct":100},"branches":{"total":10,"covered":10,"skipped":0,"pct":100}}
}
