{"total": {"lines":{"total":541,"covered":402,"skipped":0,"pct":74.3},"statements":{"total":609,"covered":434,"skipped":0,"pct":71.26},"functions":{"total":58,"covered":45,"skipped":0,"pct":77.58},"branches":{"total":392,"covered":235,"skipped":0,"pct":59.94},"branchesTrue":{"total":0,"covered":0,"skipped":0,"pct":100}}
,"/Users/home/Desktop/edutechlife/edutechlife-backend/src/app.js": {"lines":{"total":43,"covered":42,"skipped":0,"pct":97.67},"functions":{"total":2,"covered":2,"skipped":0,"pct":100},"statements":{"total":46,"covered":45,"skipped":0,"pct":97.82},"branches":{"total":6,"covered":5,"skipped":0,"pct":83.33}}
,"/Users/home/Desktop/edutechlife/edutechlife-backend/src/data/modules.js": {"lines":{"total":4,"covered":4,"skipped":0,"pct":100},"functions":{"total":0,"covered":0,"skipped":0,"pct":100},"statements":{"total":4,"covered":4,"skipped":0,"pct":100},"branches":{"total":0,"covered":0,"skipped":0,"pct":100}}
,"/Users/home/Desktop/edutechlife/edutechlife-backend/src/db/supabase.js": {"lines":{"total":8,"covered":6,"skipped":0,"pct":75},"functions":{"total":0,"covered":0,"skipped":0,"pct":100},"statements":{"total":8,"covered":6,"skipped":0,"pct":75},"branches":{"total":8,"covered":5,"skipped":0,"pct":62.5}}
,"/Users/home/Desktop/edutechlife/edutechlife-backend/src/middleware/auth.js": {"lines":{"total":12,"covered":9,"skipped":0,"pct":75},"functions":{"total":1,"covered":1,"skipped":0,"pct":100},"statements":{"total":12,"covered":9,"skipped":0,"pct":75},"branches":{"total":4,"covered":4,"skipped":0,"pct":100}}
,"/Users/home/Desktop/edutechlife/edutechlife-backend/src/middleware/errorHandler.js": {"lines":{"total":8,"covered":8,"skipped":0,"pct":100},"functions":{"total":2,"covered":2,"skipped":0,"pct":100},"statements":{"total":8,"covered":8,"skipped":0,"pct":100},"branches":{"total":8,"covered":8,"skipped":0,"pct":100}}
,"/Users/home/Desktop/edutechlife/edutechlife-backend/src/middleware/rateLimiter.js": {"lines":{"total":5,"covered":5,"skipped":0,"pct":100},"functions":{"total":0,"covered":0,"skipped":0,"pct":100},"statements":{"total":5,"covered":5,"skipped":0,"pct":100},"branches":{"total":0,"covered":0,"skipped":0,"pct":100}}
,"/Users/home/Desktop/edutechlife/edutechlife-backend/src/middleware/sanitize.js": {"lines":{"total":7,"covered":7,"skipped":0,"pct":100},"functions":{"total":1,"covered":1,"skipped":0,"pct":100},"statements":{"total":9,"covered":9,"skipped":0,"pct":100},"branches":{"total":6,"covered":3,"skipped":0,"pct":50}}
,"/Users/home/Desktop/edutechlife/edutechlife-backend/src/routes/chat.js": {"lines":{"total":62,"covered":54,"skipped":0,"pct":87.09},"functions":{"total":3,"covered":3,"skipped":0,"pct":100},"statements":{"total":68,"covered":56,"skipped":0,"pct":82.35},"branches":{"total":34,"covered":28,"skipped":0,"pct":82.35}}
,"/Users/home/Desktop/edutechlife/edutechlife-backend/src/routes/health.js": {"lines":{"total":6,"covered":6,"skipped":0,"pct":100},"functions":{"total":1,"covered":1,"skipped":0,"pct":100},"statements":{"total":6,"covered":6,"skipped":0,"pct":100},"branches":{"total":0,"covered":0,"skipped":0,"pct":100}}
,"/Users/home/Desktop/edutechlife/edutechlife-backend/src/routes/ialab.js": {"lines":{"total":239,"covered":151,"skipped":0,"pct":63.17},"functions":{"total":26,"covered":20,"skipped":0,"pct":76.92},"statements":{"total":279,"covered":166,"skipped":0,"pct":59.49},"branches":{"total":239,"covered":121,"skipped":0,"pct":50.62}}
,"/Users/home/Desktop/edutechlife/edutechlife-backend/src/routes/smartboard.js": {"lines":{"total":50,"covered":37,"skipped":0,"pct":74},"functions":{"total":3,"covered":3,"skipped":0,"pct":100},"statements":{"total":53,"covered":38,"skipped":0,"pct":71.69},"branches":{"total":36,"covered":20,"skipped":0,"pct":55.55}}
,"/Users/home/Desktop/edutechlife/edutechlife-backend/src/routes/tts.js": {"lines":{"total":19,"covered":14,"skipped":0,"pct":73.68},"functions":{"total":1,"covered":1,"skipped":0,"pct":100},"statements":{"total":19,"covered":14,"skipped":0,"pct":73.68},"branches":{"total":4,"covered":3,"skipped":0,"pct":75}}
,"/Users/home/Desktop/edutechlife/edutechlife-backend/src/routes/voice.js": {"lines":{"total":15,"covered":14,"skipped":0,"pct":93.33},"functions":{"total":1,"covered":1,"skipped":0,"pct":100},"statements":{"total":15,"covered":14,"skipped":0,"pct":93.33},"branches":{"total":4,"covered":4,"skipped":0,"pct":100}}
,"/Users/home/Desktop/edutechlife/edutechlife-backend/src/services/avatarService.js": {"lines":{"total":20,"covered":5,"skipped":0,"pct":25},"functions":{"total":6,"covered":0,"skipped":0,"pct":0},"statements":{"total":23,"covered":5,"skipped":0,"pct":21.73},"branches":{"total":2,"covered":0,"skipped":0,"pct":0}}
,"/Users/home/Desktop/edutechlife/edutechlife-backend/src/services/deepseek.js": {"lines":{"total":29,"covered":26,"skipped":0,"pct":89.65},"functions":{"total":8,"covered":7,"skipped":0,"pct":87.5},"statements":{"total":37,"covered":32,"skipped":0,"pct":86.48},"branches":{"total":31,"covered":24,"skipped":0,"pct":77.41}}
,"/Users/home/Desktop/edutechlife/edutechlife-backend/src/services/ialabPrompts.js": {"lines":{"total":3,"covered":3,"skipped":0,"pct":100},"functions":{"total":1,"covered":1,"skipped":0,"pct":100},"statements":{"total":3,"covered":3,"skipped":0,"pct":100},"branches":{"total":0,"covered":0,"skipped":0,"pct":100}}
,"/Users/home/Desktop/edutechlife/edutechlife-backend/src/utils/sanitize.js": {"lines":{"total":11,"covered":11,"skipped":0,"pct":100},"functions":{"total":2,"covered":2,"skipped":0,"pct":100},"statements":{"total":14,"covered":14,"skipped":0,"pct":100},"branches":{"total":10,"covered":10,"skipped":0,"pct":100}}
}
