TN:
SF:src/app.js
FN:21,(anonymous_0)
FN:31,(anonymous_1)
FNF:2
FNH:2
FNDA:56,(anonymous_0)
FNDA:56,(anonymous_1)
DA:1,7
DA:2,7
DA:3,7
DA:4,7
DA:5,7
DA:6,7
DA:7,7
DA:8,7
DA:9,7
DA:10,7
DA:11,7
DA:12,7
DA:13,7
DA:15,7
DA:21,7
DA:22,56
DA:23,4
DA:24,2
DA:25,0
DA:28,7
DA:30,7
DA:31,56
DA:37,7
DA:38,7
DA:39,7
DA:41,7
DA:42,7
DA:43,7
DA:44,7
DA:45,7
DA:46,7
DA:47,7
DA:48,7
DA:49,7
DA:51,7
DA:52,7
DA:53,7
DA:54,7
DA:55,7
DA:56,7
DA:58,7
DA:59,7
DA:61,7
LF:43
LH:42
BRDA:22,0,0,52
BRDA:22,0,1,4
BRDA:23,1,0,2
BRDA:23,1,1,2
BRDA:24,2,0,2
BRDA:24,2,1,0
BRF:6
BRH:5
end_of_record
TN:
SF:src/data/modules.js
FNF:0
FNH:0
DA:1,8
DA:3,8
DA:90,8
DA:98,8
LF:4
LH:4
BRF:0
BRH:0
end_of_record
TN:
SF:src/db/supabase.js
FNF:0
FNH:0
DA:1,9
DA:3,9
DA:4,9
DA:6,9
DA:7,0
DA:8,0
DA:11,9
DA:22,9
LF:8
LH:6
BRDA:6,0,0,0
BRDA:6,0,1,9
BRDA:6,1,0,9
BRDA:6,1,1,9
BRDA:12,2,0,9
BRDA:12,2,1,0
BRDA:13,3,0,9
BRDA:13,3,1,0
BRF:8
BRH:5
end_of_record
TN:
SF:src/middleware/auth.js
FN:3,requireAuth
FNF:1
FNH:1
FNDA:11,requireAuth
DA:1,8
DA:4,11
DA:5,11
DA:6,10
DA:9,1
DA:11,1
DA:12,1
DA:16,0
DA:17,0
DA:18,0
DA:20,1
DA:24,8
LF:12
LH:9
BRDA:5,0,0,10
BRDA:5,0,1,1
BRDA:5,1,0,11
BRDA:5,1,1,2
BRF:4
BRH:4
end_of_record
TN:
SF:src/middleware/errorHandler.js
FN:1,errorHandler
FN:18,notFoundHandler
FNF:2
FNH:2
FNDA:5,errorHandler
FNDA:2,notFoundHandler
DA:2,5
DA:4,5
DA:5,1
DA:8,4
DA:9,1
DA:12,3
DA:19,2
DA:22,8
LF:8
LH:8
BRDA:4,0,0,1
BRDA:4,0,1,4
BRDA:8,1,0,1
BRDA:8,1,1,3
BRDA:12,2,0,3
BRDA:12,2,1,2
BRDA:14,3,0,5
BRDA:14,3,1,2
BRF:8
BRH:8
end_of_record
TN:
SF:src/middleware/rateLimiter.js
FNF:0
FNH:0
DA:1,8
DA:3,8
DA:11,8
DA:19,8
DA:27,8
LF:5
LH:5
BRF:0
BRH:0
end_of_record
TN:
SF:src/middleware/sanitize.js
FN:3,sanitizeMiddleware
FNF:1
FNH:1
FNDA:76,sanitizeMiddleware
DA:1,7
DA:4,76
DA:5,76
DA:6,76
DA:7,4
DA:10,76
DA:13,7
LF:7
LH:7
BRDA:4,0,0,76
BRDA:4,0,1,0
BRDA:5,1,0,76
BRDA:5,1,1,0
BRDA:7,2,0,4
BRDA:7,2,1,0
BRF:6
BRH:3
end_of_record
TN:
SF:src/routes/chat.js
FN:7,checkApiKey
FN:15,(anonymous_1)
FN:45,(anonymous_2)
FNF:3
FNH:3
FNDA:3,checkApiKey
FNDA:6,(anonymous_1)
FNDA:4,(anonymous_2)
DA:1,7
DA:2,7
DA:4,7
DA:5,7
DA:8,3
DA:9,0
DA:10,0
DA:12,3
DA:15,7
DA:16,6
DA:18,6
DA:19,6
DA:20,1
DA:26,6
DA:27,6
DA:28,2
DA:30,2
DA:31,2
DA:32,2
DA:34,2
DA:35,6
DA:37,2
DA:38,2
DA:40,0
DA:41,0
DA:45,7
DA:46,4
DA:48,4
DA:49,4
DA:50,1
DA:56,4
DA:57,4
DA:58,1
DA:60,1
DA:61,1
DA:63,1
DA:64,1
DA:65,1
DA:67,1
DA:68,1
DA:70,1
DA:71,1
DA:72,2
DA:73,2
DA:74,2
DA:76,2
DA:77,3
DA:78,2
DA:79,2
DA:80,1
DA:81,1
DA:82,1
DA:84,1
DA:85,1
DA:86,1
DA:87,2
DA:88,1
DA:95,0
DA:97,0
DA:99,0
DA:100,0
DA:104,7
LF:62
LH:54
BRDA:8,0,0,0
BRDA:8,0,1,3
BRDA:19,1,0,1
BRDA:19,1,1,5
BRDA:19,2,0,6
BRDA:19,2,1,2
BRDA:21,3,0,1
BRDA:21,3,1,0
BRDA:27,4,0,4
BRDA:27,4,1,2
BRDA:28,5,0,0
BRDA:28,5,1,2
BRDA:32,6,0,0
BRDA:32,6,1,2
BRDA:35,7,0,0
BRDA:35,7,1,6
BRDA:49,8,0,1
BRDA:49,8,1,3
BRDA:49,9,0,4
BRDA:49,9,1,2
BRDA:51,10,0,1
BRDA:51,10,1,1
BRDA:57,11,0,3
BRDA:57,11,1,1
BRDA:58,12,0,0
BRDA:58,12,1,1
BRDA:74,13,0,2
BRDA:74,13,1,2
BRDA:77,14,0,2
BRDA:77,14,1,1
BRDA:79,15,0,1
BRDA:79,15,1,1
BRDA:87,16,0,1
BRDA:87,16,1,1
BRF:34
BRH:28
end_of_record
TN:
SF:src/routes/health.js
FN:6,(anonymous_0)
FNF:1
FNH:1
FNDA:5,(anonymous_0)
DA:1,7
DA:2,7
DA:4,7
DA:6,7
DA:7,5
DA:16,7
LF:6
LH:6
BRF:0
BRH:0
end_of_record
TN:
SF:src/routes/ialab.js
FN:11,isSupabaseReady
FN:15,(anonymous_1)
FN:79,(anonymous_2)
FN:127,(anonymous_3)
FN:129,(anonymous_4)
FN:167,(anonymous_5)
FN:169,(anonymous_6)
FN:192,(anonymous_7)
FN:211,(anonymous_8)
FN:217,(anonymous_9)
FN:223,(anonymous_10)
FN:245,(anonymous_11)
FN:270,(anonymous_12)
FN:274,(anonymous_13)
FN:312,(anonymous_14)
FN:355,(anonymous_15)
FN:356,(anonymous_16)
FN:366,(anonymous_17)
FN:401,(anonymous_18)
FN:420,(anonymous_19)
FN:446,(anonymous_20)
FN:506,(anonymous_21)
FN:520,(anonymous_22)
FN:533,(anonymous_23)
FN:551,(anonymous_24)
FN:554,(anonymous_25)
FNF:26
FNH:20
FNDA:23,isSupabaseReady
FNDA:5,(anonymous_1)
FNDA:11,(anonymous_2)
FNDA:0,(anonymous_3)
FNDA:0,(anonymous_4)
FNDA:22,(anonymous_5)
FNDA:22,(anonymous_6)
FNDA:3,(anonymous_7)
FNDA:0,(anonymous_8)
FNDA:0,(anonymous_9)
FNDA:0,(anonymous_10)
FNDA:5,(anonymous_11)
FNDA:1,(anonymous_12)
FNDA:2,(anonymous_13)
FNDA:3,(anonymous_14)
FNDA:2,(anonymous_15)
FNDA:2,(anonymous_16)
FNDA:1,(anonymous_17)
FNDA:1,(anonymous_18)
FNDA:11,(anonymous_19)
FNDA:45,(anonymous_20)
FNDA:3,(anonymous_21)
FNDA:3,(anonymous_22)
FNDA:0,(anonymous_23)
FNDA:10,(anonymous_24)
FNDA:15,(anonymous_25)
DA:1,7
DA:2,7
DA:3,7
DA:4,7
DA:5,7
DA:7,7
DA:8,7
DA:9,7
DA:12,23
DA:15,7
DA:16,5
DA:18,5
DA:19,2
DA:21,3
DA:22,1
DA:24,2
DA:25,0
DA:28,2
DA:29,2
DA:31,2
DA:32,2
DA:43,2
DA:45,2
DA:46,5
DA:49,2
DA:50,2
DA:51,2
DA:52,0
DA:54,2
DA:55,2
DA:56,2
DA:57,2
DA:59,0
DA:60,0
DA:63,2
DA:64,2
DA:66,0
DA:67,0
DA:79,7
DA:80,11
DA:82,11
DA:83,1
DA:85,10
DA:86,1
DA:89,9
DA:90,9
DA:91,0
DA:99,0
DA:107,0
DA:108,0
DA:109,0
DA:111,0
DA:112,0
DA:113,0
DA:116,0
DA:117,0
DA:118,0
DA:121,0
DA:126,0
DA:127,0
DA:128,0
DA:129,0
DA:131,0
DA:132,0
DA:133,0
DA:134,0
DA:136,0
DA:137,0
DA:149,9
DA:159,11
DA:166,11
DA:167,22
DA:168,11
DA:169,22
DA:170,11
DA:172,11
DA:173,9
DA:175,9
DA:176,6
DA:178,9
DA:179,1
DA:182,9
DA:183,9
DA:185,9
DA:187,0
DA:188,0
DA:192,7
DA:193,3
DA:194,0
DA:196,3
DA:197,3
DA:198,0
DA:203,0
DA:204,0
DA:211,0
DA:217,0
DA:219,0
DA:223,0
DA:230,3
DA:231,3
DA:232,1
DA:238,2
DA:240,0
DA:241,0
DA:245,7
DA:246,5
DA:247,5
DA:248,5
DA:249,3
DA:252,2
DA:253,2
DA:254,2
DA:257,0
DA:258,0
DA:261,0
DA:265,2
DA:266,0
DA:267,5
DA:270,7
DA:271,1
DA:274,7
DA:275,2
DA:276,2
DA:277,2
DA:278,1
DA:281,1
DA:282,0
DA:293,0
DA:294,0
DA:295,0
DA:298,1
DA:299,1
DA:304,2
DA:305,2
DA:307,0
DA:308,0
DA:312,7
DA:313,3
DA:314,3
DA:315,3
DA:316,0
DA:318,3
DA:319,0
DA:320,0
DA:321,0
DA:323,0
DA:324,0
DA:326,0
DA:329,3
DA:354,3
DA:355,2
DA:356,2
DA:358,3
DA:359,3
DA:361,0
DA:362,0
DA:366,7
DA:367,1
DA:368,1
DA:369,1
DA:370,0
DA:372,1
DA:373,0
DA:374,0
DA:375,0
DA:376,0
DA:377,0
DA:379,0
DA:382,0
DA:383,0
DA:386,1
DA:387,1
DA:396,0
DA:397,0
DA:401,7
DA:402,1
DA:403,1
DA:404,0
DA:406,1
DA:407,0
DA:408,0
DA:409,0
DA:412,1
DA:413,1
DA:415,0
DA:416,0
DA:420,7
DA:421,11
DA:422,11
DA:423,2
DA:425,9
DA:433,11
DA:434,11
DA:435,11
DA:436,11
DA:438,11
DA:446,45
DA:448,11
DA:449,7
DA:450,3
DA:451,6
DA:452,6
DA:454,9
DA:455,9
DA:471,0
DA:472,0
DA:476,7
DA:478,7
DA:506,7
DA:507,3
DA:508,3
DA:510,3
DA:512,3
DA:513,3
DA:514,3
DA:515,1
DA:516,1
DA:517,1
DA:519,3
DA:520,3
DA:522,3
DA:523,0
DA:527,0
DA:528,0
DA:530,0
DA:532,0
DA:533,0
DA:543,0
DA:547,3
DA:548,1
DA:549,1
DA:551,10
DA:553,1
DA:554,15
DA:558,3
DA:559,3
DA:561,0
DA:562,0
DA:566,0
LF:239
LH:151
BRDA:12,0,0,23
BRDA:12,0,1,5
BRDA:16,1,0,5
BRDA:18,2,0,2
BRDA:18,2,1,3
BRDA:18,3,0,5
BRDA:18,3,1,3
BRDA:18,3,2,3
BRDA:21,4,0,1
BRDA:21,4,1,2
BRDA:24,5,0,0
BRDA:24,5,1,2
BRDA:38,6,0,2
BRDA:38,6,1,5
BRDA:39,7,0,5
BRDA:39,7,1,5
BRDA:43,8,0,0
BRDA:43,8,1,2
BRDA:46,9,0,0
BRDA:46,9,1,5
BRDA:51,10,0,0
BRDA:51,10,1,2
BRDA:51,11,0,2
BRDA:51,11,1,2
BRDA:82,12,0,1
BRDA:82,12,1,10
BRDA:82,13,0,11
BRDA:82,13,1,10
BRDA:85,14,0,1
BRDA:85,14,1,9
BRDA:85,15,0,10
BRDA:85,15,1,10
BRDA:85,15,2,10
BRDA:85,15,3,10
BRDA:90,16,0,0
BRDA:90,16,1,9
BRDA:94,17,0,0
BRDA:94,17,1,0
BRDA:95,18,0,0
BRDA:95,18,1,0
BRDA:107,19,0,0
BRDA:107,19,1,0
BRDA:116,20,0,0
BRDA:116,20,1,0
BRDA:116,21,0,0
BRDA:116,21,1,0
BRDA:117,22,0,0
BRDA:117,22,1,0
BRDA:118,23,0,0
BRDA:118,23,1,0
BRDA:126,24,0,0
BRDA:126,24,1,0
BRDA:129,25,0,0
BRDA:129,25,1,0
BRDA:132,26,0,0
BRDA:132,26,1,0
BRDA:133,27,0,0
BRDA:133,27,1,0
BRDA:134,28,0,0
BRDA:134,28,1,0
BRDA:149,29,0,9
BRDA:149,29,1,3
BRDA:161,30,0,0
BRDA:161,30,1,11
BRDA:162,31,0,11
BRDA:162,31,1,11
BRDA:163,32,0,9
BRDA:163,32,1,9
BRDA:169,33,0,0
BRDA:169,33,1,11
BRDA:172,34,0,9
BRDA:172,34,1,2
BRDA:172,35,0,9
BRDA:172,35,1,9
BRDA:175,36,0,6
BRDA:175,36,1,3
BRDA:175,37,0,6
BRDA:175,37,1,6
BRDA:178,38,0,1
BRDA:178,38,1,8
BRDA:178,39,0,9
BRDA:178,39,1,1
BRDA:194,40,0,0
BRDA:194,40,1,0
BRDA:197,41,0,0
BRDA:197,41,1,3
BRDA:203,42,0,0
BRDA:203,42,1,0
BRDA:203,43,0,0
BRDA:203,43,1,0
BRDA:223,44,0,0
BRDA:223,44,1,0
BRDA:231,45,0,1
BRDA:231,45,1,2
BRDA:248,46,0,3
BRDA:248,46,1,2
BRDA:248,47,0,4
BRDA:248,47,1,3
BRDA:248,47,2,3
BRDA:252,48,0,2
BRDA:252,48,1,0
BRDA:257,49,0,0
BRDA:257,49,1,0
BRDA:257,50,0,0
BRDA:257,50,1,0
BRDA:257,50,2,2
BRDA:266,51,0,0
BRDA:266,51,1,0
BRDA:277,52,0,1
BRDA:277,52,1,1
BRDA:277,53,0,2
BRDA:277,53,1,1
BRDA:277,53,2,1
BRDA:281,54,0,0
BRDA:281,54,1,1
BRDA:285,55,0,0
BRDA:285,55,1,0
BRDA:286,56,0,0
BRDA:286,56,1,0
BRDA:287,57,0,0
BRDA:287,57,1,0
BRDA:293,58,0,0
BRDA:293,58,1,0
BRDA:301,59,0,1
BRDA:301,59,1,2
BRDA:301,60,0,1
BRDA:301,60,1,2
BRDA:316,61,0,0
BRDA:316,61,1,0
BRDA:318,62,0,0
BRDA:318,62,1,3
BRDA:320,63,0,0
BRDA:320,63,1,0
BRDA:320,64,0,0
BRDA:320,64,1,0
BRDA:321,65,0,0
BRDA:321,65,1,0
BRDA:321,66,0,0
BRDA:321,66,1,0
BRDA:324,67,0,0
BRDA:324,67,1,0
BRDA:326,68,0,0
BRDA:326,68,1,0
BRDA:326,69,0,0
BRDA:326,69,1,3
BRDA:355,70,0,1
BRDA:355,70,1,0
BRDA:355,71,0,1
BRDA:355,71,1,1
BRDA:356,72,0,1
BRDA:356,72,1,0
BRDA:356,73,0,1
BRDA:356,73,1,3
BRDA:370,74,0,0
BRDA:370,74,1,0
BRDA:372,75,0,0
BRDA:372,75,1,1
BRDA:374,76,0,0
BRDA:374,76,1,0
BRDA:375,77,0,0
BRDA:375,77,1,0
BRDA:375,78,0,0
BRDA:375,78,1,0
BRDA:376,79,0,0
BRDA:376,79,1,0
BRDA:377,80,0,0
BRDA:377,80,1,0
BRDA:382,81,0,0
BRDA:382,81,1,0
BRDA:390,82,0,0
BRDA:390,82,1,1
BRDA:391,83,0,1
BRDA:391,83,1,1
BRDA:391,84,0,1
BRDA:391,84,1,1
BRDA:392,85,0,1
BRDA:392,85,1,1
BRDA:404,86,0,0
BRDA:404,86,1,0
BRDA:406,87,0,0
BRDA:406,87,1,1
BRDA:408,88,0,0
BRDA:408,88,1,0
BRDA:423,89,0,2
BRDA:423,89,1,0
BRDA:425,90,0,8
BRDA:425,90,1,8
BRDA:439,91,0,11
BRDA:439,91,1,11
BRDA:440,92,0,11
BRDA:440,92,1,11
BRDA:440,93,0,3
BRDA:440,93,1,3
BRDA:440,93,2,11
BRDA:443,94,0,11
BRDA:443,94,1,11
BRDA:449,95,0,7
BRDA:449,95,1,0
BRDA:450,96,0,3
BRDA:450,96,1,0
BRDA:451,97,0,6
BRDA:451,97,1,0
BRDA:452,98,0,6
BRDA:452,98,1,0
BRDA:461,99,0,8
BRDA:461,99,1,1
BRDA:461,100,0,7
BRDA:461,100,1,11
BRDA:512,101,0,3
BRDA:512,101,1,0
BRDA:515,102,0,1
BRDA:515,102,1,0
BRDA:520,103,0,0
BRDA:520,103,1,3
BRDA:522,104,0,0
BRDA:522,104,1,3
BRDA:527,105,0,0
BRDA:527,105,1,0
BRDA:527,106,0,0
BRDA:527,106,1,0
BRDA:532,107,0,0
BRDA:532,107,1,0
BRDA:532,108,0,0
BRDA:532,108,1,0
BRDA:532,108,2,0
BRDA:534,109,0,0
BRDA:534,109,1,0
BRDA:538,110,0,0
BRDA:538,110,1,0
BRDA:547,111,0,1
BRDA:547,111,1,2
BRDA:548,112,0,1
BRDA:548,112,1,2
BRDA:548,113,0,1
BRDA:548,113,1,1
BRDA:553,114,0,1
BRDA:553,114,1,0
BRDA:553,115,0,1
BRDA:553,115,1,1
BRF:239
BRH:121
end_of_record
TN:
SF:src/routes/smartboard.js
FN:24,(anonymous_0)
FN:52,(anonymous_1)
FN:85,(anonymous_2)
FNF:3
FNH:3
FNDA:1,(anonymous_0)
FNDA:4,(anonymous_1)
FNDA:1,(anonymous_2)
DA:1,7
DA:2,7
DA:3,7
DA:5,7
DA:6,7
DA:8,7
DA:24,7
DA:25,1
DA:27,1
DA:28,1
DA:34,1
DA:35,1
DA:36,0
DA:38,1
DA:41,0
DA:42,0
DA:45,0
DA:47,1
DA:48,1
DA:52,7
DA:53,4
DA:55,4
DA:56,4
DA:58,1
DA:59,0
DA:62,1
DA:66,4
DA:71,4
DA:72,4
DA:73,0
DA:75,0
DA:76,4
DA:78,0
DA:80,1
DA:81,1
DA:85,7
DA:86,1
DA:88,1
DA:89,1
DA:95,1
DA:96,1
DA:97,0
DA:99,1
DA:102,0
DA:103,0
DA:106,0
DA:108,0
DA:117,1
DA:118,1
DA:122,7
LF:50
LH:37
BRDA:34,0,0,1
BRDA:34,0,1,0
BRDA:35,1,0,0
BRDA:35,1,1,1
BRDA:41,2,0,0
BRDA:41,2,1,0
BRDA:56,3,0,3
BRDA:56,3,1,1
BRDA:58,4,0,0
BRDA:58,4,1,1
BRDA:62,5,0,0
BRDA:62,5,1,1
BRDA:73,6,0,0
BRDA:73,6,1,0
BRDA:76,7,0,0
BRDA:76,7,1,4
BRDA:95,8,0,1
BRDA:95,8,1,0
BRDA:96,9,0,0
BRDA:96,9,1,1
BRDA:102,10,0,0
BRDA:102,10,1,0
BRDA:102,11,0,0
BRDA:102,11,1,0
BRDA:109,12,0,0
BRDA:109,12,1,1
BRDA:110,13,0,1
BRDA:110,13,1,1
BRDA:111,14,0,1
BRDA:111,14,1,1
BRDA:112,15,0,1
BRDA:112,15,1,1
BRDA:113,16,0,1
BRDA:113,16,1,1
BRDA:114,17,0,1
BRDA:114,17,1,1
BRF:36
BRH:20
end_of_record
TN:
SF:src/routes/tts.js
FN:7,(anonymous_0)
FNF:1
FNH:1
FNDA:2,(anonymous_0)
DA:1,8
DA:3,8
DA:4,8
DA:5,8
DA:7,8
DA:8,2
DA:9,1
DA:12,1
DA:13,1
DA:14,1
DA:20,1
DA:21,1
DA:22,1
DA:23,1
DA:26,0
DA:27,0
DA:29,0
DA:30,0
DA:34,0
LF:19
LH:14
BRDA:8,0,0,1
BRDA:8,0,1,1
BRDA:20,1,0,1
BRDA:20,1,1,0
BRF:4
BRH:3
end_of_record
TN:
SF:src/routes/voice.js
FN:5,(anonymous_0)
FNF:1
FNH:1
FNDA:2,(anonymous_0)
DA:1,7
DA:3,7
DA:5,7
DA:6,2
DA:7,2
DA:9,2
DA:11,2
DA:12,1
DA:15,1
DA:23,1
DA:24,1
DA:25,0
DA:27,1
DA:28,1
DA:32,7
LF:15
LH:14
BRDA:11,0,0,1
BRDA:11,0,1,1
BRDA:11,1,0,2
BRDA:11,1,1,1
BRF:4
BRH:4
end_of_record
TN:
SF:src/services/avatarService.js
FN:9,downloadImage
FN:10,(anonymous_1)
FN:11,(anonymous_2)
FN:13,(anonymous_3)
FN:14,(anonymous_4)
FN:20,generateAvatar
FNF:6
FNH:0
FNDA:0,downloadImage
FNDA:0,(anonymous_1)
FNDA:0,(anonymous_2)
FNDA:0,(anonymous_3)
FNDA:0,(anonymous_4)
FNDA:0,generateAvatar
DA:1,1
DA:2,1
DA:3,1
DA:5,1
DA:10,0
DA:11,0
DA:12,0
DA:13,0
DA:14,0
DA:15,0
DA:21,0
DA:23,0
DA:39,0
DA:40,0
DA:41,0
DA:43,0
DA:51,0
DA:53,0
DA:57,0
DA:60,1
LF:20
LH:5
BRDA:51,0,0,0
BRDA:51,0,1,0
BRF:2
BRH:0
end_of_record
TN:
SF:src/services/deepseek.js
FN:1,(anonymous_0)
FN:1,(anonymous_1)
FN:5,fetchWithRetry
FN:14,(anonymous_3)
FN:19,buildPayload
FN:38,validateMessages
FN:50,chat
FN:62,chatStream
FNF:8
FNH:7
FNDA:3,(anonymous_0)
FNDA:6,(anonymous_1)
FNDA:1,fetchWithRetry
FNDA:6,(anonymous_3)
FNDA:6,buildPayload
FNDA:9,validateMessages
FNDA:1,chat
FNDA:0,chatStream
DA:1,6
DA:3,6
DA:6,3
DA:7,3
DA:8,3
DA:9,3
DA:10,3
DA:12,2
DA:13,2
DA:14,6
DA:20,4
DA:21,4
DA:22,4
DA:27,6
DA:34,1
DA:35,9
DA:39,7
DA:40,4
DA:42,4
DA:43,3
DA:44,3
DA:47,1
DA:51,1
DA:52,1
DA:63,0
DA:64,0
DA:72,0
DA:73,6
DA:76,6
LF:29
LH:26
BRDA:5,0,0,3
BRDA:9,1,0,0
BRDA:9,1,1,3
BRDA:12,2,0,2
BRDA:12,2,1,0
BRDA:19,3,0,4
BRDA:21,4,0,4
BRDA:21,4,1,0
BRDA:21,5,0,4
BRDA:21,5,1,4
BRDA:23,6,0,4
BRDA:23,6,1,4
BRDA:28,7,0,6
BRDA:28,7,1,6
BRDA:30,8,0,5
BRDA:30,8,1,6
BRDA:31,9,0,1
BRDA:31,9,1,1
BRDA:34,10,0,6
BRDA:34,10,1,-5
BRDA:39,11,0,4
BRDA:39,11,1,3
BRDA:39,12,0,7
BRDA:39,12,1,9
BRDA:39,12,2,4
BRDA:43,13,0,3
BRDA:43,13,1,0
BRDA:43,14,0,3
BRDA:43,14,1,3
BRDA:72,15,0,0
BRDA:72,15,1,0
BRF:31
BRH:24
end_of_record
TN:
SF:src/services/ialabPrompts.js
FN:33,generateFallbackResult
FNF:1
FNH:1
FNDA:2,generateFallbackResult
DA:1,8
DA:34,2
DA:48,8
LF:3
LH:3
BRF:0
BRH:0
end_of_record
TN:
SF:src/utils/sanitize.js
FN:1,sanitizeString
FN:8,sanitizeBody
FNF:2
FNH:2
FNDA:66,sanitizeString
FNDA:187,sanitizeBody
DA:2,66
DA:3,63
DA:9,187
DA:10,133
DA:11,122
DA:12,90
DA:13,90
DA:14,97
DA:16,90
DA:18,32
DA:21,8
LF:11
LH:11
BRDA:2,0,0,3
BRDA:2,0,1,63
BRDA:9,1,0,54
BRDA:9,1,1,133
BRDA:10,2,0,11
BRDA:10,2,1,122
BRDA:11,3,0,90
BRDA:11,3,1,32
BRDA:11,4,0,122
BRDA:11,4,1,121
BRF:10
BRH:10
end_of_record
