TN:
SF:src/app.js
FN:26,(anonymous_0)
FN:37,(anonymous_1)
FNF:2
FNH:2
FNDA:61,(anonymous_0)
FNDA:61,(anonymous_1)
DA:1,8
DA:2,8
DA:3,8
DA:4,8
DA:5,8
DA:6,8
DA:7,8
DA:8,8
DA:9,8
DA:10,8
DA:11,8
DA:12,8
DA:13,8
DA:14,8
DA:15,8
DA:16,8
DA:17,8
DA:18,8
DA:20,8
DA:26,8
DA:27,61
DA:28,4
DA:29,2
DA:30,0
DA:33,8
DA:35,8
DA:36,8
DA:37,61
DA:43,8
DA:45,8
DA:50,8
DA:52,8
DA:53,8
DA:55,8
DA:56,8
DA:57,8
DA:58,8
DA:59,8
DA:60,8
DA:61,8
DA:62,8
DA:63,8
DA:65,8
DA:66,8
DA:67,8
DA:68,8
DA:69,8
DA:70,8
DA:71,8
DA:73,8
DA:74,8
DA:76,8
LF:52
LH:51
BRDA:27,0,0,57
BRDA:27,0,1,4
BRDA:28,1,0,2
BRDA:28,1,1,2
BRDA:29,2,0,2
BRDA:29,2,1,0
BRF:6
BRH:5
end_of_record
TN:
SF:src/controllers/ialab/progressController.js
FN:5,isSupabaseReady
FN:9,saveProgress
FN:57,(anonymous_2)
FN:59,(anonymous_3)
FN:97,(anonymous_4)
FN:99,(anonymous_5)
FN:122,getProgress
FN:141,(anonymous_7)
FN:147,(anonymous_8)
FN:153,(anonymous_9)
FNF:10
FNH:5
FNDA:12,isSupabaseReady
FNDA:11,saveProgress
FNDA:0,(anonymous_2)
FNDA:0,(anonymous_3)
FNDA:22,(anonymous_4)
FNDA:22,(anonymous_5)
FNDA:3,getProgress
FNDA:0,(anonymous_7)
FNDA:0,(anonymous_8)
FNDA:0,(anonymous_9)
DA:1,8
DA:3,8
DA:6,12
DA:10,11
DA:12,11
DA:13,1
DA:15,10
DA:16,1
DA:19,9
DA:20,9
DA:21,0
DA:29,0
DA:37,0
DA:38,0
DA:39,0
DA:41,0
DA:42,0
DA:43,0
DA:46,0
DA:47,0
DA:48,0
DA:51,0
DA:56,0
DA:57,0
DA:58,0
DA:59,0
DA:61,0
DA:62,0
DA:63,0
DA:64,0
DA:66,0
DA:67,0
DA:79,9
DA:89,11
DA:96,11
DA:97,22
DA:98,11
DA:99,22
DA:100,11
DA:102,11
DA:103,9
DA:105,9
DA:106,6
DA:108,9
DA:109,1
DA:112,9
DA:113,9
DA:115,9
DA:117,0
DA:118,0
DA:123,3
DA:124,3
DA:126,3
DA:127,3
DA:128,0
DA:133,0
DA:134,0
DA:141,0
DA:147,0
DA:149,0
DA:153,0
DA:160,3
DA:161,3
DA:162,1
DA:168,2
DA:170,0
DA:171,0
DA:175,8
LF:68
LH:35
BRDA:6,0,0,12
BRDA:6,0,1,0
BRDA:12,1,0,1
BRDA:12,1,1,10
BRDA:12,2,0,11
BRDA:12,2,1,10
BRDA:15,3,0,1
BRDA:15,3,1,9
BRDA:15,4,0,10
BRDA:15,4,1,10
BRDA:15,4,2,10
BRDA:15,4,3,10
BRDA:20,5,0,0
BRDA:20,5,1,9
BRDA:24,6,0,0
BRDA:24,6,1,0
BRDA:25,7,0,0
BRDA:25,7,1,0
BRDA:37,8,0,0
BRDA:37,8,1,0
BRDA:46,9,0,0
BRDA:46,9,1,0
BRDA:46,10,0,0
BRDA:46,10,1,0
BRDA:47,11,0,0
BRDA:47,11,1,0
BRDA:48,12,0,0
BRDA:48,12,1,0
BRDA:56,13,0,0
BRDA:56,13,1,0
BRDA:59,14,0,0
BRDA:59,14,1,0
BRDA:62,15,0,0
BRDA:62,15,1,0
BRDA:63,16,0,0
BRDA:63,16,1,0
BRDA:64,17,0,0
BRDA:64,17,1,0
BRDA:79,18,0,9
BRDA:79,18,1,3
BRDA:91,19,0,11
BRDA:91,19,1,11
BRDA:92,20,0,11
BRDA:92,20,1,11
BRDA:93,21,0,11
BRDA:93,21,1,9
BRDA:99,22,0,22
BRDA:99,22,1,11
BRDA:102,23,0,9
BRDA:102,23,1,2
BRDA:102,24,0,11
BRDA:102,24,1,9
BRDA:105,25,0,6
BRDA:105,25,1,3
BRDA:105,26,0,9
BRDA:105,26,1,6
BRDA:108,27,0,1
BRDA:108,27,1,8
BRDA:108,28,0,9
BRDA:108,28,1,1
BRDA:124,29,0,0
BRDA:124,29,1,3
BRDA:127,30,0,0
BRDA:127,30,1,3
BRDA:133,31,0,0
BRDA:133,31,1,0
BRDA:133,32,0,0
BRDA:133,32,1,0
BRDA:153,33,0,0
BRDA:153,33,1,0
BRDA:161,34,0,1
BRDA:161,34,1,2
BRF:72
BRH:38
end_of_record
TN:
SF:src/controllers/ialab/templatesController.js
FN:3,isSupabaseReady
FN:7,createTemplate
FN:45,getTemplates
FN:88,(anonymous_3)
FN:89,(anonymous_4)
FN:99,updateTemplate
FN:134,deleteTemplate
FNF:7
FNH:7
FNDA:6,isSupabaseReady
FNDA:2,createTemplate
FNDA:3,getTemplates
FNDA:2,(anonymous_3)
FNDA:2,(anonymous_4)
FNDA:1,updateTemplate
FNDA:1,deleteTemplate
DA:1,8
DA:4,6
DA:8,2
DA:9,2
DA:10,2
DA:11,1
DA:14,1
DA:15,0
DA:26,0
DA:27,0
DA:28,0
DA:31,1
DA:32,1
DA:37,2
DA:38,2
DA:40,0
DA:41,0
DA:46,3
DA:47,3
DA:48,3
DA:49,3
DA:51,3
DA:52,0
DA:53,0
DA:54,0
DA:56,0
DA:57,0
DA:59,0
DA:62,3
DA:87,3
DA:88,3
DA:89,3
DA:91,3
DA:92,3
DA:94,0
DA:95,0
DA:100,1
DA:101,1
DA:102,1
DA:103,1
DA:105,1
DA:106,0
DA:107,0
DA:108,0
DA:109,0
DA:110,0
DA:112,0
DA:115,0
DA:116,0
DA:119,1
DA:120,1
DA:129,0
DA:130,0
DA:135,1
DA:136,1
DA:137,1
DA:139,1
DA:140,0
DA:141,0
DA:142,0
DA:145,1
DA:146,1
DA:148,0
DA:149,0
DA:153,8
LF:65
LH:36
BRDA:4,0,0,6
BRDA:4,0,1,0
BRDA:10,1,0,1
BRDA:10,1,1,1
BRDA:10,2,0,2
BRDA:10,2,1,2
BRDA:10,2,2,1
BRDA:14,3,0,0
BRDA:14,3,1,1
BRDA:18,4,0,0
BRDA:18,4,1,0
BRDA:19,5,0,0
BRDA:19,5,1,0
BRDA:20,6,0,0
BRDA:20,6,1,0
BRDA:26,7,0,0
BRDA:26,7,1,0
BRDA:34,8,0,1
BRDA:34,8,1,1
BRDA:34,9,0,2
BRDA:34,9,1,1
BRDA:49,10,0,0
BRDA:49,10,1,3
BRDA:51,11,0,0
BRDA:51,11,1,3
BRDA:53,12,0,0
BRDA:53,12,1,0
BRDA:53,13,0,0
BRDA:53,13,1,0
BRDA:54,14,0,0
BRDA:54,14,1,0
BRDA:54,15,0,0
BRDA:54,15,1,0
BRDA:57,16,0,0
BRDA:57,16,1,0
BRDA:59,17,0,0
BRDA:59,17,1,0
BRDA:59,18,0,0
BRDA:59,18,1,0
BRDA:88,19,0,1
BRDA:88,19,1,2
BRDA:88,20,0,3
BRDA:88,20,1,1
BRDA:89,21,0,1
BRDA:89,21,1,2
BRDA:89,22,0,3
BRDA:89,22,1,1
BRDA:103,23,0,0
BRDA:103,23,1,1
BRDA:105,24,0,0
BRDA:105,24,1,1
BRDA:107,25,0,0
BRDA:107,25,1,0
BRDA:108,26,0,0
BRDA:108,26,1,0
BRDA:108,27,0,0
BRDA:108,27,1,0
BRDA:109,28,0,0
BRDA:109,28,1,0
BRDA:110,29,0,0
BRDA:110,29,1,0
BRDA:115,30,0,0
BRDA:115,30,1,0
BRDA:123,31,0,1
BRDA:123,31,1,0
BRDA:124,32,0,1
BRDA:124,32,1,1
BRDA:124,33,0,1
BRDA:124,33,1,1
BRDA:125,34,0,1
BRDA:125,34,1,1
BRDA:137,35,0,0
BRDA:137,35,1,1
BRDA:139,36,0,0
BRDA:139,36,1,1
BRDA:141,37,0,0
BRDA:141,37,1,0
BRF:77
BRH:32
end_of_record
TN:
SF:src/data/modules.js
FNF:0
FNH:0
DA:1,9
DA:3,9
DA:90,9
DA:98,9
LF:4
LH:4
BRF:0
BRH:0
end_of_record
TN:
SF:src/data/plans.js
FN:46,getPlanById
FN:47,(anonymous_1)
FN:50,getPublicPlans
FN:51,(anonymous_3)
FNF:4
FNH:4
FNDA:4,getPlanById
FNDA:9,(anonymous_1)
FNDA:4,getPublicPlans
FNDA:12,(anonymous_3)
DA:1,9
DA:47,9
DA:51,4
DA:52,12
DA:53,8
DA:57,9
LF:6
LH:6
BRDA:19,0,0,9
BRDA:19,0,1,9
BRDA:47,1,0,4
BRDA:47,1,1,1
BRDA:52,2,0,4
BRDA:52,2,1,8
BRF:6
BRH:6
end_of_record
TN:
SF:src/db/supabase.js
FNF:0
FNH:0
DA:1,10
DA:3,10
DA:4,10
DA:6,10
DA:7,0
DA:8,0
DA:11,10
DA:22,10
LF:8
LH:6
BRDA:6,0,0,0
BRDA:6,0,1,10
BRDA:6,1,0,10
BRDA:6,1,1,10
BRDA:12,2,0,10
BRDA:12,2,1,0
BRDA:13,3,0,10
BRDA:13,3,1,0
BRF:8
BRH:5
end_of_record
TN:
SF:src/docs/swagger.js
FNF:0
FNH:0
DA:1,8
DA:3,8
DA:35,8
LF:3
LH:3
BRF:0
BRH:0
end_of_record
TN:
SF:src/middleware/auth.js
FN:3,requireAuth
FNF:1
FNH:1
FNDA:12,requireAuth
DA:1,9
DA:4,12
DA:5,12
DA:6,11
DA:9,1
DA:11,1
DA:12,1
DA:16,0
DA:17,0
DA:18,0
DA:20,1
DA:24,9
LF:12
LH:9
BRDA:5,0,0,11
BRDA:5,0,1,1
BRDA:5,1,0,12
BRDA:5,1,1,2
BRF:4
BRH:4
end_of_record
TN:
SF:src/middleware/errorHandler.js
FN:1,errorHandler
FN:18,notFoundHandler
FNF:2
FNH:2
FNDA:5,errorHandler
FNDA:2,notFoundHandler
DA:2,5
DA:4,5
DA:5,1
DA:8,4
DA:9,1
DA:12,3
DA:19,2
DA:22,9
LF:8
LH:8
BRDA:4,0,0,1
BRDA:4,0,1,4
BRDA:8,1,0,1
BRDA:8,1,1,3
BRDA:12,2,0,3
BRDA:12,2,1,2
BRDA:14,3,0,5
BRDA:14,3,1,2
BRF:8
BRH:8
end_of_record
TN:
SF:src/middleware/rateLimiter.js
FNF:0
FNH:0
DA:1,9
DA:3,9
DA:11,9
DA:19,9
DA:27,9
LF:5
LH:5
BRF:0
BRH:0
end_of_record
TN:
SF:src/middleware/sanitize.js
FN:3,sanitizeMiddleware
FNF:1
FNH:1
FNDA:80,sanitizeMiddleware
DA:1,8
DA:4,80
DA:5,80
DA:6,80
DA:7,4
DA:10,80
DA:13,8
LF:7
LH:7
BRDA:4,0,0,80
BRDA:4,0,1,0
BRDA:5,1,0,80
BRDA:5,1,1,0
BRDA:7,2,0,4
BRDA:7,2,1,0
BRF:6
BRH:3
end_of_record
TN:
SF:src/routes/chat.js
FN:7,checkApiKey
FN:67,(anonymous_1)
FN:146,(anonymous_2)
FNF:3
FNH:3
FNDA:3,checkApiKey
FNDA:6,(anonymous_1)
FNDA:4,(anonymous_2)
DA:1,8
DA:2,8
DA:4,8
DA:5,8
DA:8,3
DA:9,0
DA:10,0
DA:12,3
DA:67,8
DA:68,6
DA:70,6
DA:71,6
DA:72,1
DA:78,6
DA:79,6
DA:80,2
DA:82,2
DA:83,2
DA:84,2
DA:86,2
DA:87,6
DA:89,2
DA:90,2
DA:92,0
DA:93,0
DA:146,8
DA:147,4
DA:149,4
DA:150,4
DA:151,1
DA:157,4
DA:158,4
DA:159,1
DA:161,1
DA:162,1
DA:164,1
DA:165,1
DA:166,1
DA:168,1
DA:169,1
DA:171,1
DA:172,1
DA:173,2
DA:174,2
DA:175,2
DA:177,2
DA:178,3
DA:179,2
DA:180,2
DA:181,1
DA:182,1
DA:183,1
DA:185,1
DA:186,1
DA:187,1
DA:188,2
DA:189,1
DA:196,0
DA:198,0
DA:200,0
DA:201,0
DA:205,8
LF:62
LH:54
BRDA:8,0,0,0
BRDA:8,0,1,3
BRDA:71,1,0,1
BRDA:71,1,1,5
BRDA:71,2,0,6
BRDA:71,2,1,2
BRDA:73,3,0,1
BRDA:73,3,1,0
BRDA:79,4,0,4
BRDA:79,4,1,2
BRDA:80,5,0,0
BRDA:80,5,1,2
BRDA:84,6,0,0
BRDA:84,6,1,2
BRDA:87,7,0,0
BRDA:87,7,1,6
BRDA:150,8,0,1
BRDA:150,8,1,3
BRDA:150,9,0,4
BRDA:150,9,1,2
BRDA:152,10,0,1
BRDA:152,10,1,1
BRDA:158,11,0,3
BRDA:158,11,1,1
BRDA:159,12,0,0
BRDA:159,12,1,1
BRDA:175,13,0,2
BRDA:175,13,1,2
BRDA:178,14,0,2
BRDA:178,14,1,1
BRDA:180,15,0,1
BRDA:180,15,1,1
BRDA:188,16,0,1
BRDA:188,16,1,1
BRF:34
BRH:28
end_of_record
TN:
SF:src/routes/health.js
FN:34,(anonymous_0)
FNF:1
FNH:1
FNDA:5,(anonymous_0)
DA:1,8
DA:2,8
DA:4,8
DA:34,8
DA:35,5
DA:44,8
LF:6
LH:6
BRF:0
BRH:0
end_of_record
TN:
SF:src/routes/ialab.js
FN:12,isSupabaseReady
FN:68,(anonymous_1)
FN:219,(anonymous_2)
FN:248,(anonymous_3)
FN:446,(anonymous_4)
FN:464,(anonymous_5)
FN:567,(anonymous_6)
FN:581,(anonymous_7)
FN:594,(anonymous_8)
FN:612,(anonymous_9)
FN:615,(anonymous_10)
FNF:11
FNH:9
FNDA:5,isSupabaseReady
FNDA:5,(anonymous_1)
FNDA:1,(anonymous_2)
FNDA:5,(anonymous_3)
FNDA:11,(anonymous_4)
FNDA:45,(anonymous_5)
FNDA:3,(anonymous_6)
FNDA:0,(anonymous_7)
FNDA:0,(anonymous_8)
FNDA:10,(anonymous_9)
FNDA:15,(anonymous_10)
DA:1,8
DA:2,8
DA:3,8
DA:4,8
DA:5,8
DA:6,8
DA:7,8
DA:9,8
DA:10,8
DA:13,5
DA:68,8
DA:69,5
DA:71,5
DA:72,2
DA:74,3
DA:75,1
DA:77,2
DA:78,0
DA:81,2
DA:82,2
DA:84,2
DA:85,2
DA:96,2
DA:98,2
DA:99,5
DA:102,2
DA:103,2
DA:104,2
DA:105,0
DA:107,2
DA:108,2
DA:109,2
DA:110,2
DA:112,0
DA:113,0
DA:116,2
DA:117,2
DA:119,0
DA:120,0
DA:163,8
DA:192,8
DA:219,8
DA:220,1
DA:248,8
DA:249,5
DA:250,5
DA:251,5
DA:252,3
DA:255,2
DA:256,2
DA:257,2
DA:260,2
DA:261,0
DA:264,0
DA:268,2
DA:269,2
DA:270,2
DA:304,8
DA:327,8
DA:365,8
DA:390,8
DA:446,8
DA:447,11
DA:448,11
DA:449,11
DA:451,9
DA:452,9
DA:453,9
DA:454,9
DA:456,9
DA:464,45
DA:466,11
DA:467,11
DA:468,9
DA:469,9
DA:470,9
DA:472,9
DA:473,9
DA:489,0
DA:490,0
DA:494,8
DA:496,8
DA:567,8
DA:568,3
DA:569,3
DA:571,3
DA:573,3
DA:574,3
DA:575,3
DA:576,3
DA:577,1
DA:578,1
DA:580,3
DA:581,3
DA:583,3
DA:584,0
DA:588,0
DA:589,0
DA:591,0
DA:593,0
DA:594,0
DA:604,0
DA:608,3
DA:609,3
DA:610,1
DA:612,10
DA:614,3
DA:615,15
DA:619,3
DA:620,3
DA:622,0
DA:623,0
DA:627,8
LF:113
LH:94
BRDA:13,0,0,5
BRDA:13,0,1,5
BRDA:69,1,0,5
BRDA:71,2,0,2
BRDA:71,2,1,3
BRDA:71,3,0,5
BRDA:71,3,1,3
BRDA:71,3,2,3
BRDA:74,4,0,1
BRDA:74,4,1,2
BRDA:77,5,0,0
BRDA:77,5,1,2
BRDA:91,6,0,2
BRDA:91,6,1,5
BRDA:92,7,0,5
BRDA:92,7,1,5
BRDA:96,8,0,0
BRDA:96,8,1,2
BRDA:99,9,0,0
BRDA:99,9,1,5
BRDA:104,10,0,0
BRDA:104,10,1,2
BRDA:104,11,0,2
BRDA:104,11,1,2
BRDA:251,12,0,3
BRDA:251,12,1,2
BRDA:251,13,0,5
BRDA:251,13,1,4
BRDA:251,13,2,3
BRDA:255,14,0,2
BRDA:255,14,1,0
BRDA:260,15,0,0
BRDA:260,15,1,2
BRDA:260,16,0,2
BRDA:260,16,1,0
BRDA:260,16,2,0
BRDA:269,17,0,0
BRDA:269,17,1,2
BRDA:449,18,0,2
BRDA:449,18,1,9
BRDA:457,19,0,11
BRDA:457,19,1,11
BRDA:458,20,0,11
BRDA:458,20,1,11
BRDA:458,21,0,11
BRDA:458,21,1,11
BRDA:458,21,2,3
BRDA:461,22,0,11
BRDA:461,22,1,11
BRDA:467,23,0,7
BRDA:467,23,1,4
BRDA:468,24,0,3
BRDA:468,24,1,6
BRDA:469,25,0,6
BRDA:469,25,1,3
BRDA:470,26,0,6
BRDA:470,26,1,3
BRDA:479,27,0,1
BRDA:479,27,1,8
BRDA:479,28,0,8
BRDA:479,28,1,7
BRDA:573,29,0,3
BRDA:573,29,1,0
BRDA:576,30,0,1
BRDA:576,30,1,2
BRDA:581,31,0,3
BRDA:581,31,1,0
BRDA:583,32,0,0
BRDA:583,32,1,3
BRDA:588,33,0,0
BRDA:588,33,1,0
BRDA:588,34,0,0
BRDA:588,34,1,0
BRDA:593,35,0,0
BRDA:593,35,1,0
BRDA:593,36,0,0
BRDA:593,36,1,0
BRDA:593,36,2,0
BRDA:595,37,0,0
BRDA:595,37,1,0
BRDA:599,38,0,0
BRDA:599,38,1,0
BRDA:608,39,0,3
BRDA:608,39,1,0
BRDA:609,40,0,1
BRDA:609,40,1,2
BRDA:609,41,0,1
BRDA:609,41,1,1
BRDA:614,42,0,1
BRDA:614,42,1,2
BRDA:614,43,0,3
BRDA:614,43,1,1
BRF:92
BRH:66
end_of_record
TN:
SF:src/routes/smartboard.js
FN:47,(anonymous_0)
FN:117,(anonymous_1)
FN:193,(anonymous_2)
FNF:3
FNH:3
FNDA:1,(anonymous_0)
FNDA:4,(anonymous_1)
FNDA:1,(anonymous_2)
DA:1,8
DA:2,8
DA:3,8
DA:5,8
DA:6,8
DA:8,8
DA:47,8
DA:48,1
DA:50,1
DA:51,1
DA:57,1
DA:58,1
DA:59,0
DA:61,1
DA:64,0
DA:65,0
DA:68,0
DA:70,1
DA:71,1
DA:117,8
DA:118,4
DA:120,4
DA:121,4
DA:123,1
DA:124,0
DA:127,1
DA:131,4
DA:136,4
DA:137,4
DA:138,0
DA:140,0
DA:141,4
DA:143,0
DA:145,1
DA:146,1
DA:193,8
DA:194,1
DA:196,1
DA:197,1
DA:203,1
DA:204,1
DA:205,0
DA:207,1
DA:210,0
DA:211,0
DA:214,0
DA:216,0
DA:225,1
DA:226,1
DA:230,8
LF:50
LH:37
BRDA:57,0,0,1
BRDA:57,0,1,0
BRDA:58,1,0,0
BRDA:58,1,1,1
BRDA:64,2,0,0
BRDA:64,2,1,0
BRDA:121,3,0,3
BRDA:121,3,1,1
BRDA:123,4,0,0
BRDA:123,4,1,1
BRDA:127,5,0,0
BRDA:127,5,1,1
BRDA:138,6,0,0
BRDA:138,6,1,0
BRDA:141,7,0,0
BRDA:141,7,1,4
BRDA:203,8,0,1
BRDA:203,8,1,0
BRDA:204,9,0,0
BRDA:204,9,1,1
BRDA:210,10,0,0
BRDA:210,10,1,0
BRDA:210,11,0,0
BRDA:210,11,1,0
BRDA:217,12,0,0
BRDA:217,12,1,1
BRDA:218,13,0,1
BRDA:218,13,1,1
BRDA:219,14,0,1
BRDA:219,14,1,1
BRDA:220,15,0,1
BRDA:220,15,1,1
BRDA:221,16,0,1
BRDA:221,16,1,1
BRDA:222,17,0,1
BRDA:222,17,1,1
BRF:36
BRH:20
end_of_record
TN:
SF:src/routes/stripe.js
FN:38,(anonymous_0)
FN:75,(anonymous_1)
FN:120,webhookHandler
FN:121,(anonymous_3)
FNF:4
FNH:3
FNDA:3,(anonymous_0)
FNDA:0,(anonymous_1)
FNDA:1,webhookHandler
FNDA:1,(anonymous_3)
DA:1,8
DA:2,8
DA:3,8
DA:4,8
DA:6,8
DA:38,8
DA:39,3
DA:75,8
DA:76,0
DA:77,0
DA:79,0
DA:80,0
DA:83,0
DA:91,0
DA:92,0
DA:95,0
DA:97,0
DA:98,0
DA:121,1
DA:122,1
DA:123,0
DA:126,1
DA:127,1
DA:128,1
DA:131,0
DA:134,0
DA:135,0
DA:141,0
DA:142,0
DA:143,0
DA:146,0
DA:147,0
DA:148,0
DA:149,0
DA:152,0
DA:155,0
DA:158,8
DA:159,8
LF:38
LH:15
BRDA:79,0,0,0
BRDA:79,0,1,0
BRDA:91,1,0,0
BRDA:91,1,1,0
BRDA:122,2,0,1
BRDA:122,2,1,0
BRDA:126,3,0,1
BRDA:126,3,1,0
BRDA:148,4,0,0
BRDA:148,4,1,0
BRF:10
BRH:2
end_of_record
TN:
SF:src/routes/tts.js
FN:56,(anonymous_0)
FNF:1
FNH:1
FNDA:2,(anonymous_0)
DA:1,9
DA:3,9
DA:4,9
DA:5,9
DA:56,9
DA:57,2
DA:58,1
DA:61,1
DA:62,1
DA:63,1
DA:69,1
DA:70,1
DA:71,1
DA:72,1
DA:75,0
DA:76,0
DA:78,0
DA:79,0
DA:83,0
LF:19
LH:14
BRDA:57,0,0,1
BRDA:57,0,1,1
BRDA:69,1,0,1
BRDA:69,1,1,0
BRF:4
BRH:3
end_of_record
TN:
SF:src/routes/voice.js
FN:26,(anonymous_0)
FNF:1
FNH:1
FNDA:2,(anonymous_0)
DA:1,8
DA:3,8
DA:26,8
DA:27,2
DA:28,2
DA:30,2
DA:32,2
DA:33,1
DA:36,1
DA:44,1
DA:45,1
DA:46,0
DA:48,1
DA:49,1
DA:53,8
LF:15
LH:14
BRDA:32,0,0,1
BRDA:32,0,1,1
BRDA:32,1,0,2
BRDA:32,1,1,1
BRF:4
BRH:4
end_of_record
TN:
SF:src/services/avatarService.js
FN:9,downloadImage
FN:10,(anonymous_1)
FN:11,(anonymous_2)
FN:13,(anonymous_3)
FN:14,(anonymous_4)
FN:20,generateAvatar
FNF:6
FNH:0
FNDA:0,downloadImage
FNDA:0,(anonymous_1)
FNDA:0,(anonymous_2)
FNDA:0,(anonymous_3)
FNDA:0,(anonymous_4)
FNDA:0,generateAvatar
DA:1,1
DA:2,1
DA:3,1
DA:5,1
DA:10,0
DA:11,0
DA:12,0
DA:13,0
DA:14,0
DA:15,0
DA:21,0
DA:23,0
DA:39,0
DA:40,0
DA:41,0
DA:43,0
DA:51,0
DA:53,0
DA:57,0
DA:60,1
LF:20
LH:5
BRDA:51,0,0,0
BRDA:51,0,1,0
BRF:2
BRH:0
end_of_record
TN:
SF:src/services/deepseek.js
FN:1,(anonymous_0)
FN:1,(anonymous_1)
FN:5,fetchWithRetry
FN:14,(anonymous_3)
FN:19,buildPayload
FN:38,validateMessages
FN:50,chat
FN:62,chatStream
FNF:8
FNH:7
FNDA:3,(anonymous_0)
FNDA:7,(anonymous_1)
FNDA:1,fetchWithRetry
FNDA:6,(anonymous_3)
FNDA:6,buildPayload
FNDA:9,validateMessages
FNDA:1,chat
FNDA:0,chatStream
DA:1,7
DA:3,7
DA:6,3
DA:7,3
DA:8,3
DA:9,3
DA:10,3
DA:12,2
DA:13,2
DA:14,6
DA:20,4
DA:21,4
DA:22,4
DA:27,6
DA:34,1
DA:35,9
DA:39,7
DA:40,4
DA:42,4
DA:43,3
DA:44,3
DA:47,1
DA:51,1
DA:52,1
DA:63,0
DA:64,0
DA:72,0
DA:73,7
DA:76,7
LF:29
LH:26
BRDA:5,0,0,3
BRDA:9,1,0,0
BRDA:9,1,1,3
BRDA:12,2,0,2
BRDA:12,2,1,0
BRDA:19,3,0,4
BRDA:21,4,0,4
BRDA:21,4,1,0
BRDA:21,5,0,4
BRDA:21,5,1,4
BRDA:23,6,0,4
BRDA:23,6,1,4
BRDA:28,7,0,6
BRDA:28,7,1,6
BRDA:30,8,0,5
BRDA:30,8,1,6
BRDA:31,9,0,1
BRDA:31,9,1,1
BRDA:34,10,0,6
BRDA:34,10,1,-5
BRDA:39,11,0,4
BRDA:39,11,1,3
BRDA:39,12,0,7
BRDA:39,12,1,9
BRDA:39,12,2,4
BRDA:43,13,0,3
BRDA:43,13,1,0
BRDA:43,14,0,3
BRDA:43,14,1,3
BRDA:72,15,0,0
BRDA:72,15,1,0
BRF:31
BRH:24
end_of_record
TN:
SF:src/services/ialabPrompts.js
FN:33,generateFallbackResult
FNF:1
FNH:1
FNDA:2,generateFallbackResult
DA:1,9
DA:34,2
DA:48,9
LF:3
LH:3
BRF:0
BRH:0
end_of_record
TN:
SF:src/services/stripe.js
FN:3,getStripe
FN:8,updateClerkUserMetadata
FN:19,createCheckoutSession
FN:67,handleWebhookEvent
FNF:4
FNH:0
FNDA:0,getStripe
FNDA:0,updateClerkUserMetadata
FNDA:0,createCheckoutSession
FNDA:0,handleWebhookEvent
DA:1,8
DA:4,0
DA:5,0
DA:9,0
DA:10,0
DA:11,0
DA:12,0
DA:13,0
DA:15,0
DA:20,0
DA:21,0
DA:22,0
DA:25,0
DA:26,0
DA:27,0
DA:30,0
DA:31,0
DA:34,0
DA:35,0
DA:60,0
DA:62,0
DA:63,0
DA:68,0
DA:70,0
DA:71,0
DA:72,0
DA:73,0
DA:75,0
DA:76,0
DA:77,0
DA:80,0
DA:86,0
DA:91,0
DA:92,0
DA:93,0
DA:94,0
DA:96,0
DA:97,0
DA:103,0
DA:107,0
DA:111,8
LF:41
LH:2
BRDA:4,0,0,0
BRDA:4,0,1,0
BRDA:9,1,0,0
BRDA:9,1,1,0
BRDA:21,2,0,0
BRDA:21,2,1,0
BRDA:26,3,0,0
BRDA:26,3,1,0
BRDA:30,4,0,0
BRDA:30,4,1,0
BRDA:30,5,0,0
BRDA:30,5,1,0
BRDA:50,6,0,0
BRDA:50,6,1,0
BRDA:50,7,0,0
BRDA:50,7,1,0
BRDA:51,8,0,0
BRDA:51,8,1,0
BRDA:51,9,0,0
BRDA:51,9,1,0
BRDA:68,10,0,0
BRDA:68,10,1,0
BRDA:68,10,2,0
BRDA:68,10,3,0
BRDA:75,11,0,0
BRDA:75,11,1,0
BRDA:75,12,0,0
BRDA:75,12,1,0
BRDA:96,13,0,0
BRDA:96,13,1,0
BRDA:98,14,0,0
BRDA:98,14,1,0
BRF:32
BRH:0
end_of_record
TN:
SF:src/utils/sanitize.js
FN:1,sanitizeString
FN:8,sanitizeBody
FNF:2
FNH:2
FNDA:67,sanitizeString
FNDA:192,sanitizeBody
DA:2,67
DA:3,64
DA:9,192
DA:10,137
DA:11,126
DA:12,94
DA:13,94
DA:14,98
DA:16,94
DA:18,32
DA:21,9
LF:11
LH:11
BRDA:2,0,0,3
BRDA:2,0,1,64
BRDA:9,1,0,55
BRDA:9,1,1,137
BRDA:10,2,0,11
BRDA:10,2,1,126
BRDA:11,3,0,94
BRDA:11,3,1,32
BRDA:11,4,0,126
BRDA:11,4,1,125
BRF:10
BRH:10
end_of_record
