{"total": {"lines":{"total":280,"covered":200,"skipped":0,"pct":71.42},"statements":{"total":320,"covered":228,"skipped":0,"pct":71.25},"functions":{"total":57,"covered":43,"skipped":0,"pct":75.43},"branches":{"total":343,"covered":240,"skipped":0,"pct":69.97},"branchesTrue":{"total":0,"covered":0,"skipped":0,"pct":"Unknown"}}
,"/Users/home/Desktop/edutechlife/edutechlife-frontend/src/services/achievementService.js": {"lines":{"total":41,"covered":39,"skipped":0,"pct":95.12},"functions":{"total":19,"covered":19,"skipped":0,"pct":100},"statements":{"total":50,"covered":48,"skipped":0,"pct":96},"branches":{"total":41,"covered":38,"skipped":0,"pct":92.68}}
,"/Users/home/Desktop/edutechlife/edutechlife-frontend/src/services/multiplayerService.js": {"lines":{"total":69,"covered":67,"skipped":0,"pct":97.1},"functions":{"total":15,"covered":14,"skipped":0,"pct":93.33},"statements":{"total":82,"covered":77,"skipped":0,"pct":93.9},"branches":{"total":121,"covered":106,"skipped":0,"pct":87.6}}
,"/Users/home/Desktop/edutechlife/edutechlife-frontend/src/services/predictionService.js": {"lines":{"total":85,"covered":85,"skipped":0,"pct":100},"functions":{"total":12,"covered":10,"skipped":0,"pct":83.33},"statements":{"total":96,"covered":94,"skipped":0,"pct":97.91},"branches":{"total":108,"covered":96,"skipped":0,"pct":88.88}}
,"/Users/home/Desktop/edutechlife/edutechlife-frontend/src/services/smartboardSync.js": {"lines":{"total":85,"covered":9,"skipped":0,"pct":10.58},"functions":{"total":11,"covered":0,"skipped":0,"pct":0},"statements":{"total":92,"covered":9,"skipped":0,"pct":9.78},"branches":{"total":73,"covered":0,"skipped":0,"pct":0}}
}
