{"total": {"lines":{"total":5493,"covered":3172,"skipped":0,"pct":57.74},"statements":{"total":6312,"covered":3573,"skipped":0,"pct":56.6},"functions":{"total":1498,"covered":849,"skipped":0,"pct":56.67},"branches":{"total":4309,"covered":1872,"skipped":0,"pct":43.44},"branchesTrue":{"total":0,"covered":0,"skipped":0,"pct":100}}
,"/Users/home/Desktop/edutechlife/edutechlife-frontend/src/components/Footer.jsx": {"lines":{"total":41,"covered":21,"skipped":0,"pct":51.21},"functions":{"total":15,"covered":5,"skipped":0,"pct":33.33},"statements":{"total":44,"covered":21,"skipped":0,"pct":47.72},"branches":{"total":30,"covered":11,"skipped":0,"pct":36.66}}
,"/Users/home/Desktop/edutechlife/edutechlife-frontend/src/components/GlassCard.jsx": {"lines":{"total":9,"covered":8,"skipped":0,"pct":88.88},"functions":{"total":1,"covered":1,"skipped":0,"pct":100},"statements":{"total":9,"covered":8,"skipped":0,"pct":88.88},"branches":{"total":12,"covered":9,"skipped":0,"pct":75}}
,"/Users/home/Desktop/edutechlife/edutechlife-frontend/src/components/LeadsManager.jsx": {"lines":{"total":49,"covered":2,"skipped":0,"pct":4.08},"functions":{"total":15,"covered":0,"skipped":0,"pct":0},"statements":{"total":53,"covered":2,"skipped":0,"pct":3.77},"branches":{"total":52,"covered":0,"skipped":0,"pct":0}}
,"/Users/home/Desktop/edutechlife/edutechlife-frontend/src/components/XPProgressBar.jsx": {"lines":{"total":47,"covered":46,"skipped":0,"pct":97.87},"functions":{"total":21,"covered":19,"skipped":0,"pct":90.47},"statements":{"total":58,"covered":56,"skipped":0,"pct":96.55},"branches":{"total":38,"covered":34,"skipped":0,"pct":89.47}}
,"/Users/home/Desktop/edutechlife/edutechlife-frontend/src/components/AdminDashboard/AdminDashboard.jsx": {"lines":{"total":46,"covered":1,"skipped":0,"pct":2.17},"functions":{"total":7,"covered":0,"skipped":0,"pct":0},"statements":{"total":53,"covered":1,"skipped":0,"pct":1.88},"branches":{"total":32,"covered":0,"skipped":0,"pct":0}}
,"/Users/home/Desktop/edutechlife/edutechlife-frontend/src/components/AdminDashboard/adminDataTransform.js": {"lines":{"total":21,"covered":21,"skipped":0,"pct":100},"functions":{"total":6,"covered":5,"skipped":0,"pct":83.33},"statements":{"total":25,"covered":24,"skipped":0,"pct":96},"branches":{"total":40,"covered":24,"skipped":0,"pct":60}}
,"/Users/home/Desktop/edutechlife/edutechlife-frontend/src/components/AdminDashboard/index.js": {"lines":{"total":0,"covered":0,"skipped":0,"pct":0},"functions":{"total":0,"covered":0,"skipped":0,"pct":0},"statements":{"total":0,"covered":0,"skipped":0,"pct":0},"branches":{"total":0,"covered":0,"skipped":0,"pct":0}}
,"/Users/home/Desktop/edutechlife/edutechlife-frontend/src/components/AdminDashboard/components/AdminHeader.jsx": {"lines":{"total":4,"covered":1,"skipped":0,"pct":25},"functions":{"total":3,"covered":0,"skipped":0,"pct":0},"statements":{"total":4,"covered":1,"skipped":0,"pct":25},"branches":{"total":10,"covered":0,"skipped":0,"pct":0}}
,"/Users/home/Desktop/edutechlife/edutechlife-frontend/src/components/AdminDashboard/components/AdminKPIs.jsx": {"lines":{"total":4,"covered":1,"skipped":0,"pct":25},"functions":{"total":2,"covered":0,"skipped":0,"pct":0},"statements":{"total":4,"covered":1,"skipped":0,"pct":25},"branches":{"total":4,"covered":0,"skipped":0,"pct":0}}
,"/Users/home/Desktop/edutechlife/edutechlife-frontend/src/components/AdminDashboard/components/AdminLeadsTable.jsx": {"lines":{"total":74,"covered":5,"skipped":0,"pct":6.75},"functions":{"total":26,"covered":0,"skipped":0,"pct":0},"statements":{"total":79,"covered":5,"skipped":0,"pct":6.32},"branches":{"total":43,"covered":0,"skipped":0,"pct":0}}
,"/Users/home/Desktop/edutechlife/edutechlife-frontend/src/components/DiagnosticoVAK/VakError.jsx": {"lines":{"total":3,"covered":3,"skipped":0,"pct":100},"functions":{"total":1,"covered":1,"skipped":0,"pct":100},"statements":{"total":3,"covered":3,"skipped":0,"pct":100},"branches":{"total":0,"covered":0,"skipped":0,"pct":100}}
,"/Users/home/Desktop/edutechlife/edutechlife-frontend/src/components/DiagnosticoVAK/VakSkeleton.jsx": {"lines":{"total":3,"covered":3,"skipped":0,"pct":100},"functions":{"total":2,"covered":2,"skipped":0,"pct":100},"statements":{"total":3,"covered":3,"skipped":0,"pct":100},"branches":{"total":0,"covered":0,"skipped":0,"pct":100}}
,"/Users/home/Desktop/edutechlife/edutechlife-frontend/src/components/DiagnosticoVAK/vakHelpers.js": {"lines":{"total":23,"covered":23,"skipped":0,"pct":100},"functions":{"total":6,"covered":6,"skipped":0,"pct":100},"statements":{"total":26,"covered":26,"skipped":0,"pct":100},"branches":{"total":8,"covered":8,"skipped":0,"pct":100}}
,"/Users/home/Desktop/edutechlife/edutechlife-frontend/src/components/DiagnosticoVAK/vakIcons.js": {"lines":{"total":1,"covered":1,"skipped":0,"pct":100},"functions":{"total":0,"covered":0,"skipped":0,"pct":100},"statements":{"total":1,"covered":1,"skipped":0,"pct":100},"branches":{"total":0,"covered":0,"skipped":0,"pct":100}}
,"/Users/home/Desktop/edutechlife/edutechlife-frontend/src/components/DiagnosticoVAK/vakStyles.js": {"lines":{"total":32,"covered":32,"skipped":0,"pct":100},"functions":{"total":7,"covered":7,"skipped":0,"pct":100},"statements":{"total":36,"covered":36,"skipped":0,"pct":100},"branches":{"total":33,"covered":31,"skipped":0,"pct":93.93}}
,"/Users/home/Desktop/edutechlife/edutechlife-frontend/src/components/DiagnosticoVAK/screens/DocumentPreviewScreen.jsx": {"lines":{"total":20,"covered":20,"skipped":0,"pct":100},"functions":{"total":5,"covered":5,"skipped":0,"pct":100},"statements":{"total":20,"covered":20,"skipped":0,"pct":100},"branches":{"total":79,"covered":34,"skipped":0,"pct":43.03}}
,"/Users/home/Desktop/edutechlife/edutechlife-frontend/src/components/DiagnosticoVAK/screens/HabeasDataModal.jsx": {"lines":{"total":4,"covered":4,"skipped":0,"pct":100},"functions":{"total":2,"covered":2,"skipped":0,"pct":100},"statements":{"total":4,"covered":4,"skipped":0,"pct":100},"branches":{"total":0,"covered":0,"skipped":0,"pct":100}}
,"/Users/home/Desktop/edutechlife/edutechlife-frontend/src/components/DiagnosticoVAK/screens/documentActions.jsx": {"lines":{"total":4,"covered":3,"skipped":0,"pct":75},"functions":{"total":2,"covered":1,"skipped":0,"pct":50},"statements":{"total":4,"covered":3,"skipped":0,"pct":75},"branches":{"total":2,"covered":1,"skipped":0,"pct":50}}
,"/Users/home/Desktop/edutechlife/edutechlife-frontend/src/components/DiagnosticoVAK/screens/documentStyles.js": {"lines":{"total":120,"covered":120,"skipped":0,"pct":100},"functions":{"total":20,"covered":20,"skipped":0,"pct":100},"statements":{"total":140,"covered":140,"skipped":0,"pct":100},"branches":{"total":0,"covered":0,"skipped":0,"pct":100}}
,"/Users/home/Desktop/edutechlife/edutechlife-frontend/src/components/DiagnosticoVAK/screens/documentSections/CareersSection.jsx": {"lines":{"total":4,"covered":4,"skipped":0,"pct":100},"functions":{"total":2,"covered":2,"skipped":0,"pct":100},"statements":{"total":4,"covered":4,"skipped":0,"pct":100},"branches":{"total":0,"covered":0,"skipped":0,"pct":100}}
,"/Users/home/Desktop/edutechlife/edutechlife-frontend/src/components/DiagnosticoVAK/screens/documentSections/CharacteristicsSection.jsx": {"lines":{"total":4,"covered":4,"skipped":0,"pct":100},"functions":{"total":2,"covered":2,"skipped":0,"pct":100},"statements":{"total":4,"covered":4,"skipped":0,"pct":100},"branches":{"total":0,"covered":0,"skipped":0,"pct":100}}
,"/Users/home/Desktop/edutechlife/edutechlife-frontend/src/components/DiagnosticoVAK/screens/documentSections/FooterSection.jsx": {"lines":{"total":3,"covered":3,"skipped":0,"pct":100},"functions":{"total":1,"covered":1,"skipped":0,"pct":100},"statements":{"total":3,"covered":3,"skipped":0,"pct":100},"branches":{"total":0,"covered":0,"skipped":0,"pct":100}}
,"/Users/home/Desktop/edutechlife/edutechlife-frontend/src/components/DiagnosticoVAK/screens/documentSections/GuardianSection.jsx": {"lines":{"total":3,"covered":3,"skipped":0,"pct":100},"functions":{"total":1,"covered":1,"skipped":0,"pct":100},"statements":{"total":3,"covered":3,"skipped":0,"pct":100},"branches":{"total":9,"covered":3,"skipped":0,"pct":33.33}}
,"/Users/home/Desktop/edutechlife/edutechlife-frontend/src/components/DiagnosticoVAK/screens/documentSections/HeaderSection.jsx": {"lines":{"total":3,"covered":3,"skipped":0,"pct":100},"functions":{"total":1,"covered":1,"skipped":0,"pct":100},"statements":{"total":3,"covered":3,"skipped":0,"pct":100},"branches":{"total":2,"covered":1,"skipped":0,"pct":50}}
,"/Users/home/Desktop/edutechlife/edutechlife-frontend/src/components/DiagnosticoVAK/screens/documentSections/ParentTipsSection.jsx": {"lines":{"total":4,"covered":4,"skipped":0,"pct":100},"functions":{"total":2,"covered":2,"skipped":0,"pct":100},"statements":{"total":4,"covered":4,"skipped":0,"pct":100},"branches":{"total":0,"covered":0,"skipped":0,"pct":100}}
,"/Users/home/Desktop/edutechlife/edutechlife-frontend/src/components/DiagnosticoVAK/screens/documentSections/QRSection.jsx": {"lines":{"total":4,"covered":4,"skipped":0,"pct":100},"functions":{"total":1,"covered":1,"skipped":0,"pct":100},"statements":{"total":5,"covered":4,"skipped":0,"pct":80},"branches":{"total":2,"covered":1,"skipped":0,"pct":50}}
,"/Users/home/Desktop/edutechlife/edutechlife-frontend/src/components/DiagnosticoVAK/screens/documentSections/ResultHeroSection.jsx": {"lines":{"total":4,"covered":4,"skipped":0,"pct":100},"functions":{"total":1,"covered":1,"skipped":0,"pct":100},"statements":{"total":4,"covered":4,"skipped":0,"pct":100},"branches":{"total":4,"covered":2,"skipped":0,"pct":50}}
,"/Users/home/Desktop/edutechlife/edutechlife-frontend/src/components/DiagnosticoVAK/screens/documentSections/StudentInfoSection.jsx": {"lines":{"total":3,"covered":3,"skipped":0,"pct":100},"functions":{"total":1,"covered":1,"skipped":0,"pct":100},"statements":{"total":3,"covered":3,"skipped":0,"pct":100},"branches":{"total":8,"covered":3,"skipped":0,"pct":37.5}}
,"/Users/home/Desktop/edutechlife/edutechlife-frontend/src/components/DiagnosticoVAK/screens/documentSections/ValentinaCommentarySection.jsx": {"lines":{"total":5,"covered":3,"skipped":0,"pct":60},"functions":{"total":2,"covered":1,"skipped":0,"pct":50},"statements":{"total":5,"covered":3,"skipped":0,"pct":60},"branches":{"total":0,"covered":0,"skipped":0,"pct":100}}
,"/Users/home/Desktop/edutechlife/edutechlife-frontend/src/components/IALab/A11yProvider.jsx": {"lines":{"total":25,"covered":18,"skipped":0,"pct":72},"functions":{"total":8,"covered":5,"skipped":0,"pct":62.5},"statements":{"total":28,"covered":20,"skipped":0,"pct":71.42},"branches":{"total":8,"covered":4,"skipped":0,"pct":50}}
,"/Users/home/Desktop/edutechlife/edutechlife-frontend/src/components/IALab/AchievementToast.jsx": {"lines":{"total":8,"covered":0,"skipped":0,"pct":0},"functions":{"total":3,"covered":0,"skipped":0,"pct":0},"statements":{"total":9,"covered":0,"skipped":0,"pct":0},"branches":{"total":6,"covered":0,"skipped":0,"pct":0}}
,"/Users/home/Desktop/edutechlife/edutechlife-frontend/src/components/IALab/BadgeCard.jsx": {"lines":{"total":13,"covered":10,"skipped":0,"pct":76.92},"functions":{"total":5,"covered":1,"skipped":0,"pct":20},"statements":{"total":14,"covered":10,"skipped":0,"pct":71.42},"branches":{"total":37,"covered":29,"skipped":0,"pct":78.37}}
,"/Users/home/Desktop/edutechlife/edutechlife-frontend/src/components/IALab/Breadcrumbs.jsx": {"lines":{"total":7,"covered":7,"skipped":0,"pct":100},"functions":{"total":2,"covered":2,"skipped":0,"pct":100},"statements":{"total":8,"covered":7,"skipped":0,"pct":87.5},"branches":{"total":21,"covered":13,"skipped":0,"pct":61.9}}
,"/Users/home/Desktop/edutechlife/edutechlife-frontend/src/components/IALab/CertificatePreview.jsx": {"lines":{"total":148,"covered":27,"skipped":0,"pct":18.24},"functions":{"total":5,"covered":3,"skipped":0,"pct":60},"statements":{"total":151,"covered":29,"skipped":0,"pct":19.2},"branches":{"total":15,"covered":13,"skipped":0,"pct":86.66}}
,"/Users/home/Desktop/edutechlife/edutechlife-frontend/src/components/IALab/CourseCard.jsx": {"lines":{"total":15,"covered":15,"skipped":0,"pct":100},"functions":{"total":5,"covered":5,"skipped":0,"pct":100},"statements":{"total":15,"covered":15,"skipped":0,"pct":100},"branches":{"total":31,"covered":23,"skipped":0,"pct":74.19}}
,"/Users/home/Desktop/edutechlife/edutechlife-frontend/src/components/IALab/DailyPlan.jsx": {"lines":{"total":85,"covered":0,"skipped":0,"pct":0},"functions":{"total":29,"covered":0,"skipped":0,"pct":0},"statements":{"total":106,"covered":0,"skipped":0,"pct":0},"branches":{"total":96,"covered":0,"skipped":0,"pct":0}}
,"/Users/home/Desktop/edutechlife/edutechlife-frontend/src/components/IALab/GlobalSearchBar.jsx": {"lines":{"total":106,"covered":68,"skipped":0,"pct":64.15},"functions":{"total":26,"covered":15,"skipped":0,"pct":57.69},"statements":{"total":127,"covered":80,"skipped":0,"pct":62.99},"branches":{"total":92,"covered":38,"skipped":0,"pct":41.3}}
,"/Users/home/Desktop/edutechlife/edutechlife-frontend/src/components/IALab/IALab.css": {"lines":{"total":0,"covered":0,"skipped":0,"pct":0},"functions":{"total":0,"covered":0,"skipped":0,"pct":0},"statements":{"total":0,"covered":0,"skipped":0,"pct":0},"branches":{"total":0,"covered":0,"skipped":0,"pct":0}}
,"/Users/home/Desktop/edutechlife/edutechlife-frontend/src/components/IALab/IALab.jsx": {"lines":{"total":119,"covered":82,"skipped":0,"pct":68.9},"functions":{"total":53,"covered":26,"skipped":0,"pct":49.05},"statements":{"total":149,"covered":96,"skipped":0,"pct":64.42},"branches":{"total":79,"covered":37,"skipped":0,"pct":46.83}}
,"/Users/home/Desktop/edutechlife/edutechlife-frontend/src/components/IALab/IALabAnimations.js": {"lines":{"total":3,"covered":1,"skipped":0,"pct":33.33},"functions":{"total":3,"covered":1,"skipped":0,"pct":33.33},"statements":{"total":3,"covered":1,"skipped":0,"pct":33.33},"branches":{"total":12,"covered":0,"skipped":0,"pct":0}}
,"/Users/home/Desktop/edutechlife/edutechlife-frontend/src/components/IALab/IALabDashboard.jsx": {"lines":{"total":11,"covered":11,"skipped":0,"pct":100},"functions":{"total":6,"covered":6,"skipped":0,"pct":100},"statements":{"total":15,"covered":15,"skipped":0,"pct":100},"branches":{"total":10,"covered":9,"skipped":0,"pct":90}}
,"/Users/home/Desktop/edutechlife/edutechlife-frontend/src/components/IALab/IALabHeader.jsx": {"lines":{"total":29,"covered":17,"skipped":0,"pct":58.62},"functions":{"total":9,"covered":3,"skipped":0,"pct":33.33},"statements":{"total":31,"covered":18,"skipped":0,"pct":58.06},"branches":{"total":32,"covered":10,"skipped":0,"pct":31.25}}
,"/Users/home/Desktop/edutechlife/edutechlife-frontend/src/components/IALab/IALabQuizModal.jsx": {"lines":{"total":0,"covered":0,"skipped":0,"pct":0},"functions":{"total":0,"covered":0,"skipped":0,"pct":0},"statements":{"total":0,"covered":0,"skipped":0,"pct":0},"branches":{"total":0,"covered":0,"skipped":0,"pct":0}}
,"/Users/home/Desktop/edutechlife/edutechlife-frontend/src/components/IALab/IALabTour.jsx": {"lines":{"total":118,"covered":0,"skipped":0,"pct":0},"functions":{"total":22,"covered":0,"skipped":0,"pct":0},"statements":{"total":135,"covered":0,"skipped":0,"pct":0},"branches":{"total":77,"covered":0,"skipped":0,"pct":0}}
,"/Users/home/Desktop/edutechlife/edutechlife-frontend/src/components/IALab/ModuleActions.jsx": {"lines":{"total":41,"covered":0,"skipped":0,"pct":0},"functions":{"total":11,"covered":0,"skipped":0,"pct":0},"statements":{"total":42,"covered":0,"skipped":0,"pct":0},"branches":{"total":59,"covered":0,"skipped":0,"pct":0}}
,"/Users/home/Desktop/edutechlife/edutechlife-frontend/src/components/IALab/ModuleOverviewCard.jsx": {"lines":{"total":165,"covered":0,"skipped":0,"pct":0},"functions":{"total":49,"covered":0,"skipped":0,"pct":0},"statements":{"total":196,"covered":0,"skipped":0,"pct":0},"branches":{"total":98,"covered":0,"skipped":0,"pct":0}}
,"/Users/home/Desktop/edutechlife/edutechlife-frontend/src/components/IALab/PDFThumbnail.jsx": {"lines":{"total":24,"covered":21,"skipped":0,"pct":87.5},"functions":{"total":7,"covered":5,"skipped":0,"pct":71.42},"statements":{"total":24,"covered":21,"skipped":0,"pct":87.5},"branches":{"total":15,"covered":10,"skipped":0,"pct":66.66}}
,"/Users/home/Desktop/edutechlife/edutechlife-frontend/src/components/IALab/SectionErrorBoundary.jsx": {"lines":{"total":15,"covered":5,"skipped":0,"pct":33.33},"functions":{"total":6,"covered":3,"skipped":0,"pct":50},"statements":{"total":17,"covered":5,"skipped":0,"pct":29.41},"branches":{"total":17,"covered":1,"skipped":0,"pct":5.88}}
,"/Users/home/Desktop/edutechlife/edutechlife-frontend/src/components/IALab/StreakBadge.jsx": {"lines":{"total":30,"covered":25,"skipped":0,"pct":83.33},"functions":{"total":10,"covered":7,"skipped":0,"pct":70},"statements":{"total":33,"covered":26,"skipped":0,"pct":78.78},"branches":{"total":76,"covered":57,"skipped":0,"pct":75}}
,"/Users/home/Desktop/edutechlife/edutechlife-frontend/src/components/IALab/ToolTutorAccordion.jsx": {"lines":{"total":26,"covered":8,"skipped":0,"pct":30.76},"functions":{"total":12,"covered":0,"skipped":0,"pct":0},"statements":{"total":35,"covered":8,"skipped":0,"pct":22.85},"branches":{"total":44,"covered":0,"skipped":0,"pct":0}}
,"/Users/home/Desktop/edutechlife/edutechlife-frontend/src/components/IALab/UserCoursesDashboard.jsx": {"lines":{"total":35,"covered":31,"skipped":0,"pct":88.57},"functions":{"total":17,"covered":15,"skipped":0,"pct":88.23},"statements":{"total":46,"covered":42,"skipped":0,"pct":91.3},"branches":{"total":35,"covered":27,"skipped":0,"pct":77.14}}
,"/Users/home/Desktop/edutechlife/edutechlife-frontend/src/components/IALab/VoiceReader.jsx": {"lines":{"total":12,"covered":6,"skipped":0,"pct":50},"functions":{"total":3,"covered":1,"skipped":0,"pct":33.33},"statements":{"total":13,"covered":6,"skipped":0,"pct":46.15},"branches":{"total":8,"covered":3,"skipped":0,"pct":37.5}}
,"/Users/home/Desktop/edutechlife/edutechlife-frontend/src/components/IALab/handleGlobalAction.js": {"lines":{"total":20,"covered":0,"skipped":0,"pct":0},"functions":{"total":1,"covered":0,"skipped":0,"pct":0},"statements":{"total":20,"covered":0,"skipped":0,"pct":0},"branches":{"total":11,"covered":0,"skipped":0,"pct":0}}
,"/Users/home/Desktop/edutechlife/edutechlife-frontend/src/components/IALab/IALabQuizModal/index.jsx": {"lines":{"total":124,"covered":56,"skipped":0,"pct":45.16},"functions":{"total":43,"covered":20,"skipped":0,"pct":46.51},"statements":{"total":147,"covered":71,"skipped":0,"pct":48.29},"branches":{"total":81,"covered":28,"skipped":0,"pct":34.56}}
,"/Users/home/Desktop/edutechlife/edutechlife-frontend/src/components/IALab/IALabQuizModal/components/NavigationBar.jsx": {"lines":{"total":2,"covered":2,"skipped":0,"pct":100},"functions":{"total":1,"covered":1,"skipped":0,"pct":100},"statements":{"total":2,"covered":2,"skipped":0,"pct":100},"branches":{"total":4,"covered":4,"skipped":0,"pct":100}}
,"/Users/home/Desktop/edutechlife/edutechlife-frontend/src/components/IALab/IALabQuizModal/components/QuestionProgressBar.jsx": {"lines":{"total":7,"covered":6,"skipped":0,"pct":85.71},"functions":{"total":3,"covered":2,"skipped":0,"pct":66.66},"statements":{"total":8,"covered":6,"skipped":0,"pct":75},"branches":{"total":12,"covered":6,"skipped":0,"pct":50}}
,"/Users/home/Desktop/edutechlife/edutechlife-frontend/src/components/IALab/IALabQuizModal/components/QuestionRenderer.jsx": {"lines":{"total":13,"covered":8,"skipped":0,"pct":61.53},"functions":{"total":5,"covered":3,"skipped":0,"pct":60},"statements":{"total":14,"covered":8,"skipped":0,"pct":57.14},"branches":{"total":20,"covered":9,"skipped":0,"pct":45}}
,"/Users/home/Desktop/edutechlife/edutechlife-frontend/src/components/IALab/IALabQuizModal/components/QuizResults.jsx": {"lines":{"total":28,"covered":0,"skipped":0,"pct":0},"functions":{"total":16,"covered":0,"skipped":0,"pct":0},"statements":{"total":39,"covered":0,"skipped":0,"pct":0},"branches":{"total":52,"covered":0,"skipped":0,"pct":0}}
,"/Users/home/Desktop/edutechlife/edutechlife-frontend/src/components/IALab/IALabQuizModal/components/QuizTimer.jsx": {"lines":{"total":3,"covered":3,"skipped":0,"pct":100},"functions":{"total":1,"covered":1,"skipped":0,"pct":100},"statements":{"total":3,"covered":3,"skipped":0,"pct":100},"branches":{"total":6,"covered":6,"skipped":0,"pct":100}}
,"/Users/home/Desktop/edutechlife/edutechlife-frontend/src/components/IALab/IALabQuizModal/components/SubmitConfirmDialog.jsx": {"lines":{"total":3,"covered":3,"skipped":0,"pct":100},"functions":{"total":2,"covered":2,"skipped":0,"pct":100},"statements":{"total":3,"covered":3,"skipped":0,"pct":100},"branches":{"total":2,"covered":2,"skipped":0,"pct":100}}
,"/Users/home/Desktop/edutechlife/edutechlife-frontend/src/components/IALab/IALabValerioPanel/ValerioChatInput.jsx": {"lines":{"total":5,"covered":4,"skipped":0,"pct":80},"functions":{"total":2,"covered":1,"skipped":0,"pct":50},"statements":{"total":5,"covered":4,"skipped":0,"pct":80},"branches":{"total":18,"covered":18,"skipped":0,"pct":100}}
,"/Users/home/Desktop/edutechlife/edutechlife-frontend/src/components/IALab/IALabValerioPanel/ValerioConversationArea.jsx": {"lines":{"total":22,"covered":20,"skipped":0,"pct":90.9},"functions":{"total":9,"covered":7,"skipped":0,"pct":77.77},"statements":{"total":22,"covered":20,"skipped":0,"pct":90.9},"branches":{"total":23,"covered":20,"skipped":0,"pct":86.95}}
,"/Users/home/Desktop/edutechlife/edutechlife-frontend/src/components/IALab/IALabValerioPanel/ValerioPanelHeader.jsx": {"lines":{"total":5,"covered":4,"skipped":0,"pct":80},"functions":{"total":2,"covered":1,"skipped":0,"pct":50},"statements":{"total":6,"covered":4,"skipped":0,"pct":66.66},"branches":{"total":18,"covered":12,"skipped":0,"pct":66.66}}
,"/Users/home/Desktop/edutechlife/edutechlife-frontend/src/components/IALab/IALabValerioPanel/ValerioQuickActions.jsx": {"lines":{"total":6,"covered":6,"skipped":0,"pct":100},"functions":{"total":3,"covered":3,"skipped":0,"pct":100},"statements":{"total":6,"covered":6,"skipped":0,"pct":100},"branches":{"total":0,"covered":0,"skipped":0,"pct":100}}
,"/Users/home/Desktop/edutechlife/edutechlife-frontend/src/components/IALab/constants/IALabConfig.js": {"lines":{"total":17,"covered":17,"skipped":0,"pct":100},"functions":{"total":0,"covered":0,"skipped":0,"pct":100},"statements":{"total":17,"covered":17,"skipped":0,"pct":100},"branches":{"total":0,"covered":0,"skipped":0,"pct":100}}
,"/Users/home/Desktop/edutechlife/edutechlife-frontend/src/components/IALab/constants/landingAnimations.js": {"lines":{"total":2,"covered":2,"skipped":0,"pct":100},"functions":{"total":0,"covered":0,"skipped":0,"pct":100},"statements":{"total":2,"covered":2,"skipped":0,"pct":100},"branches":{"total":0,"covered":0,"skipped":0,"pct":100}}
,"/Users/home/Desktop/edutechlife/edutechlife-frontend/src/components/IALab/constants/sidebarData.js": {"lines":{"total":10,"covered":10,"skipped":0,"pct":100},"functions":{"total":3,"covered":0,"skipped":0,"pct":0},"statements":{"total":13,"covered":10,"skipped":0,"pct":76.92},"branches":{"total":3,"covered":0,"skipped":0,"pct":0}}
,"/Users/home/Desktop/edutechlife/edutechlife-frontend/src/components/IALab/dashboard/DashboardActivityView.jsx": {"lines":{"total":23,"covered":3,"skipped":0,"pct":13.04},"functions":{"total":12,"covered":0,"skipped":0,"pct":0},"statements":{"total":28,"covered":3,"skipped":0,"pct":10.71},"branches":{"total":26,"covered":0,"skipped":0,"pct":0}}
,"/Users/home/Desktop/edutechlife/edutechlife-frontend/src/components/IALab/dashboard/DashboardBgPattern.jsx": {"lines":{"total":1,"covered":1,"skipped":0,"pct":100},"functions":{"total":1,"covered":1,"skipped":0,"pct":100},"statements":{"total":1,"covered":1,"skipped":0,"pct":100},"branches":{"total":0,"covered":0,"skipped":0,"pct":100}}
,"/Users/home/Desktop/edutechlife/edutechlife-frontend/src/components/IALab/dashboard/DashboardCompleted.jsx": {"lines":{"total":18,"covered":17,"skipped":0,"pct":94.44},"functions":{"total":11,"covered":10,"skipped":0,"pct":90.9},"statements":{"total":24,"covered":23,"skipped":0,"pct":95.83},"branches":{"total":17,"covered":12,"skipped":0,"pct":70.58}}
,"/Users/home/Desktop/edutechlife/edutechlife-frontend/src/components/IALab/dashboard/DashboardInProgress.jsx": {"lines":{"total":72,"covered":60,"skipped":0,"pct":83.33},"functions":{"total":31,"covered":26,"skipped":0,"pct":83.87},"statements":{"total":95,"covered":75,"skipped":0,"pct":78.94},"branches":{"total":59,"covered":38,"skipped":0,"pct":64.4}}
,"/Users/home/Desktop/edutechlife/edutechlife-frontend/src/components/IALab/dashboard/DashboardModuleList.jsx": {"lines":{"total":26,"covered":22,"skipped":0,"pct":84.61},"functions":{"total":13,"covered":10,"skipped":0,"pct":76.92},"statements":{"total":31,"covered":27,"skipped":0,"pct":87.09},"branches":{"total":12,"covered":10,"skipped":0,"pct":83.33}}
,"/Users/home/Desktop/edutechlife/edutechlife-frontend/src/components/IALab/dashboard/DashboardModuleRow.jsx": {"lines":{"total":4,"covered":4,"skipped":0,"pct":100},"functions":{"total":1,"covered":1,"skipped":0,"pct":100},"statements":{"total":4,"covered":4,"skipped":0,"pct":100},"branches":{"total":22,"covered":22,"skipped":0,"pct":100}}
,"/Users/home/Desktop/edutechlife/edutechlife-frontend/src/components/IALab/dashboard/DashboardTabs.jsx": {"lines":{"total":4,"covered":2,"skipped":0,"pct":50},"functions":{"total":3,"covered":1,"skipped":0,"pct":33.33},"statements":{"total":4,"covered":2,"skipped":0,"pct":50},"branches":{"total":4,"covered":2,"skipped":0,"pct":50}}
,"/Users/home/Desktop/edutechlife/edutechlife-frontend/src/components/IALab/dashboard/DashboardTopBar.jsx": {"lines":{"total":2,"covered":2,"skipped":0,"pct":100},"functions":{"total":1,"covered":1,"skipped":0,"pct":100},"statements":{"total":2,"covered":2,"skipped":0,"pct":100},"branches":{"total":6,"covered":3,"skipped":0,"pct":50}}
,"/Users/home/Desktop/edutechlife/edutechlife-frontend/src/components/IALab/data/landingPageData.js": {"lines":{"total":26,"covered":20,"skipped":0,"pct":76.92},"functions":{"total":12,"covered":0,"skipped":0,"pct":0},"statements":{"total":32,"covered":20,"skipped":0,"pct":62.5},"branches":{"total":13,"covered":0,"skipped":0,"pct":0}}
,"/Users/home/Desktop/edutechlife/edutechlife-frontend/src/components/IALab/shared/EmptyState.jsx": {"lines":{"total":2,"covered":2,"skipped":0,"pct":100},"functions":{"total":1,"covered":1,"skipped":0,"pct":100},"statements":{"total":2,"covered":2,"skipped":0,"pct":100},"branches":{"total":6,"covered":6,"skipped":0,"pct":100}}
,"/Users/home/Desktop/edutechlife/edutechlife-frontend/src/components/IALab/shared/LoadingSpinner.jsx": {"lines":{"total":7,"covered":7,"skipped":0,"pct":100},"functions":{"total":4,"covered":3,"skipped":0,"pct":75},"statements":{"total":9,"covered":8,"skipped":0,"pct":88.88},"branches":{"total":5,"covered":3,"skipped":0,"pct":60}}
,"/Users/home/Desktop/edutechlife/edutechlife-frontend/src/components/IALab/shared/MobileHeader.jsx": {"lines":{"total":7,"covered":5,"skipped":0,"pct":71.42},"functions":{"total":3,"covered":1,"skipped":0,"pct":33.33},"statements":{"total":7,"covered":5,"skipped":0,"pct":71.42},"branches":{"total":0,"covered":0,"skipped":0,"pct":100}}
,"/Users/home/Desktop/edutechlife/edutechlife-frontend/src/components/IALab/shared/ToastNotification.jsx": {"lines":{"total":10,"covered":10,"skipped":0,"pct":100},"functions":{"total":4,"covered":3,"skipped":0,"pct":75},"statements":{"total":14,"covered":13,"skipped":0,"pct":92.85},"branches":{"total":10,"covered":9,"skipped":0,"pct":90}}
,"/Users/home/Desktop/edutechlife/edutechlife-frontend/src/components/IALab/shared/TouchableIcon.jsx": {"lines":{"total":4,"covered":4,"skipped":0,"pct":100},"functions":{"total":1,"covered":1,"skipped":0,"pct":100},"statements":{"total":4,"covered":4,"skipped":0,"pct":100},"branches":{"total":2,"covered":2,"skipped":0,"pct":100}}
,"/Users/home/Desktop/edutechlife/edutechlife-frontend/src/components/Nico/nicoCache.js": {"lines":{"total":8,"covered":8,"skipped":0,"pct":100},"functions":{"total":1,"covered":1,"skipped":0,"pct":100},"statements":{"total":8,"covered":8,"skipped":0,"pct":100},"branches":{"total":2,"covered":2,"skipped":0,"pct":100}}
,"/Users/home/Desktop/edutechlife/edutechlife-frontend/src/components/Nico/nicoColors.js": {"lines":{"total":1,"covered":1,"skipped":0,"pct":100},"functions":{"total":0,"covered":0,"skipped":0,"pct":100},"statements":{"total":1,"covered":1,"skipped":0,"pct":100},"branches":{"total":0,"covered":0,"skipped":0,"pct":100}}
,"/Users/home/Desktop/edutechlife/edutechlife-frontend/src/components/Nico/nicoTextUtils.js": {"lines":{"total":54,"covered":53,"skipped":0,"pct":98.14},"functions":{"total":5,"covered":5,"skipped":0,"pct":100},"statements":{"total":56,"covered":55,"skipped":0,"pct":98.21},"branches":{"total":28,"covered":27,"skipped":0,"pct":96.42}}
,"/Users/home/Desktop/edutechlife/edutechlife-frontend/src/components/forum/ErrorBoundary.jsx": {"lines":{"total":13,"covered":4,"skipped":0,"pct":30.76},"functions":{"total":6,"covered":3,"skipped":0,"pct":50},"statements":{"total":13,"covered":4,"skipped":0,"pct":30.76},"branches":{"total":6,"covered":1,"skipped":0,"pct":16.66}}
,"/Users/home/Desktop/edutechlife/edutechlife-frontend/src/components/forum/forumDesignSystem.js": {"lines":{"total":7,"covered":7,"skipped":0,"pct":100},"functions":{"total":1,"covered":0,"skipped":0,"pct":0},"statements":{"total":8,"covered":7,"skipped":0,"pct":87.5},"branches":{"total":0,"covered":0,"skipped":0,"pct":100}}
,"/Users/home/Desktop/edutechlife/edutechlife-frontend/src/components/kids-dashboard/dani/ChartRenderer.jsx": {"lines":{"total":13,"covered":12,"skipped":0,"pct":92.3},"functions":{"total":4,"covered":3,"skipped":0,"pct":75},"statements":{"total":14,"covered":13,"skipped":0,"pct":92.85},"branches":{"total":18,"covered":15,"skipped":0,"pct":83.33}}
,"/Users/home/Desktop/edutechlife/edutechlife-frontend/src/components/kids-dashboard/dani/DaniAvatar.jsx": {"lines":{"total":3,"covered":3,"skipped":0,"pct":100},"functions":{"total":1,"covered":1,"skipped":0,"pct":100},"statements":{"total":3,"covered":3,"skipped":0,"pct":100},"branches":{"total":2,"covered":1,"skipped":0,"pct":50}}
,"/Users/home/Desktop/edutechlife/edutechlife-frontend/src/components/kids-dashboard/dani/MessageBubble.jsx": {"lines":{"total":5,"covered":5,"skipped":0,"pct":100},"functions":{"total":1,"covered":1,"skipped":0,"pct":100},"statements":{"total":5,"covered":5,"skipped":0,"pct":100},"branches":{"total":10,"covered":9,"skipped":0,"pct":90}}
,"/Users/home/Desktop/edutechlife/edutechlife-frontend/src/components/kids-dashboard/dani/QuickActions.jsx": {"lines":{"total":6,"covered":6,"skipped":0,"pct":100},"functions":{"total":3,"covered":3,"skipped":0,"pct":100},"statements":{"total":6,"covered":6,"skipped":0,"pct":100},"branches":{"total":2,"covered":1,"skipped":0,"pct":50}}
,"/Users/home/Desktop/edutechlife/edutechlife-frontend/src/components/kids-dashboard/dani/RecentTopics.jsx": {"lines":{"total":6,"covered":6,"skipped":0,"pct":100},"functions":{"total":3,"covered":3,"skipped":0,"pct":100},"statements":{"total":7,"covered":7,"skipped":0,"pct":100},"branches":{"total":8,"covered":7,"skipped":0,"pct":87.5}}
,"/Users/home/Desktop/edutechlife/edutechlife-frontend/src/components/kids-dashboard/dani/VideoEmbed.jsx": {"lines":{"total":11,"covered":11,"skipped":0,"pct":100},"functions":{"total":3,"covered":3,"skipped":0,"pct":100},"statements":{"total":13,"covered":13,"skipped":0,"pct":100},"branches":{"total":18,"covered":16,"skipped":0,"pct":88.88}}
,"/Users/home/Desktop/edutechlife/edutechlife-frontend/src/components/kids-dashboard/dani/chartColors.js": {"lines":{"total":1,"covered":1,"skipped":0,"pct":100},"functions":{"total":0,"covered":0,"skipped":0,"pct":100},"statements":{"total":1,"covered":1,"skipped":0,"pct":100},"branches":{"total":0,"covered":0,"skipped":0,"pct":100}}
,"/Users/home/Desktop/edutechlife/edutechlife-frontend/src/components/kids-dashboard/dani/chatUtils.js": {"lines":{"total":29,"covered":29,"skipped":0,"pct":100},"functions":{"total":3,"covered":3,"skipped":0,"pct":100},"statements":{"total":33,"covered":33,"skipped":0,"pct":100},"branches":{"total":20,"covered":20,"skipped":0,"pct":100}}
,"/Users/home/Desktop/edutechlife/edutechlife-frontend/src/components/ui/BrandBadge.jsx": {"lines":{"total":8,"covered":8,"skipped":0,"pct":100},"functions":{"total":1,"covered":1,"skipped":0,"pct":100},"statements":{"total":8,"covered":8,"skipped":0,"pct":100},"branches":{"total":12,"covered":8,"skipped":0,"pct":66.66}}
,"/Users/home/Desktop/edutechlife/edutechlife-frontend/src/components/ui/BrandButton.jsx": {"lines":{"total":8,"covered":7,"skipped":0,"pct":87.5},"functions":{"total":1,"covered":1,"skipped":0,"pct":100},"statements":{"total":8,"covered":7,"skipped":0,"pct":87.5},"branches":{"total":15,"covered":11,"skipped":0,"pct":73.33}}
,"/Users/home/Desktop/edutechlife/edutechlife-frontend/src/components/ui/BrandCard.jsx": {"lines":{"total":22,"covered":16,"skipped":0,"pct":72.72},"functions":{"total":6,"covered":1,"skipped":0,"pct":16.66},"statements":{"total":22,"covered":16,"skipped":0,"pct":72.72},"branches":{"total":10,"covered":7,"skipped":0,"pct":70}}
,"/Users/home/Desktop/edutechlife/edutechlife-frontend/src/components/ui/SectionHeader.jsx": {"lines":{"total":2,"covered":2,"skipped":0,"pct":100},"functions":{"total":1,"covered":1,"skipped":0,"pct":100},"statements":{"total":2,"covered":2,"skipped":0,"pct":100},"branches":{"total":1,"covered":1,"skipped":0,"pct":100}}
,"/Users/home/Desktop/edutechlife/edutechlife-frontend/src/components/ui/button.jsx": {"lines":{"total":10,"covered":9,"skipped":0,"pct":90},"functions":{"total":1,"covered":1,"skipped":0,"pct":100},"statements":{"total":10,"covered":9,"skipped":0,"pct":90},"branches":{"total":7,"covered":5,"skipped":0,"pct":71.42}}
,"/Users/home/Desktop/edutechlife/edutechlife-frontend/src/config/api.js": {"lines":{"total":1,"covered":1,"skipped":0,"pct":100},"functions":{"total":0,"covered":0,"skipped":0,"pct":100},"statements":{"total":1,"covered":1,"skipped":0,"pct":100},"branches":{"total":3,"covered":1,"skipped":0,"pct":33.33}}
,"/Users/home/Desktop/edutechlife/edutechlife-frontend/src/constants/ialab.js": {"lines":{"total":7,"covered":7,"skipped":0,"pct":100},"functions":{"total":0,"covered":0,"skipped":0,"pct":100},"statements":{"total":7,"covered":7,"skipped":0,"pct":100},"branches":{"total":0,"covered":0,"skipped":0,"pct":100}}
,"/Users/home/Desktop/edutechlife/edutechlife-frontend/src/constants/prompts.en.js": {"lines":{"total":10,"covered":10,"skipped":0,"pct":100},"functions":{"total":0,"covered":0,"skipped":0,"pct":100},"statements":{"total":10,"covered":10,"skipped":0,"pct":100},"branches":{"total":0,"covered":0,"skipped":0,"pct":100}}
,"/Users/home/Desktop/edutechlife/edutechlife-frontend/src/constants/prompts.es.js": {"lines":{"total":10,"covered":10,"skipped":0,"pct":100},"functions":{"total":0,"covered":0,"skipped":0,"pct":100},"statements":{"total":10,"covered":10,"skipped":0,"pct":100},"branches":{"total":0,"covered":0,"skipped":0,"pct":100}}
,"/Users/home/Desktop/edutechlife/edutechlife-frontend/src/constants/prompts.js": {"lines":{"total":12,"covered":12,"skipped":0,"pct":100},"functions":{"total":0,"covered":0,"skipped":0,"pct":100},"statements":{"total":12,"covered":12,"skipped":0,"pct":100},"branches":{"total":6,"covered":4,"skipped":0,"pct":66.66}}
,"/Users/home/Desktop/edutechlife/edutechlife-frontend/src/context/ThemeContext.jsx": {"lines":{"total":18,"covered":14,"skipped":0,"pct":77.77},"functions":{"total":6,"covered":4,"skipped":0,"pct":66.66},"statements":{"total":19,"covered":14,"skipped":0,"pct":73.68},"branches":{"total":7,"covered":4,"skipped":0,"pct":57.14}}
,"/Users/home/Desktop/edutechlife/edutechlife-frontend/src/data/ialab.js": {"lines":{"total":10,"covered":7,"skipped":0,"pct":70},"functions":{"total":3,"covered":0,"skipped":0,"pct":0},"statements":{"total":10,"covered":7,"skipped":0,"pct":70},"branches":{"total":6,"covered":0,"skipped":0,"pct":0}}
,"/Users/home/Desktop/edutechlife/edutechlife-frontend/src/data/ialabQuizData.js": {"lines":{"total":0,"covered":0,"skipped":0,"pct":0},"functions":{"total":0,"covered":0,"skipped":0,"pct":0},"statements":{"total":0,"covered":0,"skipped":0,"pct":0},"branches":{"total":0,"covered":0,"skipped":0,"pct":0}}
,"/Users/home/Desktop/edutechlife/edutechlife-frontend/src/data/tutorAvatars.js": {"lines":{"total":3,"covered":3,"skipped":0,"pct":100},"functions":{"total":0,"covered":0,"skipped":0,"pct":100},"statements":{"total":3,"covered":3,"skipped":0,"pct":100},"branches":{"total":0,"covered":0,"skipped":0,"pct":100}}
,"/Users/home/Desktop/edutechlife/edutechlife-frontend/src/data/ialabQuizData/config.js": {"lines":{"total":12,"covered":12,"skipped":0,"pct":100},"functions":{"total":0,"covered":0,"skipped":0,"pct":100},"statements":{"total":12,"covered":12,"skipped":0,"pct":100},"branches":{"total":0,"covered":0,"skipped":0,"pct":100}}
,"/Users/home/Desktop/edutechlife/edutechlife-frontend/src/data/ialabQuizData/index.js": {"lines":{"total":5,"covered":4,"skipped":0,"pct":80},"functions":{"total":1,"covered":1,"skipped":0,"pct":100},"statements":{"total":5,"covered":4,"skipped":0,"pct":80},"branches":{"total":4,"covered":3,"skipped":0,"pct":75}}
,"/Users/home/Desktop/edutechlife/edutechlife-frontend/src/data/ialabQuizData/module1.en.js": {"lines":{"total":1,"covered":1,"skipped":0,"pct":100},"functions":{"total":0,"covered":0,"skipped":0,"pct":100},"statements":{"total":1,"covered":1,"skipped":0,"pct":100},"branches":{"total":0,"covered":0,"skipped":0,"pct":100}}
,"/Users/home/Desktop/edutechlife/edutechlife-frontend/src/data/ialabQuizData/module1.js": {"lines":{"total":1,"covered":1,"skipped":0,"pct":100},"functions":{"total":0,"covered":0,"skipped":0,"pct":100},"statements":{"total":1,"covered":1,"skipped":0,"pct":100},"branches":{"total":0,"covered":0,"skipped":0,"pct":100}}
,"/Users/home/Desktop/edutechlife/edutechlife-frontend/src/data/ialabQuizData/module2.en.js": {"lines":{"total":1,"covered":1,"skipped":0,"pct":100},"functions":{"total":0,"covered":0,"skipped":0,"pct":100},"statements":{"total":1,"covered":1,"skipped":0,"pct":100},"branches":{"total":0,"covered":0,"skipped":0,"pct":100}}
,"/Users/home/Desktop/edutechlife/edutechlife-frontend/src/data/ialabQuizData/module2.js": {"lines":{"total":1,"covered":1,"skipped":0,"pct":100},"functions":{"total":0,"covered":0,"skipped":0,"pct":100},"statements":{"total":1,"covered":1,"skipped":0,"pct":100},"branches":{"total":0,"covered":0,"skipped":0,"pct":100}}
,"/Users/home/Desktop/edutechlife/edutechlife-frontend/src/data/ialabQuizData/module3.en.js": {"lines":{"total":1,"covered":1,"skipped":0,"pct":100},"functions":{"total":0,"covered":0,"skipped":0,"pct":100},"statements":{"total":1,"covered":1,"skipped":0,"pct":100},"branches":{"total":0,"covered":0,"skipped":0,"pct":100}}
,"/Users/home/Desktop/edutechlife/edutechlife-frontend/src/data/ialabQuizData/module3.js": {"lines":{"total":1,"covered":1,"skipped":0,"pct":100},"functions":{"total":0,"covered":0,"skipped":0,"pct":100},"statements":{"total":1,"covered":1,"skipped":0,"pct":100},"branches":{"total":0,"covered":0,"skipped":0,"pct":100}}
,"/Users/home/Desktop/edutechlife/edutechlife-frontend/src/data/ialabQuizData/module4.en.js": {"lines":{"total":1,"covered":1,"skipped":0,"pct":100},"functions":{"total":0,"covered":0,"skipped":0,"pct":100},"statements":{"total":1,"covered":1,"skipped":0,"pct":100},"branches":{"total":0,"covered":0,"skipped":0,"pct":100}}
,"/Users/home/Desktop/edutechlife/edutechlife-frontend/src/data/ialabQuizData/module4.js": {"lines":{"total":1,"covered":1,"skipped":0,"pct":100},"functions":{"total":0,"covered":0,"skipped":0,"pct":100},"statements":{"total":1,"covered":1,"skipped":0,"pct":100},"branches":{"total":0,"covered":0,"skipped":0,"pct":100}}
,"/Users/home/Desktop/edutechlife/edutechlife-frontend/src/data/ialabQuizData/module5.en.js": {"lines":{"total":1,"covered":1,"skipped":0,"pct":100},"functions":{"total":0,"covered":0,"skipped":0,"pct":100},"statements":{"total":1,"covered":1,"skipped":0,"pct":100},"branches":{"total":0,"covered":0,"skipped":0,"pct":100}}
,"/Users/home/Desktop/edutechlife/edutechlife-frontend/src/data/ialabQuizData/module5.js": {"lines":{"total":1,"covered":1,"skipped":0,"pct":100},"functions":{"total":0,"covered":0,"skipped":0,"pct":100},"statements":{"total":1,"covered":1,"skipped":0,"pct":100},"branches":{"total":0,"covered":0,"skipped":0,"pct":100}}
,"/Users/home/Desktop/edutechlife/edutechlife-frontend/src/hooks/useSupabase.js": {"lines":{"total":50,"covered":1,"skipped":0,"pct":2},"functions":{"total":4,"covered":0,"skipped":0,"pct":0},"statements":{"total":50,"covered":1,"skipped":0,"pct":2},"branches":{"total":12,"covered":0,"skipped":0,"pct":0}}
,"/Users/home/Desktop/edutechlife/edutechlife-frontend/src/hooks/IALab/useCelebrationEffects.js": {"lines":{"total":20,"covered":20,"skipped":0,"pct":100},"functions":{"total":7,"covered":7,"skipped":0,"pct":100},"statements":{"total":24,"covered":24,"skipped":0,"pct":100},"branches":{"total":10,"covered":10,"skipped":0,"pct":100}}
,"/Users/home/Desktop/edutechlife/edutechlife-frontend/src/hooks/IALab/useIALabForum.js": {"lines":{"total":125,"covered":106,"skipped":0,"pct":84.8},"functions":{"total":30,"covered":20,"skipped":0,"pct":66.66},"statements":{"total":155,"covered":116,"skipped":0,"pct":74.83},"branches":{"total":107,"covered":59,"skipped":0,"pct":55.14}}
,"/Users/home/Desktop/edutechlife/edutechlife-frontend/src/hooks/IALab/useIALabKeyboardShortcuts.js": {"lines":{"total":21,"covered":21,"skipped":0,"pct":100},"functions":{"total":4,"covered":4,"skipped":0,"pct":100},"statements":{"total":23,"covered":23,"skipped":0,"pct":100},"branches":{"total":19,"covered":18,"skipped":0,"pct":94.73}}
,"/Users/home/Desktop/edutechlife/edutechlife-frontend/src/hooks/IALab/useIALabQuiz.js": {"lines":{"total":199,"covered":149,"skipped":0,"pct":74.87},"functions":{"total":70,"covered":59,"skipped":0,"pct":84.28},"statements":{"total":250,"covered":196,"skipped":0,"pct":78.4},"branches":{"total":58,"covered":23,"skipped":0,"pct":39.65}}
,"/Users/home/Desktop/edutechlife/edutechlife-frontend/src/hooks/IALab/useIALabSynthesizer.js": {"lines":{"total":0,"covered":0,"skipped":0,"pct":0},"functions":{"total":0,"covered":0,"skipped":0,"pct":0},"statements":{"total":0,"covered":0,"skipped":0,"pct":0},"branches":{"total":0,"covered":0,"skipped":0,"pct":0}}
,"/Users/home/Desktop/edutechlife/edutechlife-frontend/src/hooks/IALab/useIdlePause.js": {"lines":{"total":21,"covered":21,"skipped":0,"pct":100},"functions":{"total":5,"covered":5,"skipped":0,"pct":100},"statements":{"total":22,"covered":22,"skipped":0,"pct":100},"branches":{"total":1,"covered":1,"skipped":0,"pct":100}}
,"/Users/home/Desktop/edutechlife/edutechlife-frontend/src/hooks/IALab/usePersonalizedRecommendations.js": {"lines":{"total":97,"covered":87,"skipped":0,"pct":89.69},"functions":{"total":50,"covered":40,"skipped":0,"pct":80},"statements":{"total":138,"covered":126,"skipped":0,"pct":91.3},"branches":{"total":126,"covered":93,"skipped":0,"pct":73.8}}
,"/Users/home/Desktop/edutechlife/edutechlife-frontend/src/hooks/IALab/usePullToRefresh.js": {"lines":{"total":20,"covered":20,"skipped":0,"pct":100},"functions":{"total":4,"covered":4,"skipped":0,"pct":100},"statements":{"total":21,"covered":21,"skipped":0,"pct":100},"branches":{"total":11,"covered":10,"skipped":0,"pct":90.9}}
,"/Users/home/Desktop/edutechlife/edutechlife-frontend/src/hooks/IALab/useScreenshotProtection.js": {"lines":{"total":47,"covered":47,"skipped":0,"pct":100},"functions":{"total":13,"covered":13,"skipped":0,"pct":100},"statements":{"total":57,"covered":56,"skipped":0,"pct":98.24},"branches":{"total":35,"covered":30,"skipped":0,"pct":85.71}}
,"/Users/home/Desktop/edutechlife/edutechlife-frontend/src/hooks/IALab/useSidebarState.js": {"lines":{"total":65,"covered":65,"skipped":0,"pct":100},"functions":{"total":31,"covered":31,"skipped":0,"pct":100},"statements":{"total":76,"covered":75,"skipped":0,"pct":98.68},"branches":{"total":15,"covered":11,"skipped":0,"pct":73.33}}
,"/Users/home/Desktop/edutechlife/edutechlife-frontend/src/hooks/IALab/useSoundEffects.js": {"lines":{"total":14,"covered":14,"skipped":0,"pct":100},"functions":{"total":3,"covered":2,"skipped":0,"pct":66.66},"statements":{"total":15,"covered":15,"skipped":0,"pct":100},"branches":{"total":4,"covered":4,"skipped":0,"pct":100}}
,"/Users/home/Desktop/edutechlife/edutechlife-frontend/src/hooks/IALab/useStudyNotesSync.js": {"lines":{"total":117,"covered":91,"skipped":0,"pct":77.77},"functions":{"total":21,"covered":18,"skipped":0,"pct":85.71},"statements":{"total":140,"covered":98,"skipped":0,"pct":70},"branches":{"total":82,"covered":41,"skipped":0,"pct":50}}
,"/Users/home/Desktop/edutechlife/edutechlife-frontend/src/hooks/IALab/useSwipeNavigation.js": {"lines":{"total":14,"covered":14,"skipped":0,"pct":100},"functions":{"total":3,"covered":3,"skipped":0,"pct":100},"statements":{"total":15,"covered":15,"skipped":0,"pct":100},"branches":{"total":7,"covered":7,"skipped":0,"pct":100}}
,"/Users/home/Desktop/edutechlife/edutechlife-frontend/src/hooks/IALab/forum/useForumComments.js": {"lines":{"total":58,"covered":43,"skipped":0,"pct":74.13},"functions":{"total":15,"covered":10,"skipped":0,"pct":66.66},"statements":{"total":67,"covered":49,"skipped":0,"pct":73.13},"branches":{"total":37,"covered":20,"skipped":0,"pct":54.05}}
,"/Users/home/Desktop/edutechlife/edutechlife-frontend/src/hooks/IALab/forum/useForumNotifications.js": {"lines":{"total":95,"covered":54,"skipped":0,"pct":56.84},"functions":{"total":34,"covered":19,"skipped":0,"pct":55.88},"statements":{"total":118,"covered":64,"skipped":0,"pct":54.23},"branches":{"total":92,"covered":22,"skipped":0,"pct":23.91}}
,"/Users/home/Desktop/edutechlife/edutechlife-frontend/src/hooks/IALab/forum/useForumPosts.js": {"lines":{"total":82,"covered":69,"skipped":0,"pct":84.14},"functions":{"total":15,"covered":11,"skipped":0,"pct":73.33},"statements":{"total":98,"covered":77,"skipped":0,"pct":78.57},"branches":{"total":68,"covered":44,"skipped":0,"pct":64.7}}
,"/Users/home/Desktop/edutechlife/edutechlife-frontend/src/hooks/IALab/forum/useForumProfile.js": {"lines":{"total":47,"covered":44,"skipped":0,"pct":93.61},"functions":{"total":8,"covered":8,"skipped":0,"pct":100},"statements":{"total":60,"covered":54,"skipped":0,"pct":90},"branches":{"total":41,"covered":32,"skipped":0,"pct":78.04}}
,"/Users/home/Desktop/edutechlife/edutechlife-frontend/src/hooks/IALab/forum/useForumVotes.js": {"lines":{"total":38,"covered":36,"skipped":0,"pct":94.73},"functions":{"total":10,"covered":9,"skipped":0,"pct":90},"statements":{"total":49,"covered":45,"skipped":0,"pct":91.83},"branches":{"total":26,"covered":21,"skipped":0,"pct":80.76}}
,"/Users/home/Desktop/edutechlife/edutechlife-frontend/src/hooks/IALab/useIALabEvaluation/api.js": {"lines":{"total":34,"covered":28,"skipped":0,"pct":82.35},"functions":{"total":2,"covered":2,"skipped":0,"pct":100},"statements":{"total":35,"covered":29,"skipped":0,"pct":82.85},"branches":{"total":35,"covered":31,"skipped":0,"pct":88.57}}
,"/Users/home/Desktop/edutechlife/edutechlife-frontend/src/hooks/IALab/useIALabEvaluation/index.js": {"lines":{"total":0,"covered":0,"skipped":0,"pct":0},"functions":{"total":0,"covered":0,"skipped":0,"pct":0},"statements":{"total":0,"covered":0,"skipped":0,"pct":0},"branches":{"total":0,"covered":0,"skipped":0,"pct":0}}
,"/Users/home/Desktop/edutechlife/edutechlife-frontend/src/hooks/IALab/useIALabEvaluation/moduleConfig.js": {"lines":{"total":200,"covered":47,"skipped":0,"pct":23.5},"functions":{"total":40,"covered":6,"skipped":0,"pct":15},"statements":{"total":204,"covered":47,"skipped":0,"pct":23.03},"branches":{"total":228,"covered":32,"skipped":0,"pct":14.03}}
,"/Users/home/Desktop/edutechlife/edutechlife-frontend/src/hooks/IALab/useIALabEvaluation/supabase.js": {"lines":{"total":15,"covered":12,"skipped":0,"pct":80},"functions":{"total":2,"covered":2,"skipped":0,"pct":100},"statements":{"total":17,"covered":12,"skipped":0,"pct":70.58},"branches":{"total":12,"covered":7,"skipped":0,"pct":58.33}}
,"/Users/home/Desktop/edutechlife/edutechlife-frontend/src/hooks/IALab/useIALabEvaluation/useIALabEvaluation.js": {"lines":{"total":44,"covered":44,"skipped":0,"pct":100},"functions":{"total":17,"covered":17,"skipped":0,"pct":100},"statements":{"total":57,"covered":54,"skipped":0,"pct":94.73},"branches":{"total":18,"covered":13,"skipped":0,"pct":72.22}}
,"/Users/home/Desktop/edutechlife/edutechlife-frontend/src/hooks/IALab/useIALabProgress/index.js": {"lines":{"total":0,"covered":0,"skipped":0,"pct":0},"functions":{"total":0,"covered":0,"skipped":0,"pct":0},"statements":{"total":0,"covered":0,"skipped":0,"pct":0},"branches":{"total":0,"covered":0,"skipped":0,"pct":0}}
,"/Users/home/Desktop/edutechlife/edutechlife-frontend/src/hooks/IALab/useIALabProgress/progressCalculations.js": {"lines":{"total":0,"covered":0,"skipped":0,"pct":0},"functions":{"total":0,"covered":0,"skipped":0,"pct":0},"statements":{"total":0,"covered":0,"skipped":0,"pct":0},"branches":{"total":0,"covered":0,"skipped":0,"pct":0}}
,"/Users/home/Desktop/edutechlife/edutechlife-frontend/src/hooks/IALab/useIALabProgress/supabaseQueries.js": {"lines":{"total":14,"covered":11,"skipped":0,"pct":78.57},"functions":{"total":2,"covered":2,"skipped":0,"pct":100},"statements":{"total":16,"covered":13,"skipped":0,"pct":81.25},"branches":{"total":6,"covered":6,"skipped":0,"pct":100}}
,"/Users/home/Desktop/edutechlife/edutechlife-frontend/src/hooks/IALab/useIALabProgress/useIALabProgress.js": {"lines":{"total":221,"covered":180,"skipped":0,"pct":81.44},"functions":{"total":39,"covered":34,"skipped":0,"pct":87.17},"statements":{"total":247,"covered":195,"skipped":0,"pct":78.94},"branches":{"total":151,"covered":99,"skipped":0,"pct":65.56}}
,"/Users/home/Desktop/edutechlife/edutechlife-frontend/src/hooks/IALab/useIALabSynthesizer/index.js": {"lines":{"total":0,"covered":0,"skipped":0,"pct":0},"functions":{"total":0,"covered":0,"skipped":0,"pct":0},"statements":{"total":0,"covered":0,"skipped":0,"pct":0},"branches":{"total":0,"covered":0,"skipped":0,"pct":0}}
,"/Users/home/Desktop/edutechlife/edutechlife-frontend/src/hooks/IALab/useIALabSynthesizer/synthesizerConfig.js": {"lines":{"total":18,"covered":18,"skipped":0,"pct":100},"functions":{"total":1,"covered":1,"skipped":0,"pct":100},"statements":{"total":18,"covered":18,"skipped":0,"pct":100},"branches":{"total":0,"covered":0,"skipped":0,"pct":100}}
,"/Users/home/Desktop/edutechlife/edutechlife-frontend/src/hooks/IALab/useIALabSynthesizer/useIALabSynthesizer.js": {"lines":{"total":176,"covered":143,"skipped":0,"pct":81.25},"functions":{"total":26,"covered":21,"skipped":0,"pct":80.76},"statements":{"total":187,"covered":148,"skipped":0,"pct":79.14},"branches":{"total":90,"covered":59,"skipped":0,"pct":65.55}}
,"/Users/home/Desktop/edutechlife/edutechlife-frontend/src/i18n/withTranslation.jsx": {"lines":{"total":4,"covered":4,"skipped":0,"pct":100},"functions":{"total":2,"covered":2,"skipped":0,"pct":100},"statements":{"total":4,"covered":4,"skipped":0,"pct":100},"branches":{"total":3,"covered":2,"skipped":0,"pct":66.66}}
,"/Users/home/Desktop/edutechlife/edutechlife-frontend/src/lib/supabase.js": {"lines":{"total":75,"covered":32,"skipped":0,"pct":42.66},"functions":{"total":9,"covered":3,"skipped":0,"pct":33.33},"statements":{"total":75,"covered":32,"skipped":0,"pct":42.66},"branches":{"total":68,"covered":16,"skipped":0,"pct":23.52}}
,"/Users/home/Desktop/edutechlife/edutechlife-frontend/src/lib/utils.js": {"lines":{"total":3,"covered":3,"skipped":0,"pct":100},"functions":{"total":1,"covered":1,"skipped":0,"pct":100},"statements":{"total":3,"covered":3,"skipped":0,"pct":100},"branches":{"total":0,"covered":0,"skipped":0,"pct":100}}
,"/Users/home/Desktop/edutechlife/edutechlife-frontend/src/services/institutionService.js": {"lines":{"total":17,"covered":1,"skipped":0,"pct":5.88},"functions":{"total":3,"covered":0,"skipped":0,"pct":0},"statements":{"total":24,"covered":1,"skipped":0,"pct":4.16},"branches":{"total":31,"covered":0,"skipped":0,"pct":0}}
,"/Users/home/Desktop/edutechlife/edutechlife-frontend/src/services/institutionalAnalytics.js": {"lines":{"total":35,"covered":35,"skipped":0,"pct":100},"functions":{"total":8,"covered":8,"skipped":0,"pct":100},"statements":{"total":40,"covered":40,"skipped":0,"pct":100},"branches":{"total":96,"covered":95,"skipped":0,"pct":98.95}}
,"/Users/home/Desktop/edutechlife/edutechlife-frontend/src/store/ialabStore.js": {"lines":{"total":137,"covered":9,"skipped":0,"pct":6.56},"functions":{"total":31,"covered":6,"skipped":0,"pct":19.35},"statements":{"total":172,"covered":10,"skipped":0,"pct":5.81},"branches":{"total":150,"covered":2,"skipped":0,"pct":1.33}}
,"/Users/home/Desktop/edutechlife/edutechlife-frontend/src/store/slices/certificateSlice.js": {"lines":{"total":6,"covered":6,"skipped":0,"pct":100},"functions":{"total":6,"covered":6,"skipped":0,"pct":100},"statements":{"total":7,"covered":7,"skipped":0,"pct":100},"branches":{"total":0,"covered":0,"skipped":0,"pct":100}}
,"/Users/home/Desktop/edutechlife/edutechlife-frontend/src/store/slices/evaluationSlice.js": {"lines":{"total":22,"covered":22,"skipped":0,"pct":100},"functions":{"total":22,"covered":22,"skipped":0,"pct":100},"statements":{"total":24,"covered":24,"skipped":0,"pct":100},"branches":{"total":4,"covered":4,"skipped":0,"pct":100}}
,"/Users/home/Desktop/edutechlife/edutechlife-frontend/src/store/slices/gamificationSlice.js": {"lines":{"total":71,"covered":47,"skipped":0,"pct":66.19},"functions":{"total":19,"covered":11,"skipped":0,"pct":57.89},"statements":{"total":92,"covered":56,"skipped":0,"pct":60.86},"branches":{"total":68,"covered":38,"skipped":0,"pct":55.88}}
,"/Users/home/Desktop/edutechlife/edutechlife-frontend/src/store/slices/lessonSlice.js": {"lines":{"total":54,"covered":51,"skipped":0,"pct":94.44},"functions":{"total":21,"covered":21,"skipped":0,"pct":100},"statements":{"total":65,"covered":61,"skipped":0,"pct":93.84},"branches":{"total":41,"covered":37,"skipped":0,"pct":90.24}}
,"/Users/home/Desktop/edutechlife/edutechlife-frontend/src/store/slices/navigationSlice.js": {"lines":{"total":16,"covered":16,"skipped":0,"pct":100},"functions":{"total":17,"covered":17,"skipped":0,"pct":100},"statements":{"total":18,"covered":18,"skipped":0,"pct":100},"branches":{"total":2,"covered":2,"skipped":0,"pct":100}}
,"/Users/home/Desktop/edutechlife/edutechlife-frontend/src/store/slices/persistenceSlice.js": {"lines":{"total":97,"covered":64,"skipped":0,"pct":65.97},"functions":{"total":39,"covered":24,"skipped":0,"pct":61.53},"statements":{"total":109,"covered":68,"skipped":0,"pct":62.38},"branches":{"total":119,"covered":64,"skipped":0,"pct":53.78}}
,"/Users/home/Desktop/edutechlife/edutechlife-frontend/src/store/slices/progressSlice.js": {"lines":{"total":109,"covered":71,"skipped":0,"pct":65.13},"functions":{"total":26,"covered":12,"skipped":0,"pct":46.15},"statements":{"total":123,"covered":73,"skipped":0,"pct":59.34},"branches":{"total":90,"covered":57,"skipped":0,"pct":63.33}}
,"/Users/home/Desktop/edutechlife/edutechlife-frontend/src/store/slices/seguridadSlice.js": {"lines":{"total":11,"covered":11,"skipped":0,"pct":100},"functions":{"total":11,"covered":11,"skipped":0,"pct":100},"statements":{"total":12,"covered":12,"skipped":0,"pct":100},"branches":{"total":0,"covered":0,"skipped":0,"pct":100}}
,"/Users/home/Desktop/edutechlife/edutechlife-frontend/src/store/slices/synthesizerSlice.js": {"lines":{"total":12,"covered":12,"skipped":0,"pct":100},"functions":{"total":12,"covered":12,"skipped":0,"pct":100},"statements":{"total":13,"covered":13,"skipped":0,"pct":100},"branches":{"total":0,"covered":0,"skipped":0,"pct":100}}
,"/Users/home/Desktop/edutechlife/edutechlife-frontend/src/store/slices/uiSlice.js": {"lines":{"total":14,"covered":8,"skipped":0,"pct":57.14},"functions":{"total":14,"covered":8,"skipped":0,"pct":57.14},"statements":{"total":15,"covered":9,"skipped":0,"pct":60},"branches":{"total":0,"covered":0,"skipped":0,"pct":100}}
,"/Users/home/Desktop/edutechlife/edutechlife-frontend/src/utils/api.js": {"lines":{"total":98,"covered":2,"skipped":0,"pct":2.04},"functions":{"total":15,"covered":0,"skipped":0,"pct":0},"statements":{"total":105,"covered":2,"skipped":0,"pct":1.9},"branches":{"total":84,"covered":1,"skipped":0,"pct":1.19}}
,"/Users/home/Desktop/edutechlife/edutechlife-frontend/src/utils/ialab.js": {"lines":{"total":75,"covered":68,"skipped":0,"pct":90.66},"functions":{"total":15,"covered":12,"skipped":0,"pct":80},"statements":{"total":91,"covered":79,"skipped":0,"pct":86.81},"branches":{"total":82,"covered":58,"skipped":0,"pct":70.73}}
,"/Users/home/Desktop/edutechlife/edutechlife-frontend/src/utils/iconMapping.jsx": {"lines":{"total":12,"covered":12,"skipped":0,"pct":100},"functions":{"total":2,"covered":2,"skipped":0,"pct":100},"statements":{"total":14,"covered":13,"skipped":0,"pct":92.85},"branches":{"total":9,"covered":7,"skipped":0,"pct":77.77}}
,"/Users/home/Desktop/edutechlife/edutechlife-frontend/src/utils/storage.js": {"lines":{"total":13,"covered":4,"skipped":0,"pct":30.76},"functions":{"total":3,"covered":1,"skipped":0,"pct":33.33},"statements":{"total":13,"covered":4,"skipped":0,"pct":30.76},"branches":{"total":3,"covered":2,"skipped":0,"pct":66.66}}
,"/Users/home/Desktop/edutechlife/edutechlife-frontend/src/utils/speech/audioCache.js": {"lines":{"total":24,"covered":4,"skipped":0,"pct":16.66},"functions":{"total":5,"covered":1,"skipped":0,"pct":20},"statements":{"total":26,"covered":4,"skipped":0,"pct":15.38},"branches":{"total":11,"covered":1,"skipped":0,"pct":9.09}}
,"/Users/home/Desktop/edutechlife/edutechlife-frontend/src/utils/speech/googleTtsClient.js": {"lines":{"total":25,"covered":5,"skipped":0,"pct":20},"functions":{"total":3,"covered":0,"skipped":0,"pct":0},"statements":{"total":31,"covered":5,"skipped":0,"pct":16.12},"branches":{"total":39,"covered":2,"skipped":0,"pct":5.12}}
,"/Users/home/Desktop/edutechlife/edutechlife-frontend/src/utils/speech/index.js": {"lines":{"total":0,"covered":0,"skipped":0,"pct":0},"functions":{"total":0,"covered":0,"skipped":0,"pct":0},"statements":{"total":0,"covered":0,"skipped":0,"pct":0},"branches":{"total":0,"covered":0,"skipped":0,"pct":0}}
,"/Users/home/Desktop/edutechlife/edutechlife-frontend/src/utils/speech/nativeSpeech.js": {"lines":{"total":311,"covered":15,"skipped":0,"pct":4.82},"functions":{"total":66,"covered":0,"skipped":0,"pct":0},"statements":{"total":349,"covered":15,"skipped":0,"pct":4.29},"branches":{"total":213,"covered":0,"skipped":0,"pct":0}}
,"/Users/home/Desktop/edutechlife/edutechlife-frontend/src/utils/speech/speechRecognition.js": {"lines":{"total":43,"covered":3,"skipped":0,"pct":6.97},"functions":{"total":6,"covered":0,"skipped":0,"pct":0},"statements":{"total":44,"covered":3,"skipped":0,"pct":6.81},"branches":{"total":12,"covered":0,"skipped":0,"pct":0}}
,"/Users/home/Desktop/edutechlife/edutechlife-frontend/src/utils/speech/voiceProfiles.js": {"lines":{"total":2,"covered":2,"skipped":0,"pct":100},"functions":{"total":0,"covered":0,"skipped":0,"pct":100},"statements":{"total":2,"covered":2,"skipped":0,"pct":100},"branches":{"total":0,"covered":0,"skipped":0,"pct":100}}
}
