TN:
SF:src/components/Footer.jsx
FN:70,Footer
FN:78,(anonymous_1)
FN:79,(anonymous_2)
FN:81,(anonymous_3)
FN:95,(anonymous_4)
FN:100,(anonymous_5)
FN:106,(anonymous_6)
FN:126,(anonymous_7)
FN:138,(anonymous_8)
FN:166,(anonymous_9)
FN:169,(anonymous_10)
FN:198,(anonymous_11)
FN:201,(anonymous_12)
FN:314,(anonymous_13)
FN:325,(anonymous_14)
FNF:15
FNH:5
FNDA:1,Footer
FNDA:0,(anonymous_1)
FNDA:0,(anonymous_2)
FNDA:0,(anonymous_3)
FNDA:0,(anonymous_4)
FNDA:0,(anonymous_5)
FNDA:0,(anonymous_6)
FNDA:0,(anonymous_7)
FNDA:4,(anonymous_8)
FNDA:5,(anonymous_9)
FNDA:0,(anonymous_10)
FNDA:5,(anonymous_11)
FNDA:0,(anonymous_12)
FNDA:3,(anonymous_13)
FNDA:0,(anonymous_14)
DA:13,1
DA:36,1
DA:48,1
DA:60,1
DA:71,1
DA:72,1
DA:73,1
DA:74,1
DA:75,1
DA:76,1
DA:78,1
DA:79,1
DA:81,1
DA:82,0
DA:83,0
DA:85,0
DA:86,0
DA:87,0
DA:90,0
DA:91,0
DA:92,0
DA:95,1
DA:96,0
DA:97,0
DA:100,1
DA:101,0
DA:102,0
DA:106,1
DA:107,0
DA:108,0
DA:109,0
DA:110,0
DA:114,1
DA:127,0
DA:139,4
DA:167,5
DA:169,0
DA:199,5
DA:201,0
DA:315,3
DA:325,0
LF:41
LH:21
BRDA:85,0,0,0
BRDA:85,0,1,0
BRDA:97,1,0,0
BRDA:97,1,1,0
BRDA:101,2,0,0
BRDA:101,2,1,0
BRDA:107,3,0,0
BRDA:107,3,1,0
BRDA:109,4,0,0
BRDA:109,4,1,0
BRDA:236,5,0,0
BRDA:236,5,1,1
BRDA:272,6,0,1
BRDA:272,6,1,0
BRDA:316,7,0,3
BRDA:316,7,1,2
BRDA:343,8,0,1
BRDA:343,8,1,0
BRDA:346,9,0,1
BRDA:346,9,1,0
BRDA:349,10,0,1
BRDA:349,10,1,0
BRDA:352,11,0,1
BRDA:352,11,1,0
BRDA:355,12,0,1
BRDA:355,12,1,0
BRDA:358,13,0,1
BRDA:358,13,1,0
BRDA:361,14,0,1
BRDA:361,14,1,0
BRF:30
BRH:11
end_of_record
TN:
SF:src/components/GlassCard.jsx
FN:4,(anonymous_0)
FNF:1
FNH:1
FNDA:1,(anonymous_0)
DA:4,1
DA:14,1
DA:21,1
DA:33,1
DA:35,1
DA:36,0
DA:49,1
DA:50,1
DA:57,1
LF:9
LH:8
BRDA:6,0,0,1
BRDA:7,1,0,1
BRDA:8,2,0,1
BRDA:9,3,0,1
BRDA:10,4,0,1
BRDA:11,5,0,1
BRDA:28,6,0,0
BRDA:28,6,1,1
BRDA:33,7,0,1
BRDA:33,7,1,0
BRDA:35,8,0,0
BRDA:35,8,1,1
BRF:12
BRH:9
end_of_record
TN:
SF:src/components/LeadsManager.jsx
FN:6,(anonymous_0)
FN:11,(anonymous_1)
FN:15,(anonymous_2)
FN:27,(anonymous_3)
FN:31,(anonymous_4)
FN:42,(anonymous_5)
FN:42,(anonymous_6)
FN:54,(anonymous_7)
FN:55,(anonymous_8)
FN:60,(anonymous_9)
FN:67,(anonymous_10)
FN:84,(anonymous_11)
FN:129,(anonymous_12)
FN:162,(anonymous_13)
FN:203,(anonymous_14)
FNF:15
FNH:0
FNDA:0,(anonymous_0)
FNDA:0,(anonymous_1)
FNDA:0,(anonymous_2)
FNDA:0,(anonymous_3)
FNDA:0,(anonymous_4)
FNDA:0,(anonymous_5)
FNDA:0,(anonymous_6)
FNDA:0,(anonymous_7)
FNDA:0,(anonymous_8)
FNDA:0,(anonymous_9)
FNDA:0,(anonymous_10)
FNDA:0,(anonymous_11)
FNDA:0,(anonymous_12)
FNDA:0,(anonymous_13)
FNDA:0,(anonymous_14)
DA:4,1
DA:6,1
DA:7,0
DA:8,0
DA:9,0
DA:11,0
DA:12,0
DA:15,0
DA:16,0
DA:17,0
DA:18,0
DA:19,0
DA:22,0
DA:24,0
DA:27,0
DA:28,0
DA:30,0
DA:31,0
DA:41,0
DA:42,0
DA:45,0
DA:46,0
DA:47,0
DA:48,0
DA:49,0
DA:50,0
DA:51,0
DA:54,0
DA:55,0
DA:56,0
DA:57,0
DA:60,0
DA:61,0
DA:62,0
DA:63,0
DA:67,0
DA:68,0
DA:73,0
DA:74,0
DA:76,0
DA:84,0
DA:85,0
DA:86,0
DA:94,0
DA:95,0
DA:102,0
DA:129,0
DA:163,0
DA:203,0
LF:49
LH:2
BRDA:18,0,0,0
BRDA:18,0,1,0
BRDA:28,1,0,0
BRDA:28,1,1,0
BRDA:32,2,0,0
BRDA:32,2,1,0
BRDA:33,3,0,0
BRDA:33,3,1,0
BRDA:34,4,0,0
BRDA:34,4,1,0
BRDA:35,5,0,0
BRDA:35,5,1,0
BRDA:36,6,0,0
BRDA:36,6,1,0
BRDA:37,7,0,0
BRDA:37,7,1,0
BRDA:38,8,0,0
BRDA:38,8,1,0
BRDA:61,9,0,0
BRDA:61,9,1,0
BRDA:73,10,0,0
BRDA:73,10,1,0
BRDA:79,11,0,0
BRDA:79,11,1,0
BRDA:79,12,0,0
BRDA:79,12,1,0
BRDA:86,13,0,0
BRDA:86,13,1,0
BRDA:86,13,2,0
BRDA:86,13,3,0
BRDA:90,14,0,0
BRDA:90,14,1,0
BRDA:94,15,0,0
BRDA:94,15,1,0
BRDA:141,16,0,0
BRDA:141,16,1,0
BRDA:152,17,0,0
BRDA:152,17,1,0
BRDA:169,18,0,0
BRDA:169,18,1,0
BRDA:171,19,0,0
BRDA:171,19,1,0
BRDA:178,20,0,0
BRDA:178,20,1,0
BRDA:184,21,0,0
BRDA:184,21,1,0
BRDA:192,22,0,0
BRDA:192,22,1,0
BRDA:203,23,0,0
BRDA:203,23,1,0
BRDA:164,24,0,0
BRDA:164,24,1,0
BRF:52
BRH:0
end_of_record
TN:
SF:src/components/XPProgressBar.jsx
FN:6,(anonymous_0)
FN:14,(anonymous_1)
FN:64,(anonymous_2)
FN:129,(anonymous_3)
FN:130,(anonymous_4)
FN:131,(anonymous_5)
FN:132,(anonymous_6)
FN:133,(anonymous_7)
FN:134,(anonymous_8)
FN:135,(anonymous_9)
FN:144,(anonymous_10)
FN:145,(anonymous_11)
FN:160,(anonymous_12)
FN:178,(anonymous_13)
FN:179,(anonymous_14)
FN:183,(anonymous_15)
FN:186,(anonymous_16)
FN:189,(anonymous_17)
FN:190,(anonymous_18)
FN:202,(anonymous_19)
FN:361,(anonymous_20)
FNF:21
FNH:19
FNDA:200,(anonymous_0)
FNDA:1,(anonymous_1)
FNDA:36,(anonymous_2)
FNDA:7,(anonymous_3)
FNDA:6,(anonymous_4)
FNDA:6,(anonymous_5)
FNDA:6,(anonymous_6)
FNDA:6,(anonymous_7)
FNDA:6,(anonymous_8)
FNDA:6,(anonymous_9)
FNDA:3,(anonymous_10)
FNDA:36,(anonymous_11)
FNDA:4,(anonymous_12)
FNDA:4,(anonymous_13)
FNDA:1,(anonymous_14)
FNDA:4,(anonymous_15)
FNDA:5,(anonymous_16)
FNDA:0,(anonymous_17)
FNDA:1,(anonymous_18)
FNDA:0,(anonymous_19)
FNDA:36,(anonymous_20)
DA:6,200
DA:8,2
DA:14,2
DA:15,1
DA:17,1
DA:62,2
DA:64,2
DA:65,36
DA:67,36
DA:127,2
DA:129,2
DA:130,7
DA:131,7
DA:132,7
DA:133,7
DA:134,7
DA:135,7
DA:136,6
DA:144,6
DA:145,36
DA:152,7
DA:153,7
DA:154,7
DA:156,7
DA:157,7
DA:158,7
DA:160,7
DA:161,4
DA:162,4
DA:163,4
DA:164,4
DA:165,4
DA:167,4
DA:178,7
DA:179,4
DA:180,1
DA:181,1
DA:183,4
DA:186,7
DA:187,5
DA:188,1
DA:189,1
DA:190,1
DA:194,7
DA:202,0
DA:362,36
DA:400,2
LF:47
LH:46
BRDA:15,0,0,1
BRDA:15,0,1,0
BRDA:71,1,0,3
BRDA:71,1,1,33
BRDA:81,2,0,3
BRDA:81,2,1,33
BRDA:84,3,0,3
BRDA:84,3,1,33
BRDA:92,4,0,3
BRDA:92,4,1,33
BRDA:98,5,0,3
BRDA:98,5,1,33
BRDA:108,6,0,3
BRDA:108,6,1,33
BRDA:113,7,0,3
BRDA:113,7,1,33
BRDA:117,8,0,36
BRDA:117,8,1,3
BRDA:152,9,0,7
BRDA:152,9,1,6
BRDA:153,10,0,7
BRDA:153,10,1,6
BRDA:154,11,0,7
BRDA:154,11,1,6
BRDA:161,12,0,4
BRDA:161,12,1,1
BRDA:162,13,0,4
BRDA:162,13,1,0
BRDA:173,14,0,4
BRDA:173,14,1,0
BRDA:174,15,0,4
BRDA:174,15,1,0
BRDA:187,16,0,1
BRDA:187,16,1,4
BRDA:187,17,0,5
BRDA:187,17,1,1
BRDA:197,18,0,7
BRDA:197,18,1,1
BRF:38
BRH:34
end_of_record
TN:
SF:src/components/AdminDashboard/AdminDashboard.jsx
FN:24,(anonymous_0)
FN:34,(anonymous_1)
FN:37,(anonymous_2)
FN:45,(anonymous_3)
FN:50,(anonymous_4)
FN:53,(anonymous_5)
FN:82,(anonymous_6)
FNF:7
FNH:0
FNDA:0,(anonymous_0)
FNDA:0,(anonymous_1)
FNDA:0,(anonymous_2)
FNDA:0,(anonymous_3)
FNDA:0,(anonymous_4)
FNDA:0,(anonymous_5)
FNDA:0,(anonymous_6)
DA:24,1
DA:25,0
DA:26,0
DA:27,0
DA:28,0
DA:29,0
DA:30,0
DA:32,0
DA:34,0
DA:35,0
DA:36,0
DA:37,0
DA:38,0
DA:39,0
DA:40,0
DA:42,0
DA:45,0
DA:46,0
DA:50,0
DA:51,0
DA:52,0
DA:53,0
DA:54,0
DA:55,0
DA:56,0
DA:57,0
DA:59,0
DA:65,0
DA:66,0
DA:67,0
DA:68,0
DA:69,0
DA:70,0
DA:71,0
DA:72,0
DA:73,0
DA:74,0
DA:76,0
DA:79,0
DA:82,0
DA:83,0
DA:87,0
DA:88,0
DA:89,0
DA:95,0
DA:131,0
LF:46
LH:1
BRDA:35,0,0,0
BRDA:35,0,1,0
BRDA:35,1,0,0
BRDA:35,1,1,0
BRDA:40,2,0,0
BRDA:40,2,1,0
BRDA:40,3,0,0
BRDA:40,3,1,0
BRDA:42,4,0,0
BRDA:42,4,1,0
BRDA:51,5,0,0
BRDA:51,5,1,0
BRDA:55,6,0,0
BRDA:55,6,1,0
BRDA:56,7,0,0
BRDA:56,7,1,0
BRDA:61,8,0,0
BRDA:61,8,1,0
BRDA:65,9,0,0
BRDA:65,9,1,0
BRDA:66,10,0,0
BRDA:66,10,1,0
BRDA:71,11,0,0
BRDA:71,11,1,0
BRDA:79,12,0,0
BRDA:79,12,1,0
BRDA:87,13,0,0
BRDA:87,13,1,0
BRDA:148,14,0,0
BRDA:148,14,1,0
BRDA:159,15,0,0
BRDA:159,15,1,0
BRF:32
BRH:0
end_of_record
TN:
SF:src/components/AdminDashboard/adminDataTransform.js
FN:108,computeRealKpis
FN:119,(anonymous_1)
FN:135,computeDemoKpis
FN:139,(anonymous_3)
FN:157,computeDashboardKpis
FN:163,(anonymous_5)
FNF:6
FNH:5
FNDA:2,computeRealKpis
FNDA:2,(anonymous_1)
FNDA:2,computeDemoKpis
FNDA:7,(anonymous_3)
FNDA:4,computeDashboardKpis
FNDA:0,(anonymous_5)
DA:3,1
DA:106,1
DA:109,2
DA:110,1
DA:117,1
DA:118,1
DA:119,1
DA:120,2
DA:121,2
DA:123,2
DA:136,2
DA:137,2
DA:138,2
DA:139,2
DA:140,7
DA:141,2
DA:142,1
DA:143,7
DA:145,2
DA:158,4
DA:163,1
LF:21
LH:21
BRDA:109,0,0,1
BRDA:109,0,1,1
BRDA:119,1,0,1
BRDA:119,1,1,0
BRDA:121,2,0,1
BRDA:121,2,1,1
BRDA:121,3,0,2
BRDA:121,3,1,2
BRDA:126,4,0,2
BRDA:126,4,1,0
BRDA:127,5,0,2
BRDA:127,5,1,0
BRDA:128,6,0,2
BRDA:128,6,1,0
BRDA:130,7,0,2
BRDA:130,7,1,0
BRDA:140,8,0,5
BRDA:140,8,1,2
BRDA:141,9,0,1
BRDA:141,9,1,1
BRDA:142,10,0,1
BRDA:142,10,1,0
BRDA:143,11,0,7
BRDA:143,11,1,0
BRDA:148,12,0,2
BRDA:148,12,1,0
BRDA:149,13,0,2
BRDA:149,13,1,0
BRDA:150,14,0,2
BRDA:150,14,1,0
BRDA:152,15,0,2
BRDA:152,15,1,0
BRDA:158,16,0,2
BRDA:158,16,1,2
BRDA:160,17,0,2
BRDA:160,17,1,0
BRDA:167,18,0,0
BRDA:167,18,1,0
BRDA:169,19,0,0
BRDA:169,19,1,0
BRF:40
BRH:24
end_of_record
TN:
SF:src/components/AdminDashboard/index.js
FNF:0
FNH:0
LF:0
LH:0
BRF:0
BRH:0
end_of_record
TN:
SF:src/components/AdminDashboard/components/AdminHeader.jsx
FN:10,(anonymous_0)
FN:45,(anonymous_1)
FN:56,(anonymous_2)
FNF:3
FNH:0
FNDA:0,(anonymous_0)
FNDA:0,(anonymous_1)
FNDA:0,(anonymous_2)
DA:10,1
DA:11,0
DA:45,0
DA:56,0
LF:4
LH:1
BRDA:47,0,0,0
BRDA:47,0,1,0
BRDA:58,1,0,0
BRDA:58,1,1,0
BRDA:70,2,0,0
BRDA:70,2,1,0
BRDA:75,3,0,0
BRDA:75,3,1,0
BRDA:80,4,0,0
BRDA:80,4,1,0
BRF:10
BRH:0
end_of_record
TN:
SF:src/components/AdminDashboard/components/AdminKPIs.jsx
FN:4,(anonymous_0)
FN:8,(anonymous_1)
FNF:2
FNH:0
FNDA:0,(anonymous_0)
FNDA:0,(anonymous_1)
DA:4,1
DA:5,0
DA:9,0
DA:10,0
LF:4
LH:1
BRDA:39,0,0,0
BRDA:39,0,1,0
BRDA:50,1,0,0
BRDA:50,1,1,0
BRF:4
BRH:0
end_of_record
TN:
SF:src/components/AdminDashboard/components/AdminLeadsTable.jsx
FN:25,(anonymous_0)
FN:38,(anonymous_1)
FN:51,(anonymous_2)
FN:64,(anonymous_3)
FN:79,(anonymous_4)
FN:83,(anonymous_5)
FN:87,(anonymous_6)
FN:97,(anonymous_7)
FN:107,(anonymous_8)
FN:117,(anonymous_9)
FN:126,(anonymous_10)
FN:131,(anonymous_11)
FN:138,(anonymous_12)
FN:154,(anonymous_13)
FN:159,(anonymous_14)
FN:207,(anonymous_15)
FN:215,(anonymous_16)
FN:220,(anonymous_17)
FN:229,(anonymous_18)
FN:239,(anonymous_19)
FN:243,(anonymous_20)
FN:278,(anonymous_21)
FN:288,(anonymous_22)
FN:428,(anonymous_23)
FN:495,(anonymous_24)
FN:496,(anonymous_25)
FNF:26
FNH:0
FNDA:0,(anonymous_0)
FNDA:0,(anonymous_1)
FNDA:0,(anonymous_2)
FNDA:0,(anonymous_3)
FNDA:0,(anonymous_4)
FNDA:0,(anonymous_5)
FNDA:0,(anonymous_6)
FNDA:0,(anonymous_7)
FNDA:0,(anonymous_8)
FNDA:0,(anonymous_9)
FNDA:0,(anonymous_10)
FNDA:0,(anonymous_11)
FNDA:0,(anonymous_12)
FNDA:0,(anonymous_13)
FNDA:0,(anonymous_14)
FNDA:0,(anonymous_15)
FNDA:0,(anonymous_16)
FNDA:0,(anonymous_17)
FNDA:0,(anonymous_18)
FNDA:0,(anonymous_19)
FNDA:0,(anonymous_20)
FNDA:0,(anonymous_21)
FNDA:0,(anonymous_22)
FNDA:0,(anonymous_23)
FNDA:0,(anonymous_24)
FNDA:0,(anonymous_25)
DA:17,1
DA:25,1
DA:26,0
DA:28,0
DA:30,0
DA:32,0
DA:34,0
DA:38,1
DA:39,0
DA:41,0
DA:43,0
DA:45,0
DA:47,0
DA:51,1
DA:52,0
DA:54,0
DA:56,0
DA:58,0
DA:60,0
DA:64,1
DA:71,0
DA:72,0
DA:73,0
DA:74,0
DA:75,0
DA:76,0
DA:77,0
DA:79,0
DA:80,0
DA:83,0
DA:84,0
DA:87,0
DA:89,0
DA:91,0
DA:93,0
DA:94,0
DA:97,0
DA:98,0
DA:107,0
DA:116,0
DA:117,0
DA:119,0
DA:120,0
DA:121,0
DA:122,0
DA:123,0
DA:126,0
DA:127,0
DA:129,0
DA:130,0
DA:131,0
DA:135,0
DA:137,0
DA:140,0
DA:144,0
DA:147,0
DA:150,0
DA:152,0
DA:153,0
DA:154,0
DA:159,0
DA:167,0
DA:170,0
DA:207,0
DA:215,0
DA:221,0
DA:229,0
DA:239,0
DA:244,0
DA:279,0
DA:288,0
DA:429,0
DA:495,0
DA:497,0
LF:74
LH:5
BRDA:26,0,0,0
BRDA:26,0,1,0
BRDA:26,0,2,0
BRDA:26,0,3,0
BRDA:39,1,0,0
BRDA:39,1,1,0
BRDA:39,1,2,0
BRDA:39,1,3,0
BRDA:52,2,0,0
BRDA:52,2,1,0
BRDA:52,2,2,0
BRDA:52,2,3,0
BRDA:89,3,0,0
BRDA:89,3,1,0
BRDA:91,4,0,0
BRDA:91,4,1,0
BRDA:93,5,0,0
BRDA:93,5,1,0
BRDA:94,6,0,0
BRDA:94,6,1,0
BRDA:94,6,2,0
BRDA:127,7,0,0
BRDA:127,7,1,0
BRDA:147,8,0,0
BRDA:147,8,1,0
BRDA:212,9,0,0
BRDA:212,9,1,0
BRDA:336,10,0,0
BRDA:336,10,1,0
BRDA:338,11,0,0
BRDA:338,11,1,0
BRDA:431,12,0,0
BRDA:431,12,1,0
BRDA:433,13,0,0
BRDA:433,13,1,0
BRDA:445,14,0,0
BRDA:445,14,1,0
BRDA:449,15,0,0
BRDA:449,15,1,0
BRDA:457,16,0,0
BRDA:457,16,1,0
BRDA:497,17,0,0
BRDA:497,17,1,0
BRF:43
BRH:0
end_of_record
TN:
SF:src/components/DiagnosticoVAK/VakError.jsx
FN:5,(anonymous_0)
FNF:1
FNH:1
FNDA:4,(anonymous_0)
DA:5,1
DA:6,4
DA:8,4
LF:3
LH:3
BRF:0
BRH:0
end_of_record
TN:
SF:src/components/DiagnosticoVAK/VakSkeleton.jsx
FN:3,(anonymous_0)
FN:17,(anonymous_1)
FNF:2
FNH:2
FNDA:5,(anonymous_0)
FNDA:20,(anonymous_1)
DA:3,1
DA:4,5
DA:18,20
LF:3
LH:3
BRF:0
BRH:0
end_of_record
TN:
SF:src/components/DiagnosticoVAK/vakHelpers.js
FN:7,(anonymous_0)
FN:24,(anonymous_1)
FN:29,(anonymous_2)
FN:30,(anonymous_3)
FN:34,(anonymous_4)
FN:40,(anonymous_5)
FNF:6
FNH:6
FNDA:7,(anonymous_0)
FNDA:8,(anonymous_1)
FNDA:3,(anonymous_2)
FNDA:9,(anonymous_3)
FNDA:5,(anonymous_4)
FNDA:8,(anonymous_5)
DA:1,2
DA:7,2
DA:8,7
DA:9,5
DA:10,5
DA:11,5
DA:17,5
DA:18,5
DA:20,1
DA:24,2
DA:25,8
DA:26,8
DA:29,2
DA:30,9
DA:31,3
DA:34,2
DA:35,5
DA:36,5
DA:37,5
DA:40,2
DA:41,8
DA:42,5
DA:43,5
LF:23
LH:23
BRDA:8,0,0,2
BRDA:8,0,1,5
BRDA:26,1,0,8
BRDA:26,1,1,5
BRDA:31,2,0,3
BRDA:31,2,1,2
BRDA:41,3,0,3
BRDA:41,3,1,5
BRF:8
BRH:8
end_of_record
TN:
SF:src/components/DiagnosticoVAK/vakIcons.js
FNF:0
FNH:0
DA:3,2
LF:1
LH:1
BRF:0
BRH:0
end_of_record
TN:
SF:src/components/DiagnosticoVAK/vakStyles.js
FN:31,(anonymous_0)
FN:67,(anonymous_1)
FN:100,(anonymous_2)
FN:109,(anonymous_3)
FN:130,(anonymous_4)
FN:133,(anonymous_5)
FN:134,(anonymous_6)
FNF:7
FNH:7
FNDA:15,(anonymous_0)
FNDA:8,(anonymous_1)
FNDA:8,(anonymous_2)
FNDA:16,(anonymous_3)
FNDA:12,(anonymous_4)
FNDA:36,(anonymous_5)
FNDA:13,(anonymous_6)
DA:1,2
DA:31,2
DA:32,15
DA:64,15
DA:67,2
DA:68,8
DA:97,8
DA:100,2
DA:101,8
DA:106,8
DA:109,2
DA:110,16
DA:112,14
DA:113,16
DA:115,12
DA:116,12
DA:117,6
DA:119,12
DA:120,12
DA:121,12
DA:122,16
DA:124,16
DA:130,16
DA:131,12
DA:132,12
DA:133,36
DA:134,13
DA:135,12
DA:136,12
DA:138,12
DA:219,12
DA:223,16
LF:32
LH:32
BRDA:64,0,0,15
BRDA:64,0,1,3
BRDA:97,1,0,8
BRDA:97,1,1,1
BRDA:106,2,0,8
BRDA:106,2,1,1
BRDA:110,3,0,2
BRDA:110,3,1,14
BRDA:112,4,0,14
BRDA:112,4,1,3
BRDA:113,5,0,2
BRDA:113,5,1,14
BRDA:113,6,0,16
BRDA:113,6,1,12
BRDA:116,7,0,6
BRDA:116,7,1,6
BRDA:116,8,0,12
BRDA:116,8,1,12
BRDA:117,9,0,5
BRDA:117,9,1,1
BRDA:117,10,0,6
BRDA:117,10,1,6
BRDA:121,11,0,12
BRDA:121,11,1,3
BRDA:121,11,2,1
BRDA:122,12,0,16
BRDA:122,12,1,1
BRDA:135,13,0,12
BRDA:135,13,1,0
BRDA:136,14,0,12
BRDA:136,14,1,0
BRDA:219,15,0,12
BRDA:219,15,1,1
BRF:33
BRH:31
end_of_record
TN:
SF:src/components/DiagnosticoVAK/screens/DocumentPreviewScreen.jsx
FN:18,(anonymous_0)
FN:74,(anonymous_1)
FN:75,(anonymous_2)
FN:195,(anonymous_3)
FN:314,(anonymous_4)
FNF:5
FNH:5
FNDA:5,(anonymous_0)
FNDA:9,(anonymous_1)
FNDA:3,(anonymous_2)
FNDA:9,(anonymous_3)
FNDA:6,(anonymous_4)
DA:18,1
DA:32,5
DA:34,5
DA:35,1
DA:42,3
DA:43,3
DA:44,5
DA:51,5
DA:54,5
DA:60,5
DA:67,5
DA:73,5
DA:74,9
DA:75,3
DA:76,5
DA:83,5
DA:85,5
DA:112,5
DA:196,9
DA:315,6
LF:20
LH:20
BRDA:34,0,0,1
BRDA:34,0,1,4
BRDA:43,1,0,3
BRDA:43,1,1,0
BRDA:51,2,0,5
BRDA:51,2,1,0
BRDA:51,3,0,5
BRDA:51,3,1,0
BRDA:54,4,0,3
BRDA:54,4,1,0
BRDA:56,5,0,0
BRDA:56,5,1,0
BRDA:60,6,0,3
BRDA:60,6,1,0
BRDA:62,7,0,0
BRDA:62,7,1,0
BRDA:67,8,0,3
BRDA:67,8,1,0
BRDA:69,9,0,0
BRDA:69,9,1,0
BRDA:73,10,0,5
BRDA:73,10,1,0
BRDA:76,11,0,3
BRDA:76,11,1,0
BRDA:77,12,0,0
BRDA:77,12,1,3
BRDA:79,13,0,3
BRDA:79,13,1,0
BRDA:83,14,0,3
BRDA:83,14,1,0
BRDA:88,15,0,5
BRDA:88,15,1,0
BRDA:96,16,0,5
BRDA:96,16,1,0
BRDA:104,17,0,5
BRDA:104,17,1,0
BRDA:157,18,0,5
BRDA:157,18,1,0
BRDA:157,18,2,0
BRDA:200,19,0,3
BRDA:200,19,1,6
BRDA:203,20,0,9
BRDA:203,20,1,3
BRDA:230,21,0,0
BRDA:230,21,1,3
BRDA:232,22,0,0
BRDA:232,22,1,0
BRDA:233,23,0,0
BRDA:233,23,1,0
BRDA:234,24,0,0
BRDA:234,24,1,0
BRDA:235,25,0,0
BRDA:235,25,1,0
BRDA:236,26,0,0
BRDA:236,26,1,0
BRDA:237,27,0,0
BRDA:237,27,1,0
BRDA:241,28,0,3
BRDA:241,28,1,3
BRDA:242,29,0,3
BRDA:242,29,1,0
BRDA:243,30,0,3
BRDA:243,30,1,0
BRDA:244,31,0,0
BRDA:244,31,1,0
BRDA:245,32,0,3
BRDA:245,32,1,0
BRDA:246,33,0,0
BRDA:246,33,1,0
BRDA:276,34,0,5
BRDA:276,34,1,3
BRDA:284,35,0,5
BRDA:284,35,1,0
BRDA:292,36,0,5
BRDA:292,36,1,0
BRDA:314,37,0,5
BRDA:314,37,1,0
BRDA:348,38,0,5
BRDA:348,38,1,3
BRF:79
BRH:34
end_of_record
TN:
SF:src/components/DiagnosticoVAK/screens/HabeasDataModal.jsx
FN:10,(anonymous_0)
FN:21,(anonymous_1)
FNF:2
FNH:2
FNDA:5,(anonymous_0)
FNDA:2,(anonymous_1)
DA:10,1
DA:11,5
DA:13,5
DA:21,2
LF:4
LH:4
BRF:0
BRH:0
end_of_record
TN:
SF:src/components/DiagnosticoVAK/screens/documentActions.jsx
FN:5,(anonymous_0)
FN:60,(anonymous_1)
FNF:2
FNH:1
FNDA:4,(anonymous_0)
FNDA:0,(anonymous_1)
DA:5,1
DA:6,4
DA:8,4
DA:60,0
LF:4
LH:3
BRDA:24,0,0,0
BRDA:24,0,1,3
BRF:2
BRH:1
end_of_record
TN:
SF:src/components/DiagnosticoVAK/screens/documentStyles.js
FN:247,(anonymous_0)
FN:301,(anonymous_1)
FN:420,(anonymous_2)
FN:431,(anonymous_3)
FN:451,(anonymous_4)
FN:459,(anonymous_5)
FN:480,(anonymous_6)
FN:488,(anonymous_7)
FN:498,(anonymous_8)
FN:562,(anonymous_9)
FN:574,(anonymous_10)
FN:596,(anonymous_11)
FN:608,(anonymous_12)
FN:616,(anonymous_13)
FN:651,(anonymous_14)
FN:685,(anonymous_15)
FN:758,(anonymous_16)
FN:782,(anonymous_17)
FN:791,(anonymous_18)
FN:831,(anonymous_19)
FNF:20
FNH:20
FNDA:6,(anonymous_0)
FNDA:3,(anonymous_1)
FNDA:9,(anonymous_2)
FNDA:3,(anonymous_3)
FNDA:9,(anonymous_4)
FNDA:9,(anonymous_5)
FNDA:9,(anonymous_6)
FNDA:3,(anonymous_7)
FNDA:3,(anonymous_8)
FNDA:6,(anonymous_9)
FNDA:6,(anonymous_10)
FNDA:15,(anonymous_11)
FNDA:3,(anonymous_12)
FNDA:3,(anonymous_13)
FNDA:6,(anonymous_14)
FNDA:18,(anonymous_15)
FNDA:3,(anonymous_16)
FNDA:3,(anonymous_17)
FNDA:3,(anonymous_18)
FNDA:3,(anonymous_19)
DA:1,1
DA:10,1
DA:18,1
DA:29,1
DA:40,1
DA:46,1
DA:58,1
DA:66,1
DA:74,1
DA:80,1
DA:86,1
DA:97,1
DA:103,1
DA:109,1
DA:115,1
DA:120,1
DA:125,1
DA:133,1
DA:140,1
DA:144,1
DA:152,1
DA:160,1
DA:166,1
DA:171,1
DA:187,1
DA:198,1
DA:206,1
DA:215,1
DA:226,1
DA:232,1
DA:239,1
DA:247,6
DA:260,1
DA:267,1
DA:273,1
DA:277,1
DA:282,1
DA:286,1
DA:294,1
DA:301,3
DA:312,1
DA:327,1
DA:336,1
DA:343,1
DA:351,1
DA:363,1
DA:372,1
DA:379,1
DA:387,1
DA:397,1
DA:404,1
DA:414,1
DA:420,9
DA:431,3
DA:442,1
DA:451,9
DA:459,9
DA:466,1
DA:472,1
DA:480,9
DA:488,3
DA:498,3
DA:511,1
DA:518,1
DA:526,1
DA:535,1
DA:542,1
DA:548,1
DA:554,1
DA:562,6
DA:574,6
DA:585,1
DA:589,1
DA:596,15
DA:604,1
DA:608,3
DA:616,3
DA:624,1
DA:632,1
DA:638,1
DA:646,1
DA:651,6
DA:656,1
DA:668,1
DA:679,1
DA:685,18
DA:695,1
DA:702,1
DA:712,1
DA:722,1
DA:734,1
DA:739,1
DA:746,1
DA:754,1
DA:758,3
DA:768,1
DA:775,1
DA:782,3
DA:791,3
DA:801,1
DA:807,1
DA:809,1
DA:816,1
DA:822,1
DA:831,3
DA:839,1
DA:847,1
DA:854,1
DA:861,1
DA:868,1
DA:879,1
DA:885,1
DA:891,1
DA:895,1
DA:902,1
DA:909,1
DA:917,1
DA:922,1
DA:927,1
DA:932,1
LF:120
LH:120
BRF:0
BRH:0
end_of_record
TN:
SF:src/components/DiagnosticoVAK/screens/documentSections/CareersSection.jsx
FN:5,(anonymous_0)
FN:17,(anonymous_1)
FNF:2
FNH:2
FNDA:3,(anonymous_0)
FNDA:18,(anonymous_1)
DA:5,1
DA:6,3
DA:8,3
DA:18,18
LF:4
LH:4
BRF:0
BRH:0
end_of_record
TN:
SF:src/components/DiagnosticoVAK/screens/documentSections/CharacteristicsSection.jsx
FN:5,(anonymous_0)
FN:17,(anonymous_1)
FNF:2
FNH:2
FNDA:3,(anonymous_0)
FNDA:15,(anonymous_1)
DA:5,1
DA:6,3
DA:8,3
DA:18,15
LF:4
LH:4
BRF:0
BRH:0
end_of_record
TN:
SF:src/components/DiagnosticoVAK/screens/documentSections/FooterSection.jsx
FN:4,(anonymous_0)
FNF:1
FNH:1
FNDA:3,(anonymous_0)
DA:4,1
DA:5,3
DA:7,3
LF:3
LH:3
BRF:0
BRH:0
end_of_record
TN:
SF:src/components/DiagnosticoVAK/screens/documentSections/GuardianSection.jsx
FN:5,(anonymous_0)
FNF:1
FNH:1
FNDA:3,(anonymous_0)
DA:5,1
DA:11,3
DA:13,3
LF:3
LH:3
BRDA:22,0,0,3
BRDA:22,0,1,0
BRDA:22,0,2,0
BRDA:28,1,0,3
BRDA:28,1,1,0
BRDA:28,1,2,0
BRDA:34,2,0,3
BRDA:34,2,1,0
BRDA:34,2,2,0
BRF:9
BRH:3
end_of_record
TN:
SF:src/components/DiagnosticoVAK/screens/documentSections/HeaderSection.jsx
FN:4,(anonymous_0)
FNF:1
FNH:1
FNDA:3,(anonymous_0)
DA:4,1
DA:5,3
DA:7,3
LF:3
LH:3
BRDA:25,0,0,3
BRDA:25,0,1,0
BRF:2
BRH:1
end_of_record
TN:
SF:src/components/DiagnosticoVAK/screens/documentSections/ParentTipsSection.jsx
FN:6,(anonymous_0)
FN:19,(anonymous_1)
FNF:2
FNH:2
FNDA:3,(anonymous_0)
FNDA:21,(anonymous_1)
DA:6,1
DA:7,3
DA:9,3
DA:20,21
LF:4
LH:4
BRF:0
BRH:0
end_of_record
TN:
SF:src/components/DiagnosticoVAK/screens/documentSections/QRSection.jsx
FN:4,(anonymous_0)
FNF:1
FNH:1
FNDA:3,(anonymous_0)
DA:4,1
DA:5,3
DA:7,3
DA:9,3
LF:4
LH:4
BRDA:7,0,0,0
BRDA:7,0,1,3
BRF:2
BRH:1
end_of_record
TN:
SF:src/components/DiagnosticoVAK/screens/documentSections/ResultHeroSection.jsx
FN:4,(anonymous_0)
FNF:1
FNH:1
FNDA:3,(anonymous_0)
DA:4,1
DA:5,3
DA:6,3
DA:8,3
LF:4
LH:4
BRDA:6,0,0,3
BRDA:6,0,1,0
BRDA:26,1,0,3
BRDA:26,1,1,0
BRF:4
BRH:2
end_of_record
TN:
SF:src/components/DiagnosticoVAK/screens/documentSections/StudentInfoSection.jsx
FN:6,(anonymous_0)
FNF:1
FNH:1
FNDA:3,(anonymous_0)
DA:6,1
DA:13,3
DA:15,3
LF:3
LH:3
BRDA:28,0,0,3
BRDA:28,0,1,0
BRDA:28,0,2,0
BRDA:34,1,0,3
BRDA:34,1,1,0
BRDA:34,1,2,0
BRDA:40,2,0,3
BRDA:40,2,1,0
BRF:8
BRH:3
end_of_record
TN:
SF:src/components/DiagnosticoVAK/screens/documentSections/ValentinaCommentarySection.jsx
FN:5,(anonymous_0)
FN:21,(anonymous_1)
FNF:2
FNH:1
FNDA:3,(anonymous_0)
FNDA:0,(anonymous_1)
DA:5,1
DA:11,3
DA:13,3
DA:22,0
DA:23,0
LF:5
LH:3
BRF:0
BRH:0
end_of_record
TN:
SF:src/components/IALab/A11yProvider.jsx
FN:5,(anonymous_0)
FN:7,(anonymous_1)
FN:12,(anonymous_2)
FN:21,(anonymous_3)
FN:23,(anonymous_4)
FN:26,(anonymous_5)
FN:31,(anonymous_6)
FN:35,(anonymous_7)
FNF:8
FNH:5
FNDA:5,(anonymous_0)
FNDA:6,(anonymous_1)
FNDA:5,(anonymous_2)
FNDA:1,(anonymous_3)
FNDA:1,(anonymous_4)
FNDA:0,(anonymous_5)
FNDA:0,(anonymous_6)
FNDA:0,(anonymous_7)
DA:3,1
DA:5,5
DA:7,1
DA:8,6
DA:9,6
DA:10,6
DA:12,6
DA:13,5
DA:14,5
DA:15,5
DA:16,5
DA:17,5
DA:21,6
DA:22,1
DA:23,1
DA:26,6
DA:27,0
DA:28,0
DA:29,0
DA:30,0
DA:31,0
DA:35,6
DA:36,0
DA:37,0
DA:40,6
LF:25
LH:18
BRDA:15,0,0,5
BRDA:15,0,1,0
BRDA:15,1,0,5
BRDA:15,1,1,4
BRDA:16,2,0,0
BRDA:16,2,1,5
BRDA:28,3,0,0
BRDA:28,3,1,0
BRF:8
BRH:4
end_of_record
TN:
SF:src/components/IALab/AchievementToast.jsx
FN:11,(anonymous_0)
FN:16,(anonymous_1)
FN:36,(anonymous_2)
FNF:3
FNH:0
FNDA:0,(anonymous_0)
FNDA:0,(anonymous_1)
FNDA:0,(anonymous_2)
DA:5,0
DA:11,0
DA:12,0
DA:13,0
DA:17,0
DA:18,0
DA:36,0
DA:53,0
LF:8
LH:0
BRDA:17,0,0,0
BRDA:17,0,1,0
BRDA:25,1,0,0
BRDA:25,1,1,0
BRDA:29,2,0,0
BRDA:29,2,1,0
BRF:6
BRH:0
end_of_record
TN:
SF:src/components/IALab/BadgeCard.jsx
FN:15,(anonymous_0)
FN:42,(anonymous_1)
FN:55,(anonymous_2)
FN:60,(anonymous_3)
FN:99,(anonymous_4)
FNF:5
FNH:1
FNDA:0,(anonymous_0)
FNDA:0,(anonymous_1)
FNDA:6,(anonymous_2)
FNDA:0,(anonymous_3)
FNDA:0,(anonymous_4)
DA:6,2
DA:15,2
DA:16,0
DA:40,2
DA:42,0
DA:55,2
DA:56,6
DA:57,6
DA:59,6
DA:60,6
DA:73,6
DA:100,0
DA:153,2
LF:13
LH:10
BRDA:33,0,0,0
BRDA:33,0,1,0
BRDA:34,1,0,0
BRDA:34,1,1,0
BRDA:55,2,0,6
BRDA:59,3,0,6
BRDA:59,3,1,0
BRDA:79,4,0,0
BRDA:79,4,1,6
BRDA:80,5,0,0
BRDA:80,5,1,6
BRDA:83,6,0,4
BRDA:83,6,1,2
BRDA:87,7,0,4
BRDA:87,7,1,2
BRDA:89,8,0,6
BRDA:89,8,1,4
BRDA:91,9,0,4
BRDA:91,9,1,4
BRDA:99,10,0,4
BRDA:99,10,1,4
BRDA:99,10,2,0
BRDA:107,11,0,4
BRDA:107,11,1,2
BRDA:108,12,0,4
BRDA:108,12,1,2
BRDA:112,13,0,4
BRDA:112,13,1,2
BRDA:112,14,0,6
BRDA:112,14,1,4
BRDA:121,15,0,4
BRDA:121,15,1,2
BRDA:127,16,0,6
BRDA:127,16,1,4
BRDA:127,16,2,4
BRDA:137,17,0,6
BRDA:137,17,1,2
BRF:37
BRH:29
end_of_record
TN:
SF:src/components/IALab/Breadcrumbs.jsx
FN:16,Breadcrumbs
FN:25,(anonymous_1)
FNF:2
FNH:2
FNDA:1,Breadcrumbs
FNDA:2,(anonymous_1)
DA:16,1
DA:17,1
DA:18,1
DA:19,1
DA:20,1
DA:22,1
DA:26,2
LF:7
LH:7
BRDA:16,0,0,1
BRDA:16,1,0,1
BRDA:16,2,0,1
BRDA:18,3,0,0
BRDA:18,3,1,1
BRDA:18,4,0,1
BRDA:18,4,1,1
BRDA:27,5,0,2
BRDA:27,5,1,1
BRDA:31,6,0,2
BRDA:31,6,1,0
BRDA:36,7,0,2
BRDA:36,7,1,0
BRDA:39,8,0,0
BRDA:39,8,1,0
BRDA:44,9,0,0
BRDA:44,9,1,0
BRDA:55,10,0,1
BRDA:55,10,1,1
BRDA:60,11,0,1
BRDA:60,11,1,0
BRF:21
BRH:13
end_of_record
TN:
SF:src/components/IALab/CertificatePreview.jsx
FN:13,(anonymous_0)
FN:26,(anonymous_1)
FN:68,(anonymous_2)
FN:175,(anonymous_3)
FN:255,(anonymous_4)
FNF:5
FNH:3
FNDA:10,(anonymous_0)
FNDA:1,(anonymous_1)
FNDA:0,(anonymous_2)
FNDA:0,(anonymous_3)
FNDA:32,(anonymous_4)
DA:7,1
DA:13,1
DA:14,10
DA:15,10
DA:16,10
DA:17,10
DA:18,10
DA:20,10
DA:21,10
DA:22,10
DA:26,10
DA:27,1
DA:28,1
DA:29,1
DA:30,1
DA:31,1
DA:32,1
DA:35,1
DA:36,1
DA:39,1
DA:40,0
DA:41,0
DA:42,0
DA:43,0
DA:44,0
DA:45,0
DA:49,0
DA:50,0
DA:51,0
DA:52,0
DA:53,0
DA:54,0
DA:55,0
DA:58,0
DA:59,0
DA:60,0
DA:61,0
DA:62,0
DA:65,0
DA:66,0
DA:67,0
DA:68,0
DA:69,0
DA:70,0
DA:74,0
DA:75,0
DA:76,0
DA:77,0
DA:80,0
DA:81,0
DA:82,0
DA:83,0
DA:86,0
DA:87,0
DA:88,0
DA:91,0
DA:92,0
DA:93,0
DA:94,0
DA:97,0
DA:98,0
DA:99,0
DA:102,0
DA:103,0
DA:104,0
DA:105,0
DA:108,0
DA:109,0
DA:110,0
DA:111,0
DA:114,0
DA:115,0
DA:116,0
DA:117,0
DA:118,0
DA:121,0
DA:122,0
DA:123,0
DA:124,0
DA:125,0
DA:126,0
DA:127,0
DA:128,0
DA:129,0
DA:130,0
DA:131,0
DA:132,0
DA:133,0
DA:136,0
DA:137,0
DA:138,0
DA:141,0
DA:142,0
DA:143,0
DA:146,0
DA:147,0
DA:148,0
DA:149,0
DA:150,0
DA:153,0
DA:154,0
DA:155,0
DA:156,0
DA:157,0
DA:158,0
DA:159,0
DA:160,0
DA:163,0
DA:164,0
DA:165,0
DA:166,0
DA:167,0
DA:168,0
DA:169,0
DA:170,0
DA:173,0
DA:174,0
DA:175,0
DA:176,0
DA:177,0
DA:178,0
DA:179,0
DA:180,0
DA:181,0
DA:182,0
DA:183,0
DA:184,0
DA:185,0
DA:186,0
DA:190,0
DA:191,0
DA:192,0
DA:193,0
DA:194,0
DA:195,0
DA:196,0
DA:198,0
DA:199,0
DA:200,0
DA:201,0
DA:203,0
DA:205,1
DA:207,1
DA:211,10
DA:212,1
DA:235,8
DA:256,32
DA:442,1
LF:148
LH:27
BRDA:13,0,0,10
BRDA:20,1,0,10
BRDA:20,1,1,4
BRDA:21,2,0,10
BRDA:21,2,1,8
BRDA:22,3,0,1
BRDA:22,3,1,8
BRDA:205,4,0,1
BRDA:205,4,1,0
BRDA:211,5,0,1
BRDA:211,5,1,9
BRDA:219,6,0,0
BRDA:219,6,1,1
BRDA:424,7,0,1
BRDA:424,7,1,7
BRF:15
BRH:13
end_of_record
TN:
SF:src/components/IALab/CourseCard.jsx
FN:10,(anonymous_0)
FN:21,(anonymous_1)
FN:86,(anonymous_2)
FN:102,(anonymous_3)
FN:150,(anonymous_4)
FNF:5
FNH:5
FNDA:13,(anonymous_0)
FNDA:13,(anonymous_1)
FNDA:65,(anonymous_2)
FNDA:38,(anonymous_3)
FNDA:2,(anonymous_4)
DA:10,2
DA:11,13
DA:12,13
DA:13,13
DA:14,13
DA:15,13
DA:16,13
DA:21,13
DA:22,13
DA:27,13
DA:30,13
DA:87,65
DA:103,38
DA:150,2
DA:183,2
LF:15
LH:15
BRDA:23,0,0,12
BRDA:23,0,1,1
BRDA:27,1,0,13
BRDA:27,1,1,0
BRDA:35,2,0,0
BRDA:35,2,1,13
BRDA:36,3,0,0
BRDA:36,3,1,13
BRDA:56,4,0,0
BRDA:56,4,1,13
BRDA:74,5,0,0
BRDA:74,5,1,13
BRDA:90,6,0,52
BRDA:90,6,1,13
BRDA:118,7,0,13
BRDA:118,7,1,13
BRDA:129,8,0,13
BRDA:129,8,1,11
BRDA:129,8,2,10
BRDA:148,9,0,0
BRDA:148,9,1,13
BRDA:149,10,0,0
BRDA:149,10,1,13
BRDA:150,11,0,1
BRDA:150,11,1,1
BRDA:153,12,0,13
BRDA:153,12,1,13
BRDA:161,13,0,13
BRDA:161,13,1,13
BRDA:170,14,0,13
BRDA:170,14,1,0
BRF:31
BRH:23
end_of_record
TN:
SF:src/components/IALab/DailyPlan.jsx
FN:9,(anonymous_0)
FN:11,(anonymous_1)
FN:50,(anonymous_2)
FN:53,(anonymous_3)
FN:54,(anonymous_4)
FN:55,(anonymous_5)
FN:56,(anonymous_6)
FN:57,(anonymous_7)
FN:60,(anonymous_8)
FN:64,(anonymous_9)
FN:64,(anonymous_10)
FN:66,(anonymous_11)
FN:79,(anonymous_12)
FN:86,(anonymous_13)
FN:91,(anonymous_14)
FN:94,(anonymous_15)
FN:95,(anonymous_16)
FN:100,(anonymous_17)
FN:117,(anonymous_18)
FN:118,(anonymous_19)
FN:141,(anonymous_20)
FN:142,(anonymous_21)
FN:153,(anonymous_22)
FN:168,(anonymous_23)
FN:260,(anonymous_24)
FN:270,(anonymous_25)
FN:284,(anonymous_26)
FN:309,(anonymous_27)
FN:364,(anonymous_28)
FNF:29
FNH:0
FNDA:0,(anonymous_0)
FNDA:0,(anonymous_1)
FNDA:0,(anonymous_2)
FNDA:0,(anonymous_3)
FNDA:0,(anonymous_4)
FNDA:0,(anonymous_5)
FNDA:0,(anonymous_6)
FNDA:0,(anonymous_7)
FNDA:0,(anonymous_8)
FNDA:0,(anonymous_9)
FNDA:0,(anonymous_10)
FNDA:0,(anonymous_11)
FNDA:0,(anonymous_12)
FNDA:0,(anonymous_13)
FNDA:0,(anonymous_14)
FNDA:0,(anonymous_15)
FNDA:0,(anonymous_16)
FNDA:0,(anonymous_17)
FNDA:0,(anonymous_18)
FNDA:0,(anonymous_19)
FNDA:0,(anonymous_20)
FNDA:0,(anonymous_21)
FNDA:0,(anonymous_22)
FNDA:0,(anonymous_23)
FNDA:0,(anonymous_24)
FNDA:0,(anonymous_25)
FNDA:0,(anonymous_26)
FNDA:0,(anonymous_27)
FNDA:0,(anonymous_28)
DA:9,0
DA:11,0
DA:12,0
DA:13,0
DA:14,0
DA:15,0
DA:16,0
DA:18,0
DA:21,0
DA:48,0
DA:50,0
DA:51,0
DA:52,0
DA:53,0
DA:54,0
DA:55,0
DA:56,0
DA:57,0
DA:58,0
DA:60,0
DA:62,0
DA:63,0
DA:64,0
DA:66,0
DA:67,0
DA:68,0
DA:69,0
DA:70,0
DA:71,0
DA:72,0
DA:79,0
DA:80,0
DA:81,0
DA:82,0
DA:83,0
DA:84,0
DA:85,0
DA:86,0
DA:87,0
DA:91,0
DA:92,0
DA:94,0
DA:95,0
DA:96,0
DA:97,0
DA:98,0
DA:100,0
DA:101,0
DA:102,0
DA:117,0
DA:118,0
DA:119,0
DA:120,0
DA:134,0
DA:135,0
DA:136,0
DA:138,0
DA:141,0
DA:142,0
DA:145,0
DA:146,0
DA:154,0
DA:167,0
DA:168,0
DA:171,0
DA:172,0
DA:209,0
DA:261,0
DA:262,0
DA:263,0
DA:264,0
DA:265,0
DA:266,0
DA:268,0
DA:269,0
DA:270,0
DA:272,0
DA:273,0
DA:285,0
DA:286,0
DA:287,0
DA:309,0
DA:342,0
DA:343,0
DA:364,0
LF:85
LH:0
BRDA:14,0,0,0
BRDA:14,0,1,0
BRDA:16,1,0,0
BRDA:16,1,1,0
BRDA:16,2,0,0
BRDA:16,2,1,0
BRDA:67,3,0,0
BRDA:67,3,1,0
BRDA:80,4,0,0
BRDA:80,4,1,0
BRDA:80,5,0,0
BRDA:80,5,1,0
BRDA:82,6,0,0
BRDA:82,6,1,0
BRDA:82,7,0,0
BRDA:82,7,1,0
BRDA:84,8,0,0
BRDA:84,8,1,0
BRDA:96,9,0,0
BRDA:96,9,1,0
BRDA:97,10,0,0
BRDA:97,10,1,0
BRDA:101,11,0,0
BRDA:101,11,1,0
BRDA:119,12,0,0
BRDA:119,12,1,0
BRDA:145,13,0,0
BRDA:145,13,1,0
BRDA:168,14,0,0
BRDA:168,14,1,0
BRDA:171,15,0,0
BRDA:171,15,1,0
BRDA:188,16,0,0
BRDA:188,16,1,0
BRDA:218,17,0,0
BRDA:218,17,1,0
BRDA:228,18,0,0
BRDA:228,18,1,0
BRDA:233,19,0,0
BRDA:233,19,1,0
BRDA:242,20,0,0
BRDA:242,20,1,0
BRDA:249,21,0,0
BRDA:249,21,1,0
BRDA:249,21,2,0
BRDA:249,21,3,0
BRDA:253,22,0,0
BRDA:253,22,1,0
BRDA:253,23,0,0
BRDA:253,23,1,0
BRDA:253,24,0,0
BRDA:253,24,1,0
BRDA:253,25,0,0
BRDA:253,25,1,0
BRDA:261,26,0,0
BRDA:261,26,1,0
BRDA:263,27,0,0
BRDA:263,27,1,0
BRDA:265,28,0,0
BRDA:265,28,1,0
BRDA:268,29,0,0
BRDA:268,29,1,0
BRDA:272,30,0,0
BRDA:272,30,1,0
BRDA:285,31,0,0
BRDA:285,31,1,0
BRDA:290,32,0,0
BRDA:290,32,1,0
BRDA:294,33,0,0
BRDA:294,33,1,0
BRDA:301,34,0,0
BRDA:301,34,1,0
BRDA:303,35,0,0
BRDA:303,35,1,0
BRDA:307,36,0,0
BRDA:307,36,1,0
BRDA:311,37,0,0
BRDA:311,37,1,0
BRDA:322,38,0,0
BRDA:322,38,1,0
BRDA:323,39,0,0
BRDA:323,39,1,0
BRDA:325,40,0,0
BRDA:325,40,1,0
BRDA:330,41,0,0
BRDA:330,41,1,0
BRDA:342,42,0,0
BRDA:342,42,1,0
BRDA:346,43,0,0
BRDA:346,43,1,0
BRDA:350,44,0,0
BRDA:350,44,1,0
BRDA:351,45,0,0
BRDA:351,45,1,0
BRDA:362,46,0,0
BRDA:362,46,1,0
BRF:96
BRH:0
end_of_record
TN:
SF:src/components/IALab/GlobalSearchBar.jsx
FN:14,(anonymous_0)
FN:46,(anonymous_1)
FN:56,(anonymous_2)
FN:60,(anonymous_3)
FN:68,(anonymous_4)
FN:74,(anonymous_5)
FN:88,(anonymous_6)
FN:92,(anonymous_7)
FN:94,(anonymous_8)
FN:95,(anonymous_9)
FN:98,(anonymous_10)
FN:99,(anonymous_11)
FN:111,(anonymous_12)
FN:114,(anonymous_13)
FN:115,(anonymous_14)
FN:123,(anonymous_15)
FN:126,(anonymous_16)
FN:146,(anonymous_17)
FN:160,(anonymous_18)
FN:162,(anonymous_19)
FN:194,(anonymous_20)
FN:221,(anonymous_21)
FN:222,(anonymous_22)
FN:241,(anonymous_23)
FN:247,(anonymous_24)
FN:248,(anonymous_25)
FNF:26
FNH:15
FNDA:5,(anonymous_0)
FNDA:9,(anonymous_1)
FNDA:1,(anonymous_2)
FNDA:2,(anonymous_3)
FNDA:1,(anonymous_4)
FNDA:2,(anonymous_5)
FNDA:0,(anonymous_6)
FNDA:5,(anonymous_7)
FNDA:1,(anonymous_8)
FNDA:2,(anonymous_9)
FNDA:3,(anonymous_10)
FNDA:0,(anonymous_11)
FNDA:3,(anonymous_12)
FNDA:5,(anonymous_13)
FNDA:0,(anonymous_14)
FNDA:5,(anonymous_15)
FNDA:0,(anonymous_16)
FNDA:0,(anonymous_17)
FNDA:0,(anonymous_18)
FNDA:0,(anonymous_19)
FNDA:0,(anonymous_20)
FNDA:2,(anonymous_21)
FNDA:0,(anonymous_22)
FNDA:1,(anonymous_23)
FNDA:0,(anonymous_24)
FNDA:0,(anonymous_25)
DA:8,1
DA:14,1
DA:15,5
DA:16,5
DA:17,5
DA:18,5
DA:19,4
DA:20,4
DA:21,4
DA:22,4
DA:23,62
DA:24,9
DA:25,9
DA:26,9
DA:28,53
DA:31,4
DA:32,0
DA:33,0
DA:46,1
DA:47,9
DA:48,9
DA:49,9
DA:50,9
DA:51,9
DA:52,9
DA:53,9
DA:54,9
DA:56,9
DA:57,1
DA:58,1
DA:60,1
DA:61,2
DA:62,2
DA:63,0
DA:65,2
DA:66,2
DA:67,2
DA:68,2
DA:69,1
DA:70,1
DA:71,1
DA:73,1
DA:74,1
DA:75,2
DA:76,2
DA:77,2
DA:78,2
DA:79,0
DA:88,1
DA:89,1
DA:92,9
DA:93,5
DA:94,2
DA:95,2
DA:98,9
DA:99,3
DA:100,0
DA:101,0
DA:102,0
DA:103,0
DA:105,0
DA:106,0
DA:107,0
DA:110,3
DA:111,3
DA:114,9
DA:115,5
DA:116,0
DA:117,0
DA:120,5
DA:121,2
DA:123,5
DA:126,9
DA:127,0
DA:128,0
DA:129,0
DA:130,0
DA:133,9
DA:134,0
DA:146,0
DA:161,0
DA:162,0
DA:190,9
DA:192,9
DA:194,9
DA:195,0
DA:196,0
DA:197,0
DA:198,0
DA:199,0
DA:200,0
DA:201,0
DA:202,0
DA:203,0
DA:204,0
DA:205,0
DA:206,0
DA:207,0
DA:208,0
DA:212,9
DA:221,2
DA:222,0
DA:242,1
DA:247,0
DA:248,0
DA:283,1
LF:106
LH:68
BRDA:15,0,0,0
BRDA:15,0,1,5
BRDA:15,1,0,5
BRDA:15,1,1,5
BRDA:18,2,0,1
BRDA:18,2,1,4
BRDA:22,3,0,4
BRDA:22,3,1,62
BRDA:23,4,0,9
BRDA:23,4,1,53
BRDA:31,5,0,4
BRDA:31,5,1,0
BRDA:57,6,0,0
BRDA:57,6,1,1
BRDA:62,7,0,0
BRDA:62,7,1,2
BRDA:66,8,0,2
BRDA:66,8,1,0
BRDA:67,9,0,2
BRDA:67,9,1,0
BRDA:69,10,0,1
BRDA:69,10,1,0
BRDA:70,11,0,1
BRDA:70,11,1,0
BRDA:73,12,0,1
BRDA:73,12,1,0
BRDA:75,13,0,2
BRDA:75,13,1,0
BRDA:75,13,2,0
BRDA:76,14,0,0
BRDA:76,14,1,2
BRDA:78,15,0,0
BRDA:78,15,1,2
BRDA:93,16,0,3
BRDA:93,16,1,2
BRDA:100,17,0,0
BRDA:100,17,1,0
BRDA:100,18,0,0
BRDA:100,18,1,0
BRDA:100,18,2,0
BRDA:105,19,0,0
BRDA:105,19,1,0
BRDA:116,20,0,0
BRDA:116,20,1,0
BRDA:116,21,0,0
BRDA:116,21,1,0
BRDA:120,22,0,2
BRDA:120,22,1,3
BRDA:133,23,0,0
BRDA:133,23,1,9
BRDA:155,24,0,0
BRDA:155,24,1,0
BRDA:157,25,0,0
BRDA:157,25,1,0
BRDA:166,26,0,0
BRDA:166,26,1,0
BRDA:167,27,0,0
BRDA:167,27,1,0
BRDA:176,28,0,0
BRDA:176,28,1,0
BRDA:195,29,0,0
BRDA:195,29,1,0
BRDA:195,30,0,0
BRDA:195,30,1,0
BRDA:196,31,0,0
BRDA:196,31,1,0
BRDA:198,32,0,0
BRDA:198,32,1,0
BRDA:201,33,0,0
BRDA:201,33,1,0
BRDA:203,34,0,0
BRDA:203,34,1,0
BRDA:206,35,0,0
BRDA:206,35,1,0
BRDA:206,36,0,0
BRDA:206,36,1,0
BRDA:215,37,0,9
BRDA:215,37,1,3
BRDA:238,38,0,9
BRDA:238,38,1,3
BRDA:238,38,2,3
BRDA:238,38,3,1
BRDA:250,39,0,0
BRDA:250,39,1,1
BRDA:256,40,0,0
BRDA:256,40,1,1
BRDA:257,41,0,1
BRDA:257,41,1,0
BRDA:273,42,0,9
BRDA:273,42,1,3
BRDA:273,42,2,3
BRDA:273,42,3,2
BRF:92
BRH:38
end_of_record
TN:
SF:src/components/IALab/IALab.css
FNF:0
FNH:0
LF:0
LH:0
BRF:0
BRH:0
end_of_record
TN:
SF:src/components/IALab/IALab.jsx
FN:29,(anonymous_0)
FN:31,(anonymous_1)
FN:32,(anonymous_2)
FN:33,(anonymous_3)
FN:34,(anonymous_4)
FN:35,(anonymous_5)
FN:36,(anonymous_6)
FN:54,(anonymous_7)
FN:59,(anonymous_8)
FN:75,(anonymous_9)
FN:78,(anonymous_10)
FN:93,(anonymous_11)
FN:97,(anonymous_12)
FN:98,(anonymous_13)
FN:103,(anonymous_14)
FN:104,(anonymous_15)
FN:121,(anonymous_16)
FN:132,(anonymous_17)
FN:144,(anonymous_18)
FN:150,(anonymous_19)
FN:151,(anonymous_20)
FN:151,(anonymous_21)
FN:153,(anonymous_22)
FN:156,(anonymous_23)
FN:157,(anonymous_24)
FN:158,(anonymous_25)
FN:165,(anonymous_26)
FN:169,(anonymous_27)
FN:170,(anonymous_28)
FN:173,(anonymous_29)
FN:179,(anonymous_30)
FN:183,(anonymous_31)
FN:184,(anonymous_32)
FN:189,(anonymous_33)
FN:190,(anonymous_34)
FN:191,(anonymous_35)
FN:193,(anonymous_36)
FN:197,(anonymous_37)
FN:208,(anonymous_38)
FN:209,(anonymous_39)
FN:213,(anonymous_40)
FN:215,(anonymous_41)
FN:216,(anonymous_42)
FN:222,(anonymous_43)
FN:225,(anonymous_44)
FN:305,(anonymous_45)
FN:306,(anonymous_46)
FN:359,(anonymous_47)
FN:359,(anonymous_48)
FN:401,(anonymous_49)
FN:409,(anonymous_50)
FN:422,(anonymous_51)
FN:435,(anonymous_52)
FNF:53
FNH:26
FNDA:0,(anonymous_0)
FNDA:1,(anonymous_1)
FNDA:1,(anonymous_2)
FNDA:1,(anonymous_3)
FNDA:1,(anonymous_4)
FNDA:1,(anonymous_5)
FNDA:1,(anonymous_6)
FNDA:0,(anonymous_7)
FNDA:4,(anonymous_8)
FNDA:0,(anonymous_9)
FNDA:0,(anonymous_10)
FNDA:4,(anonymous_11)
FNDA:0,(anonymous_12)
FNDA:0,(anonymous_13)
FNDA:0,(anonymous_14)
FNDA:0,(anonymous_15)
FNDA:4,(anonymous_16)
FNDA:4,(anonymous_17)
FNDA:0,(anonymous_18)
FNDA:4,(anonymous_19)
FNDA:0,(anonymous_20)
FNDA:0,(anonymous_21)
FNDA:4,(anonymous_22)
FNDA:4,(anonymous_23)
FNDA:4,(anonymous_24)
FNDA:0,(anonymous_25)
FNDA:4,(anonymous_26)
FNDA:4,(anonymous_27)
FNDA:0,(anonymous_28)
FNDA:0,(anonymous_29)
FNDA:4,(anonymous_30)
FNDA:4,(anonymous_31)
FNDA:4,(anonymous_32)
FNDA:4,(anonymous_33)
FNDA:4,(anonymous_34)
FNDA:4,(anonymous_35)
FNDA:0,(anonymous_36)
FNDA:0,(anonymous_37)
FNDA:4,(anonymous_38)
FNDA:8,(anonymous_39)
FNDA:0,(anonymous_40)
FNDA:0,(anonymous_41)
FNDA:0,(anonymous_42)
FNDA:0,(anonymous_43)
FNDA:0,(anonymous_44)
FNDA:4,(anonymous_45)
FNDA:0,(anonymous_46)
FNDA:0,(anonymous_47)
FNDA:0,(anonymous_48)
FNDA:0,(anonymous_49)
FNDA:0,(anonymous_50)
FNDA:0,(anonymous_51)
FNDA:4,(anonymous_52)
DA:29,1
DA:30,1
DA:31,1
DA:32,1
DA:33,1
DA:34,1
DA:35,1
DA:36,1
DA:54,1
DA:59,1
DA:60,4
DA:61,4
DA:68,4
DA:69,4
DA:70,4
DA:71,4
DA:72,4
DA:73,4
DA:74,4
DA:75,4
DA:76,0
DA:77,0
DA:78,0
DA:79,0
DA:80,0
DA:83,4
DA:84,4
DA:86,4
DA:87,4
DA:88,4
DA:89,4
DA:90,4
DA:91,4
DA:93,4
DA:94,4
DA:95,0
DA:96,0
DA:97,0
DA:98,0
DA:101,4
DA:102,4
DA:104,0
DA:105,0
DA:110,4
DA:113,4
DA:114,4
DA:115,4
DA:116,4
DA:117,4
DA:118,4
DA:121,4
DA:122,4
DA:123,0
DA:124,0
DA:125,0
DA:129,4
DA:132,4
DA:133,4
DA:134,4
DA:135,4
DA:136,4
DA:139,0
DA:144,4
DA:145,0
DA:146,0
DA:150,4
DA:151,4
DA:152,4
DA:153,4
DA:156,4
DA:157,4
DA:158,4
DA:159,0
DA:160,0
DA:163,4
DA:164,4
DA:165,4
DA:169,4
DA:170,4
DA:171,0
DA:172,0
DA:173,0
DA:174,0
DA:178,4
DA:179,4
DA:183,4
DA:184,4
DA:185,4
DA:189,4
DA:190,4
DA:191,4
DA:192,4
DA:193,0
DA:197,4
DA:198,0
DA:199,0
DA:200,0
DA:201,0
DA:204,4
DA:206,4
DA:208,4
DA:209,4
DA:210,8
DA:211,8
DA:213,4
DA:214,4
DA:215,0
DA:216,0
DA:220,4
DA:222,0
DA:225,0
DA:305,4
DA:306,0
DA:359,0
DA:401,0
DA:409,0
DA:422,0
DA:435,1
DA:436,4
LF:119
LH:82
BRDA:76,0,0,0
BRDA:76,0,1,0
BRDA:94,1,0,0
BRDA:94,1,1,4
BRDA:122,2,0,0
BRDA:122,2,1,4
BRDA:123,3,0,0
BRDA:123,3,1,0
BRDA:133,4,0,4
BRDA:133,4,1,0
BRDA:135,5,0,4
BRDA:135,5,1,0
BRDA:135,6,0,4
BRDA:135,6,1,4
BRDA:135,6,2,4
BRDA:160,7,0,0
BRDA:160,7,1,0
BRDA:171,8,0,0
BRDA:171,8,1,0
BRDA:185,9,0,0
BRDA:185,9,1,4
BRDA:192,10,0,0
BRDA:192,10,1,4
BRDA:192,11,0,4
BRDA:192,11,1,0
BRDA:198,12,0,0
BRDA:198,12,1,0
BRDA:199,13,0,0
BRDA:199,13,1,0
BRDA:215,14,0,0
BRDA:215,14,1,0
BRDA:216,15,0,0
BRDA:216,15,1,0
BRDA:221,16,0,0
BRDA:221,16,1,4
BRDA:224,17,0,4
BRDA:224,17,1,0
BRDA:256,18,0,4
BRDA:256,18,1,0
BRDA:261,19,0,0
BRDA:261,19,1,0
BRDA:274,20,0,0
BRDA:274,20,1,4
BRDA:282,21,0,0
BRDA:282,21,1,4
BRDA:305,22,0,4
BRDA:305,22,1,0
BRDA:306,23,0,0
BRDA:306,23,1,4
BRDA:306,24,0,0
BRDA:306,24,1,0
BRDA:307,25,0,0
BRDA:307,25,1,4
BRDA:307,26,0,4
BRDA:307,26,1,4
BRDA:313,27,0,4
BRDA:313,27,1,4
BRDA:328,28,0,4
BRDA:328,28,1,0
BRDA:328,29,0,4
BRDA:328,29,1,4
BRDA:337,30,0,4
BRDA:337,30,1,0
BRDA:337,31,0,4
BRDA:337,31,1,4
BRDA:348,32,0,4
BRDA:348,32,1,0
BRDA:348,33,0,4
BRDA:348,33,1,4
BRDA:369,34,0,4
BRDA:369,34,1,0
BRDA:369,34,2,4
BRDA:369,34,3,0
BRDA:380,35,0,4
BRDA:380,35,1,0
BRDA:380,36,0,4
BRDA:380,36,1,4
BRDA:406,37,0,4
BRDA:406,37,1,0
BRF:79
BRH:37
end_of_record
TN:
SF:src/components/IALab/IALabAnimations.js
FN:3,createSlideVariants
FN:5,(anonymous_1)
FN:13,(anonymous_2)
FNF:3
FNH:1
FNDA:4,createSlideVariants
FNDA:0,(anonymous_1)
FNDA:0,(anonymous_2)
DA:4,4
DA:5,0
DA:13,0
LF:3
LH:1
BRDA:6,0,0,0
BRDA:6,0,1,0
BRDA:6,1,0,0
BRDA:6,1,1,0
BRDA:7,2,0,0
BRDA:7,2,1,0
BRDA:14,3,0,0
BRDA:14,3,1,0
BRDA:14,4,0,0
BRDA:14,4,1,0
BRDA:15,5,0,0
BRDA:15,5,1,0
BRF:12
BRH:0
end_of_record
TN:
SF:src/components/IALab/IALabDashboard.jsx
FN:8,IALabDashboard
FN:9,(anonymous_1)
FN:10,(anonymous_2)
FN:11,(anonymous_3)
FN:13,(anonymous_4)
FN:14,(anonymous_5)
FNF:6
FNH:6
FNDA:6,IALabDashboard
FNDA:6,(anonymous_1)
FNDA:6,(anonymous_2)
FNDA:6,(anonymous_3)
FNDA:6,(anonymous_4)
FNDA:30,(anonymous_5)
DA:6,1
DA:9,6
DA:10,6
DA:11,6
DA:13,6
DA:14,6
DA:15,30
DA:16,30
DA:18,6
DA:21,6
DA:22,4
LF:11
LH:11
BRDA:16,0,0,30
BRDA:16,0,1,13
BRDA:16,0,2,13
BRDA:16,0,3,13
BRDA:16,1,0,13
BRDA:16,1,1,0
BRDA:21,2,0,2
BRDA:21,2,1,4
BRDA:21,3,0,6
BRDA:21,3,1,5
BRF:10
BRH:9
end_of_record
TN:
SF:src/components/IALab/IALabHeader.jsx
FN:16,(anonymous_0)
FN:34,(anonymous_1)
FN:35,(anonymous_2)
FN:37,(anonymous_3)
FN:49,(anonymous_4)
FN:60,(anonymous_5)
FN:84,(anonymous_6)
FN:118,(anonymous_7)
FN:132,(anonymous_8)
FNF:9
FNH:3
FNDA:1,(anonymous_0)
FNDA:1,(anonymous_1)
FNDA:0,(anonymous_2)
FNDA:0,(anonymous_3)
FNDA:1,(anonymous_4)
FNDA:0,(anonymous_5)
FNDA:0,(anonymous_6)
FNDA:0,(anonymous_7)
FNDA:0,(anonymous_8)
DA:16,1
DA:17,1
DA:18,1
DA:19,1
DA:20,1
DA:21,1
DA:22,1
DA:23,1
DA:24,1
DA:25,1
DA:28,1
DA:31,1
DA:34,1
DA:35,1
DA:36,0
DA:37,0
DA:38,0
DA:39,0
DA:40,0
DA:48,1
DA:49,1
DA:52,1
DA:60,0
DA:84,0
DA:118,0
DA:133,0
DA:134,0
DA:135,0
DA:136,0
LF:29
LH:17
BRDA:36,0,0,0
BRDA:36,0,1,0
BRDA:39,1,0,0
BRDA:39,1,1,0
BRDA:58,2,0,0
BRDA:58,2,1,1
BRDA:86,3,0,0
BRDA:86,3,1,1
BRDA:99,4,0,0
BRDA:99,4,1,1
BRDA:101,5,0,0
BRDA:101,5,1,1
BRDA:106,6,0,1
BRDA:106,6,1,0
BRDA:108,7,0,0
BRDA:108,7,1,0
BRDA:111,8,0,1
BRDA:111,8,1,0
BRDA:126,9,0,0
BRDA:126,9,1,1
BRDA:127,10,0,0
BRDA:127,10,1,1
BRDA:129,11,0,0
BRDA:129,11,1,1
BRDA:129,12,0,0
BRDA:129,12,1,1
BRDA:133,13,0,0
BRDA:133,13,1,0
BRDA:134,14,0,0
BRDA:134,14,1,0
BRDA:135,15,0,0
BRDA:135,15,1,0
BRF:32
BRH:10
end_of_record
TN:
SF:src/components/IALab/IALabQuizModal.jsx
FNF:0
FNH:0
LF:0
LH:0
BRF:0
BRH:0
end_of_record
TN:
SF:src/components/IALab/IALabTour.jsx
FN:6,(anonymous_0)
FN:64,(anonymous_1)
FN:66,(anonymous_2)
FN:75,(anonymous_3)
FN:81,(anonymous_4)
FN:96,(anonymous_5)
FN:103,(anonymous_6)
FN:110,(anonymous_7)
FN:130,(anonymous_8)
FN:134,(anonymous_9)
FN:136,(anonymous_10)
FN:152,(anonymous_11)
FN:155,(anonymous_12)
FN:169,(anonymous_13)
FN:174,(anonymous_14)
FN:177,(anonymous_15)
FN:180,(anonymous_16)
FN:181,(anonymous_17)
FN:192,(anonymous_18)
FN:196,(anonymous_19)
FN:209,(anonymous_20)
FN:218,(anonymous_21)
FNF:22
FNH:0
FNDA:0,(anonymous_0)
FNDA:0,(anonymous_1)
FNDA:0,(anonymous_2)
FNDA:0,(anonymous_3)
FNDA:0,(anonymous_4)
FNDA:0,(anonymous_5)
FNDA:0,(anonymous_6)
FNDA:0,(anonymous_7)
FNDA:0,(anonymous_8)
FNDA:0,(anonymous_9)
FNDA:0,(anonymous_10)
FNDA:0,(anonymous_11)
FNDA:0,(anonymous_12)
FNDA:0,(anonymous_13)
FNDA:0,(anonymous_14)
FNDA:0,(anonymous_15)
FNDA:0,(anonymous_16)
FNDA:0,(anonymous_17)
FNDA:0,(anonymous_18)
FNDA:0,(anonymous_19)
FNDA:0,(anonymous_20)
FNDA:0,(anonymous_21)
DA:6,0
DA:59,0
DA:60,0
DA:61,0
DA:62,0
DA:64,0
DA:65,0
DA:66,0
DA:67,0
DA:68,0
DA:69,0
DA:70,0
DA:71,0
DA:72,0
DA:73,0
DA:75,0
DA:76,0
DA:77,0
DA:78,0
DA:81,0
DA:82,0
DA:83,0
DA:84,0
DA:85,0
DA:86,0
DA:87,0
DA:88,0
DA:89,0
DA:93,0
DA:96,0
DA:97,0
DA:98,0
DA:99,0
DA:100,0
DA:103,0
DA:104,0
DA:105,0
DA:106,0
DA:107,0
DA:110,0
DA:111,0
DA:112,0
DA:113,0
DA:115,0
DA:117,0
DA:118,0
DA:119,0
DA:120,0
DA:122,0
DA:123,0
DA:124,0
DA:127,0
DA:130,0
DA:131,0
DA:132,0
DA:134,0
DA:135,0
DA:136,0
DA:137,0
DA:138,0
DA:139,0
DA:140,0
DA:141,0
DA:142,0
DA:143,0
DA:144,0
DA:147,0
DA:148,0
DA:149,0
DA:152,0
DA:155,0
DA:156,0
DA:157,0
DA:158,0
DA:159,0
DA:160,0
DA:163,0
DA:164,0
DA:165,0
DA:167,0
DA:169,0
DA:170,0
DA:171,0
DA:174,0
DA:177,0
DA:178,0
DA:180,0
DA:181,0
DA:183,0
DA:184,0
DA:185,0
DA:187,0
DA:188,0
DA:190,0
DA:191,0
DA:192,0
DA:193,0
DA:196,0
DA:197,0
DA:198,0
DA:200,0
DA:201,0
DA:202,0
DA:203,0
DA:204,0
DA:209,0
DA:210,0
DA:211,0
DA:213,0
DA:214,0
DA:218,0
DA:219,0
DA:220,0
DA:223,0
DA:225,0
DA:226,0
DA:228,0
DA:280,0
LF:118
LH:0
BRDA:76,0,0,0
BRDA:76,0,1,0
BRDA:76,1,0,0
BRDA:76,1,1,0
BRDA:78,2,0,0
BRDA:78,2,1,0
BRDA:83,3,0,0
BRDA:83,3,1,0
BRDA:86,4,0,0
BRDA:86,4,1,0
BRDA:88,5,0,0
BRDA:88,5,1,0
BRDA:88,6,0,0
BRDA:88,6,1,0
BRDA:97,7,0,0
BRDA:97,7,1,0
BRDA:97,8,0,0
BRDA:97,8,1,0
BRDA:99,9,0,0
BRDA:99,9,1,0
BRDA:104,10,0,0
BRDA:104,10,1,0
BRDA:104,11,0,0
BRDA:104,11,1,0
BRDA:106,12,0,0
BRDA:106,12,1,0
BRDA:112,13,0,0
BRDA:112,13,1,0
BRDA:123,14,0,0
BRDA:123,14,1,0
BRDA:132,15,0,0
BRDA:132,15,1,0
BRDA:132,16,0,0
BRDA:132,16,1,0
BRDA:138,17,0,0
BRDA:138,17,1,0
BRDA:138,18,0,0
BRDA:138,18,1,0
BRDA:139,19,0,0
BRDA:139,19,1,0
BRDA:142,20,0,0
BRDA:142,20,1,0
BRDA:156,21,0,0
BRDA:156,21,1,0
BRDA:156,22,0,0
BRDA:156,22,1,0
BRDA:178,23,0,0
BRDA:178,23,1,0
BRDA:178,24,0,0
BRDA:178,24,1,0
BRDA:184,25,0,0
BRDA:184,25,1,0
BRDA:184,26,0,0
BRDA:184,26,1,0
BRDA:191,27,0,0
BRDA:191,27,1,0
BRDA:197,28,0,0
BRDA:197,28,1,0
BRDA:197,29,0,0
BRDA:197,29,1,0
BRDA:202,30,0,0
BRDA:202,30,1,0
BRDA:210,31,0,0
BRDA:210,31,1,0
BRDA:223,32,0,0
BRDA:223,32,1,0
BRDA:223,33,0,0
BRDA:223,33,1,0
BRDA:223,33,2,0
BRDA:235,34,0,0
BRDA:235,34,1,0
BRDA:252,35,0,0
BRDA:252,35,1,0
BRDA:271,36,0,0
BRDA:271,36,1,0
BRDA:272,37,0,0
BRDA:272,37,1,0
BRF:77
BRH:0
end_of_record
TN:
SF:src/components/IALab/ModuleActions.jsx
FN:8,(anonymous_0)
FN:14,(anonymous_1)
FN:82,(anonymous_2)
FN:89,(anonymous_3)
FN:95,(anonymous_4)
FN:97,(anonymous_5)
FN:100,(anonymous_6)
FN:106,(anonymous_7)
FN:109,(anonymous_8)
FN:114,(anonymous_9)
FN:122,(anonymous_10)
FNF:11
FNH:0
FNDA:0,(anonymous_0)
FNDA:0,(anonymous_1)
FNDA:0,(anonymous_2)
FNDA:0,(anonymous_3)
FNDA:0,(anonymous_4)
FNDA:0,(anonymous_5)
FNDA:0,(anonymous_6)
FNDA:0,(anonymous_7)
FNDA:0,(anonymous_8)
FNDA:0,(anonymous_9)
FNDA:0,(anonymous_10)
DA:8,0
DA:9,0
DA:10,0
DA:11,0
DA:14,0
DA:15,0
DA:16,0
DA:17,0
DA:18,0
DA:82,0
DA:83,0
DA:84,0
DA:85,0
DA:86,0
DA:87,0
DA:89,0
DA:90,0
DA:91,0
DA:92,0
DA:95,0
DA:96,0
DA:97,0
DA:98,0
DA:99,0
DA:100,0
DA:101,0
DA:102,0
DA:106,0
DA:107,0
DA:109,0
DA:110,0
DA:114,0
DA:115,0
DA:116,0
DA:118,0
DA:122,0
DA:123,0
DA:124,0
DA:126,0
DA:130,0
DA:182,0
LF:41
LH:0
BRDA:10,0,0,0
BRDA:10,0,1,0
BRDA:14,1,0,0
BRDA:16,2,0,0
BRDA:16,2,1,0
BRDA:16,2,2,0
BRDA:17,3,0,0
BRDA:17,3,1,0
BRDA:17,3,2,0
BRDA:22,4,0,0
BRDA:22,4,1,0
BRDA:23,5,0,0
BRDA:23,5,1,0
BRDA:24,6,0,0
BRDA:24,6,1,0
BRDA:26,7,0,0
BRDA:26,7,1,0
BRDA:28,8,0,0
BRDA:28,8,1,0
BRDA:33,9,0,0
BRDA:33,9,1,0
BRDA:38,10,0,0
BRDA:38,10,1,0
BRDA:44,11,0,0
BRDA:44,11,1,0
BRDA:46,12,0,0
BRDA:46,12,1,0
BRDA:55,13,0,0
BRDA:55,13,1,0
BRDA:55,14,0,0
BRDA:55,14,1,0
BRDA:61,15,0,0
BRDA:61,15,1,0
BRDA:61,16,0,0
BRDA:61,16,1,0
BRDA:63,17,0,0
BRDA:63,17,1,0
BRDA:63,18,0,0
BRDA:63,18,1,0
BRDA:65,19,0,0
BRDA:65,19,1,0
BRDA:65,19,2,0
BRDA:71,20,0,0
BRDA:71,20,1,0
BRDA:71,20,2,0
BRDA:73,21,0,0
BRDA:73,21,1,0
BRDA:75,22,0,0
BRDA:75,22,1,0
BRDA:87,23,0,0
BRDA:87,23,1,0
BRDA:115,24,0,0
BRDA:115,24,1,0
BRDA:123,25,0,0
BRDA:123,25,1,0
BRDA:163,26,0,0
BRDA:163,26,1,0
BRDA:173,27,0,0
BRDA:173,27,1,0
BRF:59
BRH:0
end_of_record
TN:
SF:src/components/IALab/ModuleOverviewCard.jsx
FN:14,(anonymous_0)
FN:16,(anonymous_1)
FN:21,(anonymous_2)
FN:30,(anonymous_3)
FN:31,(anonymous_4)
FN:37,(anonymous_5)
FN:40,(anonymous_6)
FN:42,(anonymous_7)
FN:49,(anonymous_8)
FN:50,(anonymous_9)
FN:63,(anonymous_10)
FN:65,(anonymous_11)
FN:85,(anonymous_12)
FN:100,(anonymous_13)
FN:102,(anonymous_14)
FN:105,(anonymous_15)
FN:112,(anonymous_16)
FN:114,(anonymous_17)
FN:119,(anonymous_18)
FN:121,(anonymous_19)
FN:123,(anonymous_20)
FN:131,(anonymous_21)
FN:132,(anonymous_22)
FN:136,(anonymous_23)
FN:138,(anonymous_24)
FN:146,(anonymous_25)
FN:148,(anonymous_26)
FN:152,(anonymous_27)
FN:173,(anonymous_28)
FN:178,(anonymous_29)
FN:182,(anonymous_30)
FN:190,(anonymous_31)
FN:200,(anonymous_32)
FN:210,(anonymous_33)
FN:211,(anonymous_34)
FN:213,(anonymous_35)
FN:222,(anonymous_36)
FN:226,(anonymous_37)
FN:227,(anonymous_38)
FN:229,(anonymous_39)
FN:230,(anonymous_40)
FN:232,(anonymous_41)
FN:236,(anonymous_42)
FN:237,(anonymous_43)
FN:247,(anonymous_44)
FN:265,(anonymous_45)
FN:297,(anonymous_46)
FN:299,(anonymous_47)
FN:369,(anonymous_48)
FNF:49
FNH:0
FNDA:0,(anonymous_0)
FNDA:0,(anonymous_1)
FNDA:0,(anonymous_2)
FNDA:0,(anonymous_3)
FNDA:0,(anonymous_4)
FNDA:0,(anonymous_5)
FNDA:0,(anonymous_6)
FNDA:0,(anonymous_7)
FNDA:0,(anonymous_8)
FNDA:0,(anonymous_9)
FNDA:0,(anonymous_10)
FNDA:0,(anonymous_11)
FNDA:0,(anonymous_12)
FNDA:0,(anonymous_13)
FNDA:0,(anonymous_14)
FNDA:0,(anonymous_15)
FNDA:0,(anonymous_16)
FNDA:0,(anonymous_17)
FNDA:0,(anonymous_18)
FNDA:0,(anonymous_19)
FNDA:0,(anonymous_20)
FNDA:0,(anonymous_21)
FNDA:0,(anonymous_22)
FNDA:0,(anonymous_23)
FNDA:0,(anonymous_24)
FNDA:0,(anonymous_25)
FNDA:0,(anonymous_26)
FNDA:0,(anonymous_27)
FNDA:0,(anonymous_28)
FNDA:0,(anonymous_29)
FNDA:0,(anonymous_30)
FNDA:0,(anonymous_31)
FNDA:0,(anonymous_32)
FNDA:0,(anonymous_33)
FNDA:0,(anonymous_34)
FNDA:0,(anonymous_35)
FNDA:0,(anonymous_36)
FNDA:0,(anonymous_37)
FNDA:0,(anonymous_38)
FNDA:0,(anonymous_39)
FNDA:0,(anonymous_40)
FNDA:0,(anonymous_41)
FNDA:0,(anonymous_42)
FNDA:0,(anonymous_43)
FNDA:0,(anonymous_44)
FNDA:0,(anonymous_45)
FNDA:0,(anonymous_46)
FNDA:0,(anonymous_47)
FNDA:0,(anonymous_48)
DA:14,0
DA:16,0
DA:17,0
DA:18,0
DA:19,0
DA:20,0
DA:21,0
DA:24,0
DA:25,0
DA:27,0
DA:28,0
DA:29,0
DA:30,0
DA:31,0
DA:32,0
DA:33,0
DA:35,0
DA:37,0
DA:38,0
DA:39,0
DA:40,0
DA:41,0
DA:42,0
DA:48,0
DA:49,0
DA:50,0
DA:51,0
DA:52,0
DA:53,0
DA:54,0
DA:57,0
DA:58,0
DA:59,0
DA:60,0
DA:62,0
DA:63,0
DA:64,0
DA:65,0
DA:67,0
DA:82,0
DA:83,0
DA:85,0
DA:86,0
DA:87,0
DA:100,0
DA:101,0
DA:102,0
DA:103,0
DA:104,0
DA:105,0
DA:106,0
DA:109,0
DA:112,0
DA:113,0
DA:114,0
DA:115,0
DA:119,0
DA:120,0
DA:121,0
DA:122,0
DA:123,0
DA:124,0
DA:127,0
DA:131,0
DA:132,0
DA:136,0
DA:137,0
DA:138,0
DA:139,0
DA:141,0
DA:142,0
DA:146,0
DA:148,0
DA:149,0
DA:150,0
DA:151,0
DA:152,0
DA:153,0
DA:154,0
DA:155,0
DA:156,0
DA:158,0
DA:159,0
DA:160,0
DA:162,0
DA:163,0
DA:166,0
DA:167,0
DA:168,0
DA:169,0
DA:170,0
DA:173,0
DA:174,0
DA:175,0
DA:176,0
DA:177,0
DA:178,0
DA:179,0
DA:180,0
DA:181,0
DA:182,0
DA:183,0
DA:185,0
DA:190,0
DA:191,0
DA:192,0
DA:193,0
DA:194,0
DA:195,0
DA:196,0
DA:200,0
DA:201,0
DA:202,0
DA:203,0
DA:204,0
DA:205,0
DA:206,0
DA:210,0
DA:211,0
DA:212,0
DA:213,0
DA:214,0
DA:217,0
DA:222,0
DA:223,0
DA:224,0
DA:225,0
DA:226,0
DA:227,0
DA:228,0
DA:229,0
DA:230,0
DA:232,0
DA:236,0
DA:237,0
DA:238,0
DA:240,0
DA:241,0
DA:242,0
DA:243,0
DA:244,0
DA:245,0
DA:246,0
DA:247,0
DA:248,0
DA:251,0
DA:256,0
DA:257,0
DA:258,0
DA:259,0
DA:260,0
DA:261,0
DA:264,0
DA:265,0
DA:268,0
DA:298,0
DA:299,0
DA:300,0
DA:301,0
DA:370,0
DA:371,0
DA:372,0
DA:373,0
DA:374,0
DA:390,0
LF:165
LH:0
BRDA:32,0,0,0
BRDA:32,0,1,0
BRDA:41,1,0,0
BRDA:41,1,1,0
BRDA:51,2,0,0
BRDA:51,2,1,0
BRDA:51,3,0,0
BRDA:51,3,1,0
BRDA:53,4,0,0
BRDA:53,4,1,0
BRDA:53,5,0,0
BRDA:53,5,1,0
BRDA:86,6,0,0
BRDA:86,6,1,0
BRDA:89,7,0,0
BRDA:89,7,1,0
BRDA:91,8,0,0
BRDA:91,8,1,0
BRDA:92,9,0,0
BRDA:92,9,1,0
BRDA:93,10,0,0
BRDA:93,10,1,0
BRDA:95,11,0,0
BRDA:95,11,1,0
BRDA:96,12,0,0
BRDA:96,12,1,0
BRDA:104,13,0,0
BRDA:104,13,1,0
BRDA:106,14,0,0
BRDA:106,14,1,0
BRDA:123,15,0,0
BRDA:123,15,1,0
BRDA:137,16,0,0
BRDA:137,16,1,0
BRDA:139,17,0,0
BRDA:139,17,1,0
BRDA:141,18,0,0
BRDA:141,18,1,0
BRDA:150,19,0,0
BRDA:150,19,1,0
BRDA:153,20,0,0
BRDA:153,20,1,0
BRDA:153,21,0,0
BRDA:153,21,1,0
BRDA:155,22,0,0
BRDA:155,22,1,0
BRDA:156,23,0,0
BRDA:156,23,1,0
BRDA:158,24,0,0
BRDA:158,24,1,0
BRDA:160,25,0,0
BRDA:160,25,1,0
BRDA:162,26,0,0
BRDA:162,26,1,0
BRDA:162,27,0,0
BRDA:162,27,1,0
BRDA:166,28,0,0
BRDA:166,28,1,0
BRDA:169,29,0,0
BRDA:169,29,1,0
BRDA:174,30,0,0
BRDA:174,30,1,0
BRDA:174,31,0,0
BRDA:174,31,1,0
BRDA:179,32,0,0
BRDA:179,32,1,0
BRDA:191,33,0,0
BRDA:191,33,1,0
BRDA:201,34,0,0
BRDA:201,34,1,0
BRDA:223,35,0,0
BRDA:223,35,1,0
BRDA:223,36,0,0
BRDA:223,36,1,0
BRDA:226,37,0,0
BRDA:226,37,1,0
BRDA:227,38,0,0
BRDA:227,38,1,0
BRDA:228,39,0,0
BRDA:228,39,1,0
BRDA:230,40,0,0
BRDA:230,40,1,0
BRDA:243,41,0,0
BRDA:243,41,1,0
BRDA:245,42,0,0
BRDA:245,42,1,0
BRDA:256,43,0,0
BRDA:256,43,1,0
BRDA:258,44,0,0
BRDA:258,44,1,0
BRDA:260,45,0,0
BRDA:260,45,1,0
BRDA:271,46,0,0
BRDA:271,46,1,0
BRDA:297,47,0,0
BRDA:297,47,1,0
BRDA:322,48,0,0
BRDA:322,48,1,0
BRF:98
BRH:0
end_of_record
TN:
SF:src/components/IALab/PDFThumbnail.jsx
FN:25,(anonymous_0)
FN:42,(anonymous_1)
FN:47,(anonymous_2)
FN:58,(anonymous_3)
FN:65,(anonymous_4)
FN:198,(anonymous_5)
FN:260,(anonymous_6)
FNF:7
FNH:5
FNDA:18,(anonymous_0)
FNDA:0,(anonymous_1)
FNDA:7,(anonymous_2)
FNDA:3,(anonymous_3)
FNDA:1,(anonymous_4)
FNDA:2,(anonymous_5)
FNDA:0,(anonymous_6)
DA:25,1
DA:33,18
DA:34,18
DA:35,18
DA:36,18
DA:38,18
DA:39,18
DA:42,18
DA:43,0
DA:47,18
DA:48,7
DA:49,0
DA:51,7
DA:53,7
DA:58,18
DA:59,3
DA:61,3
DA:65,18
DA:66,1
DA:67,1
DA:71,18
DA:198,2
DA:260,0
DA:296,1
LF:24
LH:21
BRDA:27,0,0,18
BRDA:30,1,0,18
BRDA:31,2,0,18
BRDA:34,3,0,18
BRDA:34,3,1,0
BRDA:35,4,0,18
BRDA:35,4,1,0
BRDA:36,5,0,18
BRDA:36,5,1,0
BRDA:48,6,0,0
BRDA:48,6,1,7
BRDA:66,7,0,1
BRDA:66,7,1,0
BRDA:181,8,0,18
BRDA:181,8,1,7
BRF:15
BRH:10
end_of_record
TN:
SF:src/components/IALab/SectionErrorBoundary.jsx
FN:7,constructor
FN:16,getDerivedStateFromError
FN:20,componentDidCatch
FN:25,(anonymous_3)
FN:30,render
FN:55,(anonymous_5)
FNF:6
FNH:3
FNDA:1,constructor
FNDA:1,getDerivedStateFromError
FNDA:0,componentDidCatch
FNDA:0,(anonymous_3)
FNDA:1,render
FNDA:0,(anonymous_5)
DA:8,1
DA:9,1
DA:17,0
DA:21,0
DA:22,0
DA:25,0
DA:26,0
DA:27,0
DA:31,1
DA:32,0
DA:33,0
DA:35,0
DA:55,0
DA:83,1
DA:87,1
LF:15
LH:5
BRDA:22,0,0,0
BRDA:22,0,1,0
BRDA:27,1,0,0
BRDA:27,1,1,0
BRDA:31,2,0,0
BRDA:31,2,1,1
BRDA:33,3,0,0
BRDA:33,3,1,0
BRDA:41,4,0,0
BRDA:41,4,1,0
BRDA:44,5,0,0
BRDA:44,5,1,0
BRDA:53,6,0,0
BRDA:53,6,1,0
BRDA:62,7,0,0
BRDA:62,7,1,0
BRDA:62,7,2,0
BRF:17
BRH:1
end_of_record
TN:
SF:src/components/IALab/StreakBadge.jsx
FN:17,(anonymous_0)
FN:25,(anonymous_1)
FN:39,(anonymous_2)
FN:80,(anonymous_3)
FN:86,(anonymous_4)
FN:91,(anonymous_5)
FN:94,(anonymous_6)
FN:96,(anonymous_7)
FN:101,(anonymous_8)
FN:182,(anonymous_9)
FNF:10
FNH:7
FNDA:0,(anonymous_0)
FNDA:1,(anonymous_1)
FNDA:28,(anonymous_2)
FNDA:4,(anonymous_3)
FNDA:4,(anonymous_4)
FNDA:4,(anonymous_5)
FNDA:0,(anonymous_6)
FNDA:0,(anonymous_7)
FNDA:4,(anonymous_8)
FNDA:28,(anonymous_9)
DA:9,2
DA:15,2
DA:17,0
DA:25,2
DA:26,1
DA:39,2
DA:40,28
DA:80,2
DA:81,4
DA:82,4
DA:83,4
DA:84,4
DA:85,4
DA:86,4
DA:88,4
DA:89,4
DA:91,4
DA:92,4
DA:93,0
DA:94,0
DA:95,0
DA:96,0
DA:98,4
DA:101,4
DA:102,4
DA:105,4
DA:106,4
DA:108,4
DA:183,28
DA:192,2
LF:30
LH:25
BRDA:41,0,0,21
BRDA:41,0,1,7
BRDA:45,1,0,21
BRDA:45,1,1,7
BRDA:51,2,0,1
BRDA:51,2,1,27
BRDA:51,3,0,28
BRDA:51,3,1,7
BRDA:51,3,2,7
BRDA:53,4,0,27
BRDA:53,4,1,0
BRDA:57,5,0,21
BRDA:57,5,1,7
BRDA:57,6,0,1
BRDA:57,6,1,6
BRDA:57,7,0,7
BRDA:57,7,1,7
BRDA:59,8,0,28
BRDA:59,8,1,0
BRDA:64,9,0,28
BRDA:64,9,1,28
BRDA:66,10,0,21
BRDA:66,10,1,7
BRDA:68,11,0,21
BRDA:68,11,1,7
BRDA:74,12,0,28
BRDA:74,12,1,0
BRDA:92,13,0,0
BRDA:92,13,1,4
BRDA:92,14,0,4
BRDA:92,14,1,0
BRDA:105,15,0,0
BRDA:105,15,1,4
BRDA:105,16,0,4
BRDA:105,16,1,0
BRDA:106,17,0,0
BRDA:106,17,1,4
BRDA:106,18,0,4
BRDA:106,18,1,0
BRDA:115,19,0,3
BRDA:115,19,1,1
BRDA:115,20,0,3
BRDA:115,20,1,1
BRDA:119,21,0,0
BRDA:119,21,1,4
BRDA:119,22,0,4
BRDA:119,22,1,0
BRDA:122,23,0,3
BRDA:122,23,1,1
BRDA:124,24,0,0
BRDA:124,24,1,4
BRDA:131,25,0,4
BRDA:131,25,1,1
BRDA:131,25,2,0
BRDA:131,25,3,0
BRDA:143,26,0,1
BRDA:143,26,1,3
BRDA:143,27,0,4
BRDA:143,27,1,1
BRDA:143,27,2,1
BRDA:147,28,0,4
BRDA:147,28,1,0
BRDA:151,29,0,4
BRDA:151,29,1,1
BRDA:151,29,2,1
BRDA:156,30,0,3
BRDA:156,30,1,1
BRDA:161,31,0,0
BRDA:161,31,1,4
BRDA:163,32,0,4
BRDA:163,32,1,0
BRDA:168,33,0,4
BRDA:168,33,1,0
BRDA:168,33,2,0
BRDA:173,34,0,4
BRDA:173,34,1,4
BRF:76
BRH:57
end_of_record
TN:
SF:src/components/IALab/ToolTutorAccordion.jsx
FN:7,(anonymous_0)
FN:8,(anonymous_1)
FN:9,(anonymous_2)
FN:10,(anonymous_3)
FN:11,(anonymous_4)
FN:12,(anonymous_5)
FN:19,ToolTutorAccordion
FN:24,(anonymous_7)
FN:25,(anonymous_8)
FN:42,(anonymous_9)
FN:50,(anonymous_10)
FN:55,(anonymous_11)
FNF:12
FNH:0
FNDA:0,(anonymous_0)
FNDA:0,(anonymous_1)
FNDA:0,(anonymous_2)
FNDA:0,(anonymous_3)
FNDA:0,(anonymous_4)
FNDA:0,(anonymous_5)
FNDA:0,ToolTutorAccordion
FNDA:0,(anonymous_7)
FNDA:0,(anonymous_8)
FNDA:0,(anonymous_9)
FNDA:0,(anonymous_10)
FNDA:0,(anonymous_11)
DA:7,1
DA:8,1
DA:9,1
DA:10,1
DA:11,1
DA:12,1
DA:14,1
DA:19,1
DA:20,0
DA:21,0
DA:22,0
DA:24,0
DA:25,0
DA:28,0
DA:29,0
DA:30,0
DA:31,0
DA:39,0
DA:40,0
DA:42,0
DA:43,0
DA:44,0
DA:45,0
DA:50,0
DA:55,0
DA:110,0
LF:26
LH:8
BRDA:25,0,0,0
BRDA:25,0,1,0
BRDA:31,1,0,0
BRDA:31,1,1,0
BRDA:33,2,0,0
BRDA:33,2,1,0
BRDA:35,3,0,0
BRDA:35,3,1,0
BRDA:47,4,0,0
BRDA:47,4,1,0
BRDA:55,5,0,0
BRDA:55,5,1,0
BRDA:55,6,0,0
BRDA:55,6,1,0
BRDA:57,7,0,0
BRDA:57,7,1,0
BRDA:66,8,0,0
BRDA:66,8,1,0
BRDA:71,9,0,0
BRDA:71,9,1,0
BRDA:74,10,0,0
BRDA:74,10,1,0
BRDA:78,11,0,0
BRDA:78,11,1,0
BRDA:82,12,0,0
BRDA:82,12,1,0
BRDA:87,13,0,0
BRDA:87,13,1,0
BRDA:98,14,0,0
BRDA:98,14,1,0
BRDA:101,15,0,0
BRDA:101,15,1,0
BRDA:119,16,0,0
BRDA:119,16,1,0
BRDA:130,17,0,0
BRDA:130,17,1,0
BRDA:132,18,0,0
BRDA:132,18,1,0
BRDA:132,19,0,0
BRDA:132,19,1,0
BRDA:132,20,0,0
BRDA:132,20,1,0
BRDA:134,21,0,0
BRDA:134,21,1,0
BRF:44
BRH:0
end_of_record
TN:
SF:src/components/IALab/UserCoursesDashboard.jsx
FN:9,(anonymous_0)
FN:15,(anonymous_1)
FN:20,(anonymous_2)
FN:21,(anonymous_3)
FN:22,(anonymous_4)
FN:23,(anonymous_5)
FN:24,(anonymous_6)
FN:25,(anonymous_7)
FN:28,(anonymous_8)
FN:38,(anonymous_9)
FN:45,(anonymous_10)
FN:50,(anonymous_11)
FN:90,(anonymous_12)
FN:107,(anonymous_13)
FN:110,(anonymous_14)
FN:147,(anonymous_15)
FN:177,(anonymous_16)
FNF:17
FNH:15
FNDA:9,(anonymous_0)
FNDA:9,(anonymous_1)
FNDA:9,(anonymous_2)
FNDA:9,(anonymous_3)
FNDA:9,(anonymous_4)
FNDA:9,(anonymous_5)
FNDA:9,(anonymous_6)
FNDA:9,(anonymous_7)
FNDA:72,(anonymous_8)
FNDA:72,(anonymous_9)
FNDA:9,(anonymous_10)
FNDA:0,(anonymous_11)
FNDA:27,(anonymous_12)
FNDA:27,(anonymous_13)
FNDA:2,(anonymous_14)
FNDA:57,(anonymous_15)
FNDA:0,(anonymous_16)
DA:9,9
DA:15,1
DA:16,9
DA:17,9
DA:18,9
DA:20,9
DA:21,9
DA:22,9
DA:23,9
DA:24,9
DA:25,9
DA:26,9
DA:28,9
DA:29,72
DA:30,9
DA:32,63
DA:33,0
DA:35,63
DA:38,9
DA:39,72
DA:40,16
DA:41,8
DA:42,0
DA:45,9
DA:46,9
DA:48,9
DA:50,0
DA:62,9
DA:73,9
DA:82,9
DA:91,27
DA:108,27
DA:110,2
DA:148,57
DA:177,0
LF:35
LH:31
BRDA:29,0,0,9
BRDA:29,0,1,63
BRDA:29,1,0,72
BRDA:29,1,1,9
BRDA:32,2,0,0
BRDA:32,2,1,63
BRDA:32,3,0,63
BRDA:32,3,1,63
BRDA:39,4,0,56
BRDA:39,4,1,16
BRDA:40,5,0,8
BRDA:40,5,1,8
BRDA:40,6,0,8
BRDA:40,6,1,1
BRDA:40,6,2,1
BRDA:41,7,0,8
BRDA:41,7,1,0
BRDA:49,8,0,0
BRDA:49,8,1,9
BRDA:67,9,0,0
BRDA:67,9,1,9
BRDA:74,10,0,0
BRDA:74,10,1,9
BRDA:112,11,0,9
BRDA:112,11,1,18
BRDA:129,12,0,0
BRDA:129,12,1,9
BRDA:132,13,0,1
BRDA:132,13,1,8
BRDA:138,14,0,0
BRDA:138,14,1,1
BRDA:157,15,0,9
BRDA:157,15,1,1
BRDA:159,16,0,0
BRDA:159,16,1,1
BRF:35
BRH:27
end_of_record
TN:
SF:src/components/IALab/VoiceReader.jsx
FN:7,(anonymous_0)
FN:11,(anonymous_1)
FN:17,(anonymous_2)
FNF:3
FNH:1
FNDA:2,(anonymous_0)
FNDA:0,(anonymous_1)
FNDA:0,(anonymous_2)
DA:7,1
DA:8,2
DA:9,2
DA:11,2
DA:12,0
DA:13,0
DA:14,0
DA:15,0
DA:17,0
DA:18,0
DA:21,2
DA:34,1
LF:12
LH:6
BRDA:12,0,0,0
BRDA:12,0,1,0
BRDA:24,1,0,0
BRDA:24,1,1,2
BRDA:27,2,0,0
BRDA:27,2,1,2
BRDA:28,3,0,0
BRDA:28,3,1,2
BRF:8
BRH:3
end_of_record
TN:
SF:src/components/IALab/handleGlobalAction.js
FN:1,handleGlobalAction
FNF:1
FNH:0
FNDA:0,handleGlobalAction
DA:2,0
DA:4,0
DA:5,0
DA:7,0
DA:8,0
DA:10,0
DA:11,0
DA:13,0
DA:14,0
DA:16,0
DA:17,0
DA:19,0
DA:20,0
DA:22,0
DA:23,0
DA:26,0
DA:27,0
DA:29,0
DA:30,0
DA:32,0
LF:20
LH:0
BRDA:2,0,0,0
BRDA:2,0,1,0
BRDA:2,0,2,0
BRDA:2,0,3,0
BRDA:2,0,4,0
BRDA:2,0,5,0
BRDA:2,0,6,0
BRDA:2,0,7,0
BRDA:2,0,8,0
BRDA:2,0,9,0
BRDA:2,0,10,0
BRF:11
BRH:0
end_of_record
TN:
SF:src/components/IALab/IALabQuizModal/index.jsx
FN:29,(anonymous_0)
FN:31,(anonymous_1)
FN:43,(anonymous_2)
FN:44,(anonymous_3)
FN:45,(anonymous_4)
FN:46,(anonymous_5)
FN:47,(anonymous_6)
FN:48,(anonymous_7)
FN:49,(anonymous_8)
FN:50,(anonymous_9)
FN:51,(anonymous_10)
FN:52,(anonymous_11)
FN:63,(anonymous_12)
FN:64,(anonymous_13)
FN:72,(anonymous_14)
FN:84,(anonymous_15)
FN:91,(anonymous_16)
FN:96,(anonymous_17)
FN:101,(anonymous_18)
FN:102,(anonymous_19)
FN:106,(anonymous_20)
FN:114,(anonymous_21)
FN:122,(anonymous_22)
FN:128,(anonymous_23)
FN:134,(anonymous_24)
FN:151,(anonymous_25)
FN:180,(anonymous_26)
FN:191,(anonymous_27)
FN:193,(anonymous_28)
FN:195,(anonymous_29)
FN:196,(anonymous_30)
FN:198,(anonymous_31)
FN:201,(anonymous_32)
FN:207,(anonymous_33)
FN:224,(anonymous_34)
FN:227,(anonymous_35)
FN:286,(anonymous_36)
FN:286,(anonymous_37)
FN:360,(anonymous_38)
FN:370,(anonymous_39)
FN:377,(anonymous_40)
FN:385,(anonymous_41)
FN:389,(anonymous_42)
FNF:43
FNH:20
FNDA:7,(anonymous_0)
FNDA:7,(anonymous_1)
FNDA:7,(anonymous_2)
FNDA:7,(anonymous_3)
FNDA:7,(anonymous_4)
FNDA:7,(anonymous_5)
FNDA:7,(anonymous_6)
FNDA:7,(anonymous_7)
FNDA:7,(anonymous_8)
FNDA:7,(anonymous_9)
FNDA:7,(anonymous_10)
FNDA:7,(anonymous_11)
FNDA:0,(anonymous_12)
FNDA:0,(anonymous_13)
FNDA:14,(anonymous_14)
FNDA:0,(anonymous_15)
FNDA:0,(anonymous_16)
FNDA:5,(anonymous_17)
FNDA:0,(anonymous_18)
FNDA:1,(anonymous_19)
FNDA:5,(anonymous_20)
FNDA:0,(anonymous_21)
FNDA:0,(anonymous_22)
FNDA:0,(anonymous_23)
FNDA:0,(anonymous_24)
FNDA:0,(anonymous_25)
FNDA:0,(anonymous_26)
FNDA:5,(anonymous_27)
FNDA:3,(anonymous_28)
FNDA:0,(anonymous_29)
FNDA:0,(anonymous_30)
FNDA:3,(anonymous_31)
FNDA:3,(anonymous_32)
FNDA:0,(anonymous_33)
FNDA:0,(anonymous_34)
FNDA:0,(anonymous_35)
FNDA:0,(anonymous_36)
FNDA:0,(anonymous_37)
FNDA:0,(anonymous_38)
FNDA:0,(anonymous_39)
FNDA:0,(anonymous_40)
FNDA:0,(anonymous_41)
FNDA:0,(anonymous_42)
DA:29,1
DA:30,7
DA:31,7
DA:32,7
DA:39,7
DA:41,7
DA:43,7
DA:44,7
DA:45,7
DA:46,7
DA:47,7
DA:48,7
DA:49,7
DA:50,7
DA:51,7
DA:52,7
DA:53,7
DA:55,7
DA:56,7
DA:57,7
DA:58,7
DA:59,7
DA:60,7
DA:61,7
DA:63,7
DA:64,0
DA:65,0
DA:66,0
DA:67,0
DA:68,0
DA:72,14
DA:80,7
DA:85,0
DA:86,0
DA:87,0
DA:91,7
DA:92,0
DA:93,0
DA:96,7
DA:97,5
DA:98,4
DA:99,4
DA:101,1
DA:102,1
DA:106,7
DA:107,5
DA:108,0
DA:110,5
DA:114,7
DA:115,0
DA:116,0
DA:117,0
DA:118,0
DA:122,7
DA:123,0
DA:124,0
DA:128,7
DA:129,0
DA:130,0
DA:134,7
DA:135,0
DA:136,0
DA:137,0
DA:139,0
DA:140,0
DA:141,0
DA:142,0
DA:143,0
DA:144,0
DA:145,0
DA:146,0
DA:147,0
DA:150,0
DA:151,0
DA:152,0
DA:153,0
DA:161,0
DA:166,0
DA:167,0
DA:180,7
DA:181,0
DA:182,0
DA:183,0
DA:184,0
DA:186,0
DA:187,0
DA:190,7
DA:191,7
DA:193,7
DA:194,3
DA:195,3
DA:196,0
DA:198,3
DA:201,7
DA:202,3
DA:203,0
DA:207,7
DA:208,0
DA:209,0
DA:210,0
DA:211,0
DA:212,0
DA:213,0
DA:215,0
DA:216,0
DA:217,0
DA:218,0
DA:219,0
DA:222,0
DA:223,0
DA:224,0
DA:227,7
DA:228,0
DA:231,7
DA:233,7
DA:251,7
DA:286,0
DA:360,0
DA:370,0
DA:377,0
DA:386,0
DA:387,0
DA:389,0
DA:396,1
LF:124
LH:56
BRDA:66,0,0,0
BRDA:66,0,1,0
BRDA:97,1,0,4
BRDA:97,1,1,1
BRDA:107,2,0,0
BRDA:107,2,1,5
BRDA:116,3,0,0
BRDA:116,3,1,0
BRDA:123,4,0,0
BRDA:123,4,1,0
BRDA:129,5,0,0
BRDA:129,5,1,0
BRDA:139,6,0,0
BRDA:139,6,1,0
BRDA:139,7,0,0
BRDA:139,7,1,0
BRDA:145,8,0,0
BRDA:145,8,1,0
BRDA:150,9,0,0
BRDA:150,9,1,0
BRDA:152,10,0,0
BRDA:152,10,1,0
BRDA:166,11,0,0
BRDA:166,11,1,0
BRDA:166,12,0,0
BRDA:166,12,1,0
BRDA:166,12,2,0
BRDA:168,13,0,0
BRDA:168,13,1,0
BRDA:169,14,0,0
BRDA:169,14,1,0
BRDA:173,15,0,0
BRDA:173,15,1,0
BRDA:181,16,0,0
BRDA:181,16,1,0
BRDA:182,17,0,0
BRDA:182,17,1,0
BRDA:182,18,0,0
BRDA:182,18,1,0
BRDA:194,19,0,0
BRDA:194,19,1,3
BRDA:194,20,0,3
BRDA:194,20,1,3
BRDA:202,21,0,0
BRDA:202,21,1,3
BRDA:202,22,0,3
BRDA:202,22,1,3
BRDA:202,22,2,3
BRDA:202,22,3,3
BRDA:209,23,0,0
BRDA:209,23,1,0
BRDA:211,24,0,0
BRDA:211,24,1,0
BRDA:216,25,0,0
BRDA:216,25,1,0
BRDA:216,26,0,0
BRDA:216,26,1,0
BRDA:233,27,0,7
BRDA:233,27,1,7
BRDA:253,28,0,7
BRDA:253,28,1,4
BRDA:268,29,0,0
BRDA:268,29,1,4
BRDA:303,30,0,0
BRDA:303,30,1,4
BRDA:309,31,0,0
BRDA:309,31,1,0
BRDA:333,32,0,0
BRDA:333,32,1,4
BRDA:351,33,0,4
BRDA:351,33,1,4
BRDA:368,34,0,7
BRDA:368,34,1,7
BRDA:369,35,0,7
BRDA:369,35,1,7
BRDA:370,36,0,7
BRDA:370,36,1,0
BRDA:375,37,0,7
BRDA:375,37,1,7
BRDA:380,38,0,7
BRDA:380,38,1,0
BRF:81
BRH:28
end_of_record
TN:
SF:src/components/IALab/IALabQuizModal/components/NavigationBar.jsx
FN:4,NavigationBar
FNF:1
FNH:1
FNDA:14,NavigationBar
DA:5,14
DA:7,14
LF:2
LH:2
BRDA:24,0,0,11
BRDA:24,0,1,3
BRDA:39,1,0,1
BRDA:39,1,1,2
BRF:4
BRH:4
end_of_record
TN:
SF:src/components/IALab/IALabQuizModal/components/QuestionProgressBar.jsx
FN:4,QuestionProgressBar
FN:11,(anonymous_1)
FN:17,(anonymous_2)
FNF:3
FNH:2
FNDA:2,QuestionProgressBar
FNDA:4,(anonymous_1)
FNDA:0,(anonymous_2)
DA:5,2
DA:7,2
DA:9,2
DA:12,4
DA:13,4
DA:14,4
DA:17,0
LF:7
LH:6
BRDA:7,0,0,0
BRDA:7,0,1,2
BRDA:19,1,0,2
BRDA:19,1,1,2
BRDA:23,2,0,0
BRDA:23,2,1,4
BRDA:24,3,0,0
BRDA:24,3,1,0
BRDA:27,4,0,0
BRDA:27,4,1,4
BRDA:31,5,0,0
BRDA:31,5,1,4
BRF:12
BRH:6
end_of_record
TN:
SF:src/components/IALab/IALabQuizModal/components/QuestionRenderer.jsx
FN:5,getDifficultyColor
FN:14,QuestionRenderer
FN:37,(anonymous_2)
FN:54,(anonymous_3)
FN:63,(anonymous_4)
FNF:5
FNH:3
FNDA:2,getDifficultyColor
FNDA:2,QuestionRenderer
FNDA:0,(anonymous_2)
FNDA:6,(anonymous_3)
FNDA:0,(anonymous_4)
DA:6,2
DA:7,2
DA:8,0
DA:9,0
DA:10,0
DA:15,2
DA:17,2
DA:19,2
DA:37,0
DA:55,6
DA:56,6
DA:57,6
DA:63,0
LF:13
LH:8
BRDA:6,0,0,2
BRDA:6,0,1,0
BRDA:6,0,2,0
BRDA:6,0,3,0
BRDA:17,1,0,0
BRDA:17,1,1,2
BRDA:39,2,0,0
BRDA:39,2,1,2
BRDA:43,3,0,0
BRDA:43,3,1,2
BRDA:46,4,0,0
BRDA:46,4,1,2
BRDA:65,5,0,0
BRDA:65,5,1,6
BRDA:71,6,0,0
BRDA:71,6,1,6
BRDA:73,7,0,6
BRDA:73,7,1,0
BRDA:76,8,0,0
BRDA:76,8,1,6
BRF:20
BRH:9
end_of_record
TN:
SF:src/components/IALab/IALabQuizModal/components/QuizResults.jsx
FN:8,AnswerReview
FN:17,(anonymous_1)
FN:17,(anonymous_2)
FN:32,(anonymous_3)
FN:35,(anonymous_4)
FN:36,(anonymous_5)
FN:80,QuizResults
FN:85,(anonymous_7)
FN:91,(anonymous_8)
FN:92,(anonymous_9)
FN:93,(anonymous_10)
FN:96,(anonymous_11)
FN:100,(anonymous_12)
FN:100,(anonymous_13)
FN:101,(anonymous_14)
FN:184,(anonymous_15)
FNF:16
FNH:0
FNDA:0,AnswerReview
FNDA:0,(anonymous_1)
FNDA:0,(anonymous_2)
FNDA:0,(anonymous_3)
FNDA:0,(anonymous_4)
FNDA:0,(anonymous_5)
FNDA:0,QuizResults
FNDA:0,(anonymous_7)
FNDA:0,(anonymous_8)
FNDA:0,(anonymous_9)
FNDA:0,(anonymous_10)
FNDA:0,(anonymous_11)
FNDA:0,(anonymous_12)
FNDA:0,(anonymous_13)
FNDA:0,(anonymous_14)
FNDA:0,(anonymous_15)
DA:9,0
DA:10,0
DA:12,0
DA:14,0
DA:17,0
DA:33,0
DA:34,0
DA:35,0
DA:36,0
DA:37,0
DA:81,0
DA:82,0
DA:83,0
DA:85,0
DA:86,0
DA:87,0
DA:91,0
DA:92,0
DA:93,0
DA:96,0
DA:97,0
DA:98,0
DA:99,0
DA:100,0
DA:101,0
DA:105,0
DA:107,0
DA:185,0
LF:28
LH:0
BRDA:12,0,0,0
BRDA:12,0,1,0
BRDA:12,1,0,0
BRDA:12,1,1,0
BRDA:25,2,0,0
BRDA:25,2,1,0
BRDA:30,3,0,0
BRDA:30,3,1,0
BRDA:41,4,0,0
BRDA:41,4,1,0
BRDA:48,5,0,0
BRDA:48,5,1,0
BRDA:50,6,0,0
BRDA:50,6,1,0
BRDA:57,7,0,0
BRDA:57,7,1,0
BRDA:58,8,0,0
BRDA:58,8,1,0
BRDA:60,9,0,0
BRDA:60,9,1,0
BRDA:86,10,0,0
BRDA:86,10,1,0
BRDA:97,11,0,0
BRDA:97,11,1,0
BRDA:98,12,0,0
BRDA:98,12,1,0
BRDA:105,13,0,0
BRDA:105,13,1,0
BRDA:117,14,0,0
BRDA:117,14,1,0
BRDA:121,15,0,0
BRDA:121,15,1,0
BRDA:122,16,0,0
BRDA:122,16,1,0
BRDA:127,17,0,0
BRDA:127,17,1,0
BRDA:137,18,0,0
BRDA:137,18,1,0
BRDA:138,19,0,0
BRDA:138,19,1,0
BRDA:141,20,0,0
BRDA:141,20,1,0
BRDA:161,21,0,0
BRDA:161,21,1,0
BRDA:177,22,0,0
BRDA:177,22,1,0
BRDA:177,22,2,0
BRDA:191,23,0,0
BRDA:191,23,1,0
BRDA:210,24,0,0
BRDA:210,24,1,0
BRDA:210,24,2,0
BRF:52
BRH:0
end_of_record
TN:
SF:src/components/IALab/IALabQuizModal/components/QuizTimer.jsx
FN:5,QuizTimer
FNF:1
FNH:1
FNDA:16,QuizTimer
DA:6,16
DA:7,16
DA:9,16
LF:3
LH:3
BRDA:20,0,0,16
BRDA:20,0,1,15
BRDA:23,1,0,1
BRDA:23,1,1,14
BRDA:58,2,0,16
BRDA:58,2,1,1
BRF:6
BRH:6
end_of_record
TN:
SF:src/components/IALab/IALabQuizModal/components/SubmitConfirmDialog.jsx
FN:5,SubmitConfirmDialog
FN:23,(anonymous_1)
FNF:2
FNH:2
FNDA:14,SubmitConfirmDialog
FNDA:3,(anonymous_1)
DA:6,14
DA:8,14
DA:23,3
LF:3
LH:3
BRDA:10,0,0,14
BRDA:10,0,1,8
BRF:2
BRH:2
end_of_record
TN:
SF:src/components/IALab/IALabValerioPanel/ValerioChatInput.jsx
FN:6,(anonymous_0)
FN:30,(anonymous_1)
FNF:2
FNH:1
FNDA:14,(anonymous_0)
FNDA:0,(anonymous_1)
DA:6,1
DA:23,14
DA:24,14
DA:30,0
DA:102,1
LF:5
LH:4
BRDA:44,0,0,1
BRDA:44,0,1,13
BRDA:61,1,0,14
BRDA:61,1,1,1
BRDA:68,2,0,14
BRDA:68,2,1,13
BRDA:73,3,0,1
BRDA:73,3,1,12
BRDA:77,4,0,1
BRDA:77,4,1,12
BRDA:78,5,0,1
BRDA:78,5,1,12
BRDA:80,6,0,1
BRDA:80,6,1,12
BRDA:86,7,0,14
BRDA:86,7,1,12
BRDA:90,8,0,2
BRDA:90,8,1,12
BRF:18
BRH:18
end_of_record
TN:
SF:src/components/IALab/IALabValerioPanel/ValerioConversationArea.jsx
FN:6,(anonymous_0)
FN:38,(anonymous_1)
FN:59,(anonymous_2)
FN:76,(anonymous_3)
FN:91,(anonymous_4)
FN:107,(anonymous_5)
FN:126,(anonymous_6)
FN:130,(anonymous_7)
FN:140,(anonymous_8)
FNF:9
FNH:7
FNDA:8,(anonymous_0)
FNDA:10,(anonymous_1)
FNDA:1,(anonymous_2)
FNDA:0,(anonymous_3)
FNDA:0,(anonymous_4)
FNDA:2,(anonymous_5)
FNDA:8,(anonymous_6)
FNDA:8,(anonymous_7)
FNDA:8,(anonymous_8)
DA:6,1
DA:7,8
DA:8,8
DA:9,8
DA:11,8
DA:39,10
DA:59,1
DA:60,1
DA:76,1
DA:77,0
DA:92,0
DA:107,1
DA:108,2
DA:109,2
DA:126,1
DA:127,8
DA:128,8
DA:130,8
DA:131,8
DA:134,8
DA:141,8
DA:153,1
LF:22
LH:20
BRDA:12,0,0,4
BRDA:12,0,1,4
BRDA:14,1,0,4
BRDA:14,1,1,4
BRDA:19,2,0,8
BRDA:19,2,1,4
BRDA:30,3,0,4
BRDA:30,3,1,4
BRDA:36,4,0,4
BRDA:36,4,1,4
BRDA:46,5,0,8
BRDA:46,5,1,4
BRDA:94,6,0,0
BRDA:94,6,1,0
BRDA:136,7,0,2
BRDA:136,7,1,6
BRDA:136,8,0,8
BRDA:136,8,1,2
BRDA:143,9,0,6
BRDA:143,9,1,0
BRDA:144,10,0,6
BRDA:144,10,1,1
BRDA:144,10,2,1
BRF:23
BRH:20
end_of_record
TN:
SF:src/components/IALab/IALabValerioPanel/ValerioPanelHeader.jsx
FN:7,(anonymous_0)
FN:28,(anonymous_1)
FNF:2
FNH:1
FNDA:8,(anonymous_0)
FNDA:0,(anonymous_1)
DA:7,1
DA:8,8
DA:9,8
DA:28,0
DA:62,1
LF:5
LH:4
BRDA:14,0,0,8
BRDA:14,0,1,0
BRDA:39,1,0,5
BRDA:39,1,1,3
BRDA:40,2,0,1
BRDA:40,2,1,2
BRDA:41,3,0,2
BRDA:41,3,1,0
BRDA:45,4,0,5
BRDA:45,4,1,3
BRDA:46,5,0,1
BRDA:46,5,1,2
BRDA:47,6,0,2
BRDA:47,6,1,0
BRDA:54,7,0,8
BRDA:54,7,1,0
BRDA:54,8,0,0
BRDA:54,8,1,0
BRF:18
BRH:12
end_of_record
TN:
SF:src/components/IALab/IALabValerioPanel/ValerioQuickActions.jsx
FN:5,(anonymous_0)
FN:11,(anonymous_1)
FN:14,(anonymous_2)
FNF:3
FNH:3
FNDA:8,(anonymous_0)
FNDA:28,(anonymous_1)
FNDA:1,(anonymous_2)
DA:5,1
DA:6,8
DA:7,8
DA:12,28
DA:14,1
DA:28,1
LF:6
LH:6
BRF:0
BRH:0
end_of_record
TN:
SF:src/components/IALab/constants/IALabConfig.js
FNF:0
FNH:0
DA:1,2
DA:2,2
DA:3,2
DA:4,2
DA:6,2
DA:7,2
DA:8,2
DA:9,2
DA:10,2
DA:11,2
DA:13,2
DA:14,2
DA:15,2
DA:16,2
DA:18,2
DA:19,2
DA:20,2
LF:17
LH:17
BRF:0
BRH:0
end_of_record
TN:
SF:src/components/IALab/constants/landingAnimations.js
FNF:0
FNH:0
DA:1,1
DA:7,1
LF:2
LH:2
BRF:0
BRH:0
end_of_record
TN:
SF:src/components/IALab/constants/sidebarData.js
FN:71,(anonymous_0)
FN:75,(anonymous_1)
FN:76,(anonymous_2)
FNF:3
FNH:0
FNDA:0,(anonymous_0)
FNDA:0,(anonymous_1)
FNDA:0,(anonymous_2)
DA:1,1
DA:24,1
DA:47,1
DA:55,1
DA:63,1
DA:71,1
DA:75,1
DA:76,1
DA:79,1
DA:80,1
LF:10
LH:10
BRDA:71,0,0,0
BRDA:71,1,0,0
BRDA:71,1,1,0
BRF:3
BRH:0
end_of_record
TN:
SF:src/components/IALab/dashboard/DashboardActivityView.jsx
FN:16,(anonymous_0)
FN:19,DashboardActivityView
FN:22,(anonymous_2)
FN:23,(anonymous_3)
FN:24,(anonymous_4)
FN:26,(anonymous_5)
FN:28,(anonymous_6)
FN:29,(anonymous_7)
FN:49,(anonymous_8)
FN:66,(anonymous_9)
FN:68,(anonymous_10)
FN:88,(anonymous_11)
FNF:12
FNH:0
FNDA:0,(anonymous_0)
FNDA:0,DashboardActivityView
FNDA:0,(anonymous_2)
FNDA:0,(anonymous_3)
FNDA:0,(anonymous_4)
FNDA:0,(anonymous_5)
FNDA:0,(anonymous_6)
FNDA:0,(anonymous_7)
FNDA:0,(anonymous_8)
FNDA:0,(anonymous_9)
FNDA:0,(anonymous_10)
FNDA:0,(anonymous_11)
DA:7,1
DA:9,1
DA:14,1
DA:16,0
DA:20,0
DA:21,0
DA:22,0
DA:23,0
DA:24,0
DA:25,0
DA:26,0
DA:28,0
DA:29,0
DA:30,0
DA:31,0
DA:39,0
DA:40,0
DA:42,0
DA:50,0
DA:67,0
DA:68,0
DA:69,0
DA:89,0
LF:23
LH:3
BRDA:33,0,0,0
BRDA:33,0,1,0
BRDA:46,1,0,0
BRDA:46,1,1,0
BRDA:47,2,0,0
BRDA:47,2,1,0
BRDA:48,3,0,0
BRDA:48,3,1,0
BRDA:51,4,0,0
BRDA:51,4,1,0
BRDA:52,5,0,0
BRDA:52,5,1,0
BRDA:61,6,0,0
BRDA:61,6,1,0
BRDA:61,7,0,0
BRDA:61,7,1,0
BRDA:67,8,0,0
BRDA:67,8,1,0
BRDA:68,9,0,0
BRDA:68,9,1,0
BRDA:83,10,0,0
BRDA:83,10,1,0
BRDA:83,11,0,0
BRDA:83,11,1,0
BRDA:95,12,0,0
BRDA:95,12,1,0
BRF:26
BRH:0
end_of_record
TN:
SF:src/components/IALab/dashboard/DashboardBgPattern.jsx
FN:1,DashboardBgPattern
FNF:1
FNH:1
FNDA:6,DashboardBgPattern
DA:2,6
LF:1
LH:1
BRF:0
BRH:0
end_of_record
TN:
SF:src/components/IALab/dashboard/DashboardCompleted.jsx
FN:15,DashboardCompleted
FN:18,(anonymous_1)
FN:19,(anonymous_2)
FN:20,(anonymous_3)
FN:21,(anonymous_4)
FN:22,(anonymous_5)
FN:26,(anonymous_6)
FN:27,(anonymous_7)
FN:31,(anonymous_8)
FN:34,(anonymous_9)
FN:54,(anonymous_10)
FNF:11
FNH:10
FNDA:2,DashboardCompleted
FNDA:2,(anonymous_1)
FNDA:2,(anonymous_2)
FNDA:2,(anonymous_3)
FNDA:2,(anonymous_4)
FNDA:2,(anonymous_5)
FNDA:2,(anonymous_6)
FNDA:10,(anonymous_7)
FNDA:10,(anonymous_8)
FNDA:10,(anonymous_9)
FNDA:0,(anonymous_10)
DA:13,1
DA:16,2
DA:17,2
DA:18,2
DA:19,2
DA:20,2
DA:21,2
DA:22,2
DA:24,2
DA:26,2
DA:27,2
DA:28,10
DA:29,10
DA:31,10
DA:32,2
DA:34,10
DA:38,2
DA:54,0
LF:18
LH:17
BRDA:29,0,0,10
BRDA:29,0,1,10
BRDA:29,0,2,10
BRDA:29,0,3,10
BRDA:29,1,0,10
BRDA:29,1,1,0
BRDA:34,2,0,2
BRDA:34,2,1,0
BRDA:42,3,0,2
BRDA:42,3,1,0
BRDA:42,3,2,2
BRDA:64,4,0,2
BRDA:64,4,1,0
BRDA:72,5,0,2
BRDA:72,5,1,2
BRDA:89,6,0,2
BRDA:89,6,1,0
BRF:17
BRH:12
end_of_record
TN:
SF:src/components/IALab/dashboard/DashboardInProgress.jsx
FN:18,DashboardInProgress
FN:23,(anonymous_1)
FN:24,(anonymous_2)
FN:25,(anonymous_3)
FN:26,(anonymous_4)
FN:27,(anonymous_5)
FN:28,(anonymous_6)
FN:29,(anonymous_7)
FN:31,(anonymous_8)
FN:40,(anonymous_9)
FN:41,(anonymous_10)
FN:45,(anonymous_11)
FN:48,(anonymous_12)
FN:52,(anonymous_13)
FN:53,(anonymous_14)
FN:67,(anonymous_15)
FN:67,(anonymous_16)
FN:69,(anonymous_17)
FN:71,(anonymous_18)
FN:76,(anonymous_19)
FN:82,(anonymous_20)
FN:88,(anonymous_21)
FN:92,(anonymous_22)
FN:95,(anonymous_23)
FN:96,(anonymous_24)
FN:97,(anonymous_25)
FN:103,(anonymous_26)
FN:108,(anonymous_27)
FN:112,(anonymous_28)
FN:142,(anonymous_29)
FN:199,(anonymous_30)
FNF:31
FNH:26
FNDA:4,DashboardInProgress
FNDA:4,(anonymous_1)
FNDA:4,(anonymous_2)
FNDA:4,(anonymous_3)
FNDA:4,(anonymous_4)
FNDA:4,(anonymous_5)
FNDA:4,(anonymous_6)
FNDA:4,(anonymous_7)
FNDA:4,(anonymous_8)
FNDA:4,(anonymous_9)
FNDA:20,(anonymous_10)
FNDA:20,(anonymous_11)
FNDA:1,(anonymous_12)
FNDA:4,(anonymous_13)
FNDA:20,(anonymous_14)
FNDA:4,(anonymous_15)
FNDA:4,(anonymous_16)
FNDA:4,(anonymous_17)
FNDA:4,(anonymous_18)
FNDA:0,(anonymous_19)
FNDA:4,(anonymous_20)
FNDA:0,(anonymous_21)
FNDA:4,(anonymous_22)
FNDA:16,(anonymous_23)
FNDA:4,(anonymous_24)
FNDA:16,(anonymous_25)
FNDA:4,(anonymous_26)
FNDA:0,(anonymous_27)
FNDA:0,(anonymous_28)
FNDA:0,(anonymous_29)
FNDA:12,(anonymous_30)
DA:15,1
DA:16,1
DA:19,4
DA:20,4
DA:21,4
DA:23,4
DA:24,4
DA:25,4
DA:26,4
DA:27,4
DA:28,4
DA:29,4
DA:31,4
DA:33,4
DA:34,4
DA:35,4
DA:36,4
DA:37,4
DA:38,4
DA:40,4
DA:41,4
DA:42,20
DA:43,20
DA:45,20
DA:46,4
DA:48,1
DA:52,4
DA:53,4
DA:54,20
DA:55,20
DA:56,20
DA:67,4
DA:68,4
DA:69,4
DA:71,4
DA:72,4
DA:76,4
DA:77,0
DA:78,0
DA:79,0
DA:82,4
DA:83,4
DA:84,4
DA:85,4
DA:86,4
DA:87,3
DA:88,3
DA:89,3
DA:92,4
DA:93,4
DA:94,4
DA:95,16
DA:96,4
DA:97,16
DA:98,4
DA:99,4
DA:103,4
DA:104,4
DA:105,4
DA:108,4
DA:109,0
DA:110,0
DA:111,0
DA:112,0
DA:113,0
DA:114,0
DA:115,0
DA:117,0
DA:120,4
DA:122,4
DA:142,0
DA:200,12
LF:72
LH:60
BRDA:43,0,0,20
BRDA:43,0,1,3
BRDA:43,0,2,3
BRDA:43,0,3,3
BRDA:43,1,0,3
BRDA:43,1,1,0
BRDA:48,2,0,1
BRDA:48,2,1,3
BRDA:55,3,0,20
BRDA:55,3,1,3
BRDA:55,3,2,3
BRDA:55,3,3,3
BRDA:55,4,0,3
BRDA:55,4,1,0
BRDA:58,5,0,20
BRDA:58,5,1,16
BRDA:59,6,0,20
BRDA:59,6,1,17
BRDA:67,7,0,4
BRDA:67,7,1,0
BRDA:67,8,0,4
BRDA:67,8,1,4
BRDA:68,9,0,4
BRDA:68,9,1,0
BRDA:72,10,0,4
BRDA:72,10,1,3
BRDA:72,10,2,0
BRDA:72,10,3,0
BRDA:77,11,0,0
BRDA:77,11,1,0
BRDA:78,12,0,0
BRDA:78,12,1,0
BRDA:79,13,0,0
BRDA:79,13,1,0
BRDA:86,14,0,1
BRDA:86,14,1,3
BRDA:86,15,0,4
BRDA:86,15,1,4
BRDA:105,16,0,0
BRDA:105,16,1,4
BRDA:110,17,0,0
BRDA:110,17,1,0
BRDA:120,18,0,4
BRDA:120,18,1,4
BRDA:126,19,0,4
BRDA:126,19,1,0
BRDA:126,19,2,4
BRDA:144,20,0,0
BRDA:144,20,1,4
BRDA:144,21,0,4
BRDA:144,21,1,4
BRDA:145,22,0,0
BRDA:145,22,1,0
BRDA:196,23,0,4
BRDA:196,23,1,0
BRDA:197,24,0,4
BRDA:197,24,1,3
BRDA:216,25,0,4
BRDA:216,25,1,0
BRF:59
BRH:38
end_of_record
TN:
SF:src/components/IALab/dashboard/DashboardModuleList.jsx
FN:23,DashboardModuleList
FN:27,(anonymous_1)
FN:28,(anonymous_2)
FN:29,(anonymous_3)
FN:31,(anonymous_4)
FN:33,(anonymous_5)
FN:35,(anonymous_6)
FN:39,(anonymous_7)
FN:40,(anonymous_8)
FN:57,(anonymous_9)
FN:61,(anonymous_10)
FN:70,(anonymous_11)
FN:75,(anonymous_12)
FNF:13
FNH:10
FNDA:6,DashboardModuleList
FNDA:6,(anonymous_1)
FNDA:6,(anonymous_2)
FNDA:6,(anonymous_3)
FNDA:6,(anonymous_4)
FNDA:6,(anonymous_5)
FNDA:30,(anonymous_6)
FNDA:6,(anonymous_7)
FNDA:30,(anonymous_8)
FNDA:0,(anonymous_9)
FNDA:0,(anonymous_10)
FNDA:30,(anonymous_11)
FNDA:0,(anonymous_12)
DA:9,1
DA:11,1
DA:13,1
DA:18,1
DA:24,6
DA:25,6
DA:26,6
DA:27,6
DA:28,6
DA:29,6
DA:31,6
DA:33,6
DA:34,6
DA:35,30
DA:36,6
DA:39,6
DA:40,6
DA:41,30
DA:42,30
DA:54,6
DA:55,0
DA:58,0
DA:61,0
DA:67,6
DA:71,30
DA:75,0
LF:26
LH:22
BRDA:44,0,0,30
BRDA:44,0,1,13
BRDA:44,0,2,13
BRDA:44,0,3,13
BRDA:44,1,0,13
BRDA:44,1,1,0
BRDA:45,2,0,30
BRDA:45,2,1,24
BRDA:46,3,0,30
BRDA:46,3,1,17
BRDA:54,4,0,0
BRDA:54,4,1,6
BRF:12
BRH:10
end_of_record
TN:
SF:src/components/IALab/dashboard/DashboardModuleRow.jsx
FN:5,DashboardModuleRow
FNF:1
FNH:1
FNDA:30,DashboardModuleRow
DA:6,30
DA:7,30
DA:8,30
DA:9,30
LF:4
LH:4
BRDA:7,0,0,30
BRDA:7,0,1,14
BRDA:11,1,0,14
BRDA:11,1,1,16
BRDA:14,2,0,4
BRDA:14,2,1,26
BRDA:15,3,0,16
BRDA:15,3,1,14
BRDA:16,4,0,4
BRDA:16,4,1,26
BRDA:17,5,0,4
BRDA:17,5,1,26
BRDA:17,6,0,4
BRDA:17,6,1,26
BRDA:21,7,0,30
BRDA:21,7,1,4
BRDA:26,8,0,30
BRDA:26,8,1,10
BRDA:33,9,0,14
BRDA:33,9,1,16
BRDA:38,10,0,10
BRDA:38,10,1,4
BRF:22
BRH:22
end_of_record
TN:
SF:src/components/IALab/dashboard/DashboardTabs.jsx
FN:5,DashboardTabs
FN:12,(anonymous_1)
FN:21,(anonymous_2)
FNF:3
FNH:1
FNDA:6,DashboardTabs
FNDA:0,(anonymous_1)
FNDA:0,(anonymous_2)
DA:6,6
DA:8,6
DA:12,0
DA:21,0
LF:4
LH:2
BRDA:14,0,0,6
BRDA:14,0,1,0
BRDA:23,1,0,0
BRDA:23,1,1,6
BRF:4
BRH:2
end_of_record
TN:
SF:src/components/IALab/dashboard/DashboardTopBar.jsx
FN:5,DashboardTopBar
FNF:1
FNH:1
FNDA:6,DashboardTopBar
DA:6,6
DA:8,6
LF:2
LH:2
BRDA:20,0,0,0
BRDA:20,0,1,6
BRDA:22,1,0,0
BRDA:22,1,1,6
BRDA:22,2,0,0
BRDA:22,2,1,6
BRF:6
BRH:3
end_of_record
TN:
SF:src/components/IALab/data/landingPageData.js
FN:314,(anonymous_0)
FN:322,(anonymous_1)
FN:330,(anonymous_2)
FN:348,(anonymous_3)
FN:353,(anonymous_4)
FN:358,(anonymous_5)
FN:362,(anonymous_6)
FN:378,(anonymous_7)
FN:381,(anonymous_8)
FN:385,(anonymous_9)
FN:386,(anonymous_10)
FN:387,(anonymous_11)
FNF:12
FNH:0
FNDA:0,(anonymous_0)
FNDA:0,(anonymous_1)
FNDA:0,(anonymous_2)
FNDA:0,(anonymous_3)
FNDA:0,(anonymous_4)
FNDA:0,(anonymous_5)
FNDA:0,(anonymous_6)
FNDA:0,(anonymous_7)
FNDA:0,(anonymous_8)
FNDA:0,(anonymous_9)
FNDA:0,(anonymous_10)
FNDA:0,(anonymous_11)
DA:1,2
DA:9,2
DA:17,2
DA:156,2
DA:295,2
DA:302,2
DA:309,2
DA:314,0
DA:322,0
DA:330,0
DA:336,2
DA:344,2
DA:348,0
DA:353,0
DA:358,0
DA:362,2
DA:364,2
DA:371,2
DA:378,2
DA:381,2
DA:385,2
DA:386,2
DA:387,2
DA:390,2
DA:391,2
DA:392,2
LF:26
LH:20
BRDA:314,0,0,0
BRDA:314,0,1,0
BRDA:322,1,0,0
BRDA:322,1,1,0
BRDA:348,2,0,0
BRDA:348,2,1,0
BRDA:362,3,0,0
BRDA:362,3,1,0
BRDA:378,4,0,0
BRDA:378,4,1,0
BRDA:381,5,0,0
BRDA:381,6,0,0
BRDA:381,6,1,0
BRF:13
BRH:0
end_of_record
TN:
SF:src/components/IALab/shared/EmptyState.jsx
FN:5,EmptyState
FNF:1
FNH:1
FNDA:6,EmptyState
DA:6,6
DA:22,2
LF:2
LH:2
BRDA:9,0,0,6
BRDA:9,0,1,4
BRDA:12,1,0,6
BRDA:12,1,1,3
BRDA:13,2,0,6
BRDA:13,2,1,2
BRF:6
BRH:6
end_of_record
TN:
SF:src/components/IALab/shared/LoadingSpinner.jsx
FN:9,(anonymous_0)
FN:11,(anonymous_1)
FN:12,(anonymous_2)
FN:13,(anonymous_3)
FNF:4
FNH:3
FNDA:2,(anonymous_0)
FNDA:2,(anonymous_1)
FNDA:0,(anonymous_2)
FNDA:2,(anonymous_3)
DA:9,1
DA:10,2
DA:11,2
DA:12,2
DA:13,2
DA:15,2
DA:30,1
LF:7
LH:7
BRDA:9,0,0,2
BRDA:9,1,0,2
BRDA:19,2,0,2
BRDA:19,2,1,0
BRDA:19,2,2,0
BRF:5
BRH:3
end_of_record
TN:
SF:src/components/IALab/shared/MobileHeader.jsx
FN:13,(anonymous_0)
FN:16,(anonymous_1)
FN:20,(anonymous_2)
FNF:3
FNH:1
FNDA:1,(anonymous_0)
FNDA:0,(anonymous_1)
FNDA:0,(anonymous_2)
DA:13,1
DA:14,1
DA:15,1
DA:16,0
DA:20,0
DA:40,1
DA:43,1
LF:7
LH:5
BRF:0
BRH:0
end_of_record
TN:
SF:src/components/IALab/shared/ToastNotification.jsx
FN:9,(anonymous_0)
FN:10,(anonymous_1)
FN:12,(anonymous_2)
FN:13,(anonymous_3)
FNF:4
FNH:3
FNDA:5,(anonymous_0)
FNDA:5,(anonymous_1)
FNDA:0,(anonymous_2)
FNDA:4,(anonymous_3)
DA:4,2
DA:9,2
DA:10,5
DA:11,5
DA:12,4
DA:13,4
DA:16,5
DA:18,4
DA:37,2
DA:42,2
LF:10
LH:10
BRDA:11,0,0,1
BRDA:11,0,1,4
BRDA:16,1,0,1
BRDA:16,1,1,4
BRDA:21,2,0,2
BRDA:21,2,1,2
BRDA:22,3,0,0
BRDA:22,3,1,2
BRDA:23,4,0,1
BRDA:23,4,1,1
BRF:10
BRH:9
end_of_record
TN:
SF:src/components/IALab/shared/TouchableIcon.jsx
FN:18,(anonymous_0)
FNF:1
FNH:1
FNDA:4,(anonymous_0)
DA:4,2
DA:18,2
DA:19,4
DA:36,2
LF:4
LH:4
BRDA:18,0,0,4
BRDA:18,1,0,4
BRF:2
BRH:2
end_of_record
TN:
SF:src/components/Nico/nicoCache.js
FN:6,(anonymous_0)
FNF:1
FNH:1
FNDA:102,(anonymous_0)
DA:2,1
DA:3,1
DA:4,1
DA:6,1
DA:7,102
DA:8,1
DA:9,1
DA:11,102
LF:8
LH:8
BRDA:7,0,0,1
BRDA:7,0,1,101
BRF:2
BRH:2
end_of_record
TN:
SF:src/components/Nico/nicoColors.js
FNF:0
FNH:0
DA:1,1
LF:1
LH:1
BRF:0
BRH:0
end_of_record
TN:
SF:src/components/Nico/nicoTextUtils.js
FN:1,(anonymous_0)
FN:42,(anonymous_1)
FN:83,(anonymous_2)
FN:126,(anonymous_3)
FN:145,(anonymous_4)
FNF:5
FNH:5
FNDA:11,(anonymous_0)
FNDA:80,(anonymous_1)
FNDA:7,(anonymous_2)
FNDA:5,(anonymous_3)
FNDA:5,(anonymous_4)
DA:1,1
DA:2,11
DA:4,8
DA:7,8
DA:8,8
DA:11,8
DA:12,8
DA:15,8
DA:18,8
DA:19,8
DA:22,8
DA:25,8
DA:26,8
DA:29,8
DA:42,8
DA:43,80
DA:44,80
DA:49,8
DA:52,8
DA:53,8
DA:56,8
DA:57,8
DA:60,8
DA:63,8
DA:66,8
DA:67,0
DA:79,8
DA:83,1
DA:84,7
DA:91,5
DA:103,5
DA:105,5
DA:106,45
DA:110,5
DA:113,5
DA:114,1
DA:118,4
DA:119,3
DA:122,4
DA:126,1
DA:132,5
DA:139,5
DA:145,1
DA:146,5
DA:149,5
DA:150,2
DA:154,3
DA:155,1
DA:159,2
DA:160,1
DA:167,1
DA:169,1
DA:171,1
DA:174,1
LF:54
LH:53
BRDA:2,0,0,3
BRDA:2,0,1,8
BRDA:66,1,0,0
BRDA:66,1,1,8
BRDA:66,2,0,8
BRDA:66,2,1,8
BRDA:84,3,0,2
BRDA:84,3,1,5
BRDA:113,4,0,1
BRDA:113,4,1,4
BRDA:118,5,0,3
BRDA:118,5,1,1
BRDA:118,6,0,4
BRDA:118,6,1,4
BRDA:128,7,0,5
BRDA:140,8,0,5
BRDA:140,8,1,4
BRDA:140,8,2,3
BRDA:140,8,3,2
BRDA:146,9,0,5
[...]
FN:3,(anonymous_1)
FN:5,(anonymous_2)
FN:7,(anonymous_3)
FN:9,(anonymous_4)
FN:11,(anonymous_5)
FN:13,(anonymous_6)
FN:15,(anonymous_7)
FN:17,(anonymous_8)
FN:19,(anonymous_9)
FN:21,(anonymous_10)
FNF:11
FNH:11
FNDA:15,(anonymous_0)
FNDA:1,(anonymous_1)
FNDA:1,(anonymous_2)
FNDA:1,(anonymous_3)
FNDA:1,(anonymous_4)
FNDA:1,(anonymous_5)
FNDA:1,(anonymous_6)
FNDA:1,(anonymous_7)
FNDA:1,(anonymous_8)
FNDA:1,(anonymous_9)
FNDA:1,(anonymous_10)
DA:1,15
DA:3,1
DA:5,1
DA:7,1
DA:9,1
DA:11,1
DA:13,1
DA:15,1
DA:17,1
DA:19,1
DA:21,1
LF:11
LH:11
BRF:0
BRH:0
end_of_record
TN:
SF:src/store/slices/synthesizerSlice.js
FN:1,(anonymous_0)
FN:3,(anonymous_1)
FN:5,(anonymous_2)
FN:7,(anonymous_3)
FN:9,(anonymous_4)
FN:12,(anonymous_5)
FN:14,(anonymous_6)
FN:16,(anonymous_7)
FN:18,(anonymous_8)
FN:20,(anonymous_9)
FN:22,(anonymous_10)
FN:25,(anonymous_11)
FNF:12
FNH:12
FNDA:15,(anonymous_0)
FNDA:1,(anonymous_1)
FNDA:1,(anonymous_2)
FNDA:1,(anonymous_3)
FNDA:1,(anonymous_4)
FNDA:1,(anonymous_5)
FNDA:1,(anonymous_6)
FNDA:1,(anonymous_7)
FNDA:1,(anonymous_8)
FNDA:1,(anonymous_9)
FNDA:1,(anonymous_10)
FNDA:1,(anonymous_11)
DA:1,15
DA:3,1
DA:5,1
DA:7,1
DA:9,1
DA:12,1
DA:14,1
DA:16,1
DA:18,1
DA:20,1
DA:22,1
DA:25,1
LF:12
LH:12
BRF:0
BRH:0
end_of_record
TN:
SF:src/store/slices/uiSlice.js
FN:1,(anonymous_0)
FN:3,(anonymous_1)
FN:5,(anonymous_2)
FN:7,(anonymous_3)
FN:9,(anonymous_4)
FN:11,(anonymous_5)
FN:14,(anonymous_6)
FN:17,(anonymous_7)
FN:20,(anonymous_8)
FN:23,(anonymous_9)
FN:25,(anonymous_10)
FN:27,(anonymous_11)
FN:29,(anonymous_12)
FN:31,(anonymous_13)
FNF:14
FNH:8
FNDA:15,(anonymous_0)
FNDA:1,(anonymous_1)
FNDA:1,(anonymous_2)
FNDA:1,(anonymous_3)
FNDA:1,(anonymous_4)
FNDA:1,(anonymous_5)
FNDA:1,(anonymous_6)
FNDA:1,(anonymous_7)
FNDA:0,(anonymous_8)
FNDA:0,(anonymous_9)
FNDA:0,(anonymous_10)
FNDA:0,(anonymous_11)
FNDA:0,(anonymous_12)
FNDA:0,(anonymous_13)
DA:1,15
DA:3,1
DA:5,1
DA:7,1
DA:9,1
DA:11,1
DA:14,1
DA:17,1
DA:20,0
DA:23,0
DA:25,0
DA:27,0
DA:29,0
DA:31,0
LF:14
LH:8
BRF:0
BRH:0
end_of_record
TN:
SF:src/utils/api.js
FN:7,fetchWithTimeout
FN:9,(anonymous_1)
FN:28,fetchWithRetry
FN:35,(anonymous_3)
FN:40,callDeepseek
FN:81,(anonymous_5)
FN:125,callDeepseekStream
FN:162,streamFetch
FN:163,(anonymous_8)
FN:165,(anonymous_9)
FN:175,(anonymous_10)
FN:186,read
FN:187,(anonymous_12)
FN:227,(anonymous_13)
FN:238,analyzeDocumentText
FNF:15
FNH:0
FNDA:0,fetchWithTimeout
FNDA:0,(anonymous_1)
FNDA:0,fetchWithRetry
FNDA:0,(anonymous_3)
FNDA:0,callDeepseek
FNDA:0,(anonymous_5)
FNDA:0,callDeepseekStream
FNDA:0,streamFetch
FNDA:0,(anonymous_8)
FNDA:0,(anonymous_9)
FNDA:0,(anonymous_10)
FNDA:0,read
FNDA:0,(anonymous_12)
FNDA:0,(anonymous_13)
FNDA:0,analyzeDocumentText
DA:3,1
DA:5,1
DA:8,0
DA:9,0
DA:11,0
DA:12,0
DA:16,0
DA:17,0
DA:18,0
DA:20,0
DA:21,0
DA:22,0
DA:24,0
DA:29,0
DA:30,0
DA:31,0
DA:33,0
DA:34,0
DA:35,0
DA:41,0
DA:46,0
DA:47,0
DA:48,0
DA:50,0
DA:59,0
DA:60,0
DA:68,0
DA:79,0
DA:80,0
DA:81,0
DA:83,0
DA:95,0
DA:97,0
DA:98,0
DA:101,0
DA:103,0
DA:104,0
DA:107,0
DA:110,0
DA:111,0
DA:114,0
DA:116,0
DA:117,0
DA:118,0
DA:120,0
DA:121,0
DA:126,0
DA:131,0
DA:132,0
DA:133,0
DA:135,0
DA:143,0
DA:144,0
DA:147,0
DA:148,0
DA:149,0
DA:158,0
DA:163,0
DA:164,0
DA:165,0
DA:166,0
DA:169,0
DA:176,0
DA:177,0
DA:178,0
DA:181,0
DA:182,0
DA:183,0
DA:184,0
DA:187,0
DA:188,0
DA:189,0
DA:190,0
DA:191,0
DA:192,0
DA:194,0
DA:197,0
DA:199,0
DA:202,0
DA:203,0
DA:204,0
DA:206,0
DA:207,0
DA:208,0
DA:209,0
DA:210,0
DA:211,0
DA:212,0
DA:213,0
DA:221,0
DA:225,0
DA:228,0
DA:229,0
DA:230,0
DA:232,0
DA:239,0
DA:244,0
DA:250,0
LF:98
LH:2
BRDA:3,0,0,1
BRDA:3,0,1,0
BRDA:3,0,2,0
BRDA:7,1,0,0
BRDA:17,2,0,0
BRDA:17,2,1,0
BRDA:21,3,0,0
BRDA:21,3,1,0
BRDA:28,4,0,0
BRDA:33,5,0,0
BRDA:33,5,1,0
BRDA:40,6,0,0
BRDA:40,7,0,0
BRDA:46,8,0,0
BRDA:46,8,1,0
BRDA:48,9,0,0
BRDA:48,9,1,0
BRDA:48,10,0,0
BRDA:48,10,1,0
BRDA:52,11,0,0
BRDA:52,11,1,0
BRDA:53,12,0,0
BRDA:53,12,1,0
BRDA:54,13,0,0
BRDA:54,13,1,0
BRDA:60,14,0,0
BRDA:60,14,1,0
BRDA:97,15,0,0
BRDA:97,15,1,0
BRDA:103,16,0,0
BRDA:103,16,1,0
BRDA:104,17,0,0
BRDA:104,17,1,0
BRDA:107,18,0,0
BRDA:107,18,1,0
BRDA:110,19,0,0
BRDA:110,19,1,0
BRDA:110,20,0,0
BRDA:110,20,1,0
BRDA:110,20,2,0
BRDA:116,21,0,0
BRDA:116,21,1,0
BRDA:116,22,0,0
BRDA:116,22,1,0
BRDA:125,23,0,0
BRDA:125,24,0,0
BRDA:131,25,0,0
BRDA:131,25,1,0
BRDA:133,26,0,0
BRDA:133,26,1,0
BRDA:133,27,0,0
BRDA:133,27,1,0
BRDA:137,28,0,0
BRDA:137,28,1,0
BRDA:138,29,0,0
BRDA:138,29,1,0
BRDA:139,30,0,0
BRDA:139,30,1,0
BRDA:143,31,0,0
BRDA:143,31,1,0
BRDA:144,32,0,0
BRDA:144,32,1,0
BRDA:148,33,0,0
BRDA:148,33,1,0
BRDA:151,34,0,0
BRDA:151,34,1,0
BRDA:177,35,0,0
BRDA:177,35,1,0
BRDA:188,36,0,0
BRDA:188,36,1,0
BRDA:189,37,0,0
BRDA:189,37,1,0
BRDA:204,38,0,0
BRDA:204,38,1,0
BRDA:207,39,0,0
BRDA:207,39,1,0
BRDA:211,40,0,0
BRDA:211,40,1,0
BRDA:213,41,0,0
BRDA:213,41,1,0
BRDA:229,42,0,0
BRDA:229,42,1,0
BRDA:241,43,0,0
BRDA:241,43,1,0
BRF:84
BRH:1
end_of_record
TN:
SF:src/utils/ialab.js
FN:11,(anonymous_0)
FN:18,(anonymous_1)
FN:22,(anonymous_2)
FN:37,(anonymous_3)
FN:45,(anonymous_4)
FN:52,(anonymous_5)
FN:67,(anonymous_6)
FN:81,(anonymous_7)
FN:87,(anonymous_8)
FN:93,(anonymous_9)
FN:94,(anonymous_10)
FN:113,(anonymous_11)
FN:120,(anonymous_12)
FN:128,(anonymous_13)
FN:153,(anonymous_14)
FNF:15
FNH:12
FNDA:292,(anonymous_0)
FNDA:42,(anonymous_1)
FNDA:21,(anonymous_2)
FNDA:11,(anonymous_3)
FNDA:42,(anonymous_4)
FNDA:248,(anonymous_5)
FNDA:19,(anonymous_6)
FNDA:7,(anonymous_7)
FNDA:10,(anonymous_8)
FNDA:0,(anonymous_9)
FNDA:0,(anonymous_10)
FNDA:7,(anonymous_11)
FNDA:105,(anonymous_12)
FNDA:0,(anonymous_13)
FNDA:36,(anonymous_14)
DA:9,17
DA:12,292
DA:13,292
DA:14,292
DA:15,1
DA:19,42
DA:23,21
DA:27,17
DA:37,17
DA:38,11
DA:39,11
DA:40,8
DA:41,8
DA:42,8
DA:45,42
DA:52,17
DA:53,248
DA:54,244
DA:55,244
DA:56,248
DA:57,248
DA:58,248
DA:59,244
DA:67,17
DA:68,19
DA:69,19
DA:70,95
DA:71,95
DA:73,19
DA:81,17
DA:82,7
DA:83,7
DA:84,35
DA:85,35
DA:86,35
DA:87,35
DA:88,10
DA:91,35
DA:92,35
DA:93,35
DA:94,0
DA:95,0
DA:97,35
DA:98,0
DA:101,35
DA:113,17
DA:114,7
DA:115,7
DA:116,35
DA:117,35
DA:118,35
DA:119,35
DA:120,105
DA:121,35
DA:122,35
DA:123,35
DA:124,35
DA:126,35
DA:127,35
DA:128,0
DA:129,0
DA:138,35
DA:139,35
DA:141,35
DA:142,1
DA:143,34
DA:144,0
DA:146,35
DA:147,1
DA:148,34
DA:149,0
DA:153,35
DA:154,36
DA:155,36
DA:157,35
LF:75
LH:68
BRDA:11,0,0,292
BRDA:14,1,0,39
BRDA:14,1,1,253
BRDA:37,2,0,11
BRDA:39,3,0,3
BRDA:39,3,1,8
BRDA:39,4,0,11
BRDA:39,4,1,4
BRDA:53,5,0,4
BRDA:53,5,1,244
BRDA:55,6,0,244
BRDA:55,6,1,213
BRDA:55,7,0,10
BRDA:55,7,1,203
BRDA:56,8,0,248
BRDA:56,8,1,221
BRDA:56,9,0,10
BRDA:56,9,1,211
BRDA:57,10,0,248
BRDA:57,10,1,244
BRDA:57,11,0,29
BRDA:57,11,1,215
BRDA:58,12,0,26
BRDA:58,12,1,222
BRDA:71,13,0,83
BRDA:71,13,1,12
BRDA:86,14,0,35
BRDA:86,14,1,0
BRDA:88,15,0,0
BRDA:88,15,1,10
BRDA:91,16,0,35
BRDA:91,16,1,0
BRDA:95,17,0,0
BRDA:95,17,1,0
BRDA:95,18,0,0
BRDA:95,18,1,0
BRDA:97,19,0,0
BRDA:97,19,1,35
BRDA:118,20,0,0
BRDA:118,20,1,35
BRDA:119,21,0,0
BRDA:119,21,1,35
BRDA:120,22,0,35
BRDA:120,22,1,0
BRDA:121,23,0,35
BRDA:121,23,1,0
BRDA:122,24,0,0
BRDA:122,24,1,35
BRDA:123,25,0,35
BRDA:123,25,1,34
BRDA:123,25,2,34
BRDA:124,26,0,35
BRDA:124,26,1,34
BRDA:124,26,2,34
BRDA:127,27,0,0
BRDA:127,27,1,35
BRDA:132,28,0,0
BRDA:132,28,1,0
BRDA:132,29,0,0
BRDA:132,29,1,0
BRDA:133,30,0,0
BRDA:133,30,1,0
BRDA:138,31,0,35
BRDA:138,31,1,0
BRDA:139,32,0,35
BRDA:139,32,1,0
BRDA:141,33,0,1
BRDA:141,33,1,34
BRDA:141,34,0,35
BRDA:141,34,1,1
BRDA:143,35,0,0
BRDA:143,35,1,34
BRDA:143,36,0,34
BRDA:143,36,1,34
BRDA:146,37,0,1
BRDA:146,37,1,34
BRDA:146,38,0,35
BRDA:146,38,1,1
BRDA:148,39,0,0
BRDA:148,39,1,34
BRDA:148,40,0,34
BRDA:148,40,1,34
BRF:82
BRH:58
end_of_record
TN:
SF:src/utils/iconMapping.jsx
FN:451,getLucideIcon
FN:471,Icon
FNF:2
FNH:2
FNDA:254,getLucideIcon
FNDA:254,Icon
DA:222,4
DA:452,254
DA:454,254
DA:457,254
DA:459,254
DA:460,249
DA:464,5
DA:465,5
DA:467,5
DA:472,254
DA:473,254
DA:474,249
LF:12
LH:12
BRDA:452,0,0,0
BRDA:452,0,1,254
BRDA:459,1,0,249
BRDA:459,1,1,5
BRDA:464,2,0,5
BRDA:464,2,1,0
BRDA:471,3,0,254
BRDA:473,4,0,5
BRDA:473,4,1,249
BRF:9
BRH:7
end_of_record
TN:
SF:src/utils/storage.js
FN:2,getItem
FN:11,setItem
FN:20,removeItem
FNF:3
FNH:1
FNDA:1,getItem
FNDA:0,setItem
FNDA:0,removeItem
DA:1,1
DA:3,1
DA:4,1
DA:5,1
DA:7,0
DA:12,0
DA:13,0
DA:14,0
DA:16,0
DA:21,0
DA:22,0
DA:23,0
DA:25,0
LF:13
LH:4
BRDA:2,0,0,1
BRDA:5,1,0,0
BRDA:5,1,1,1
BRF:3
BRH:2
end_of_record
TN:
SF:src/utils/speech/audioCache.js
FN:2,constructor
FN:8,get
FN:20,set
FN:34,size
FN:38,clear
FNF:5
FNH:1
FNDA:1,constructor
FNDA:0,get
FNDA:0,set
FNDA:0,size
FNDA:0,clear
DA:3,1
DA:4,1
DA:5,1
DA:9,0
DA:10,0
DA:11,0
DA:12,0
DA:13,0
DA:14,0
DA:15,0
DA:17,0
DA:21,0
DA:22,0
DA:23,0
DA:24,0
DA:26,0
DA:27,0
DA:28,0
DA:30,0
DA:31,0
DA:35,0
DA:39,0
DA:40,0
DA:44,1
LF:24
LH:4
BRDA:2,0,0,1
BRDA:11,1,0,0
BRDA:11,1,1,0
BRDA:13,2,0,0
BRDA:13,2,1,0
BRDA:22,3,0,0
BRDA:22,3,1,0
BRDA:24,4,0,0
BRDA:24,4,1,0
BRDA:26,5,0,0
BRDA:26,5,1,0
BRF:11
BRH:1
end_of_record
TN:
SF:src/utils/speech/googleTtsClient.js
FN:9,(anonymous_0)
FN:23,(anonymous_1)
FN:58,(anonymous_2)
FNF:3
FNH:0
FNDA:0,(anonymous_0)
FNDA:0,(anonymous_1)
FNDA:0,(anonymous_2)
DA:5,1
DA:7,1
DA:9,1
DA:10,0
DA:11,0
DA:12,0
DA:16,0
DA:18,0
DA:20,0
DA:23,1
DA:24,0
DA:25,0
DA:26,0
DA:27,0
DA:29,0
DA:34,0
DA:38,0
DA:52,0
DA:53,0
DA:54,0
DA:58,1
DA:60,0
DA:61,0
DA:62,0
DA:63,0
LF:25
LH:5
BRDA:5,0,0,1
BRDA:5,0,1,1
BRDA:5,0,2,0
BRDA:10,1,0,0
BRDA:10,1,1,0
BRDA:23,2,0,0
BRDA:23,3,0,0
BRDA:24,4,0,0
BRDA:24,4,1,0
BRDA:24,5,0,0
BRDA:24,5,1,0
BRDA:27,6,0,0
BRDA:27,6,1,0
BRDA:29,7,0,0
BRDA:29,7,1,0
BRDA:29,7,2,0
BRDA:31,8,0,0
BRDA:31,8,1,0
BRDA:31,9,0,0
BRDA:31,9,1,0
BRDA:35,10,0,0
BRDA:35,10,1,0
BRDA:47,11,0,0
BRDA:47,11,1,0
BRDA:48,12,0,0
BRDA:48,12,1,0
BRDA:52,13,0,0
BRDA:52,13,1,0
BRDA:54,14,0,0
BRDA:54,14,1,0
BRDA:60,15,0,0
BRDA:60,15,1,0
BRDA:60,15,2,0
BRDA:61,16,0,0
BRDA:61,16,1,0
BRDA:62,17,0,0
BRDA:62,17,1,0
BRDA:62,18,0,0
BRDA:62,18,1,0
BRF:39
BRH:2
end_of_record
TN:
SF:src/utils/speech/index.js
FNF:0
FNH:0
LF:0
LH:0
BRF:0
BRH:0
end_of_record
TN:
SF:src/utils/speech/nativeSpeech.js
FN:19,ensureUserInteraction
FN:28,(anonymous_1)
FN:31,(anonymous_2)
FN:35,(anonymous_3)
FN:53,(anonymous_4)
FN:85,(anonymous_5)
FN:94,(anonymous_6)
FN:101,(anonymous_7)
FN:106,(anonymous_8)
FN:111,(anonymous_9)
FN:123,(anonymous_10)
FN:124,(anonymous_11)
FN:129,(anonymous_12)
FN:134,(anonymous_13)
FN:149,(anonymous_14)
FN:198,(anonymous_15)
FN:199,(anonymous_16)
FN:200,(anonymous_17)
FN:201,(anonymous_18)
FN:206,(anonymous_19)
FN:206,(anonymous_20)
FN:211,(anonymous_21)
FN:217,(anonymous_22)
FN:220,(anonymous_23)
FN:224,(anonymous_24)
FN:226,(anonymous_25)
FN:227,(anonymous_26)
FN:229,(anonymous_27)
FN:230,(anonymous_28)
FN:231,(anonymous_29)
FN:264,(anonymous_30)
FN:268,(anonymous_31)
FN:292,(anonymous_32)
FN:299,(anonymous_33)
FN:317,(anonymous_34)
FN:368,(anonymous_35)
FN:370,(anonymous_36)
FN:425,(anonymous_37)
FN:510,(anonymous_38)
FN:525,(anonymous_39)
FN:528,(anonymous_40)
FN:585,(anonymous_41)
FN:586,(anonymous_42)
FN:587,(anonymous_43)
FN:588,(anonymous_44)
FN:589,(anonymous_45)
FN:594,(anonymous_46)
FN:594,(anonymous_47)
FN:599,(anonymous_48)
FN:605,(anonymous_49)
FN:608,(anonymous_50)
FN:612,(anonymous_51)
FN:614,(anonymous_52)
FN:615,(anonymous_53)
FN:617,(anonymous_54)
FN:618,(anonymous_55)
FN:619,(anonymous_56)
FN:629,(anonymous_57)
FN:634,(anonymous_58)
FN:651,(anonymous_59)
FN:654,(anonymous_60)
FN:659,(anonymous_61)
FN:664,(anonymous_62)
FN:665,(anonymous_63)
FN:667,(anonymous_64)
FN:690,(anonymous_65)
FNF:66
FNH:0
FNDA:0,ensureUserInteraction
FNDA:0,(anonymous_1)
FNDA:0,(anonymous_2)
FNDA:0,(anonymous_3)
FNDA:0,(anonymous_4)
FNDA:0,(anonymous_5)
FNDA:0,(anonymous_6)
FNDA:0,(anonymous_7)
FNDA:0,(anonymous_8)
FNDA:0,(anonymous_9)
FNDA:0,(anonymous_10)
FNDA:0,(anonymous_11)
FNDA:0,(anonymous_12)
FNDA:0,(anonymous_13)
FNDA:0,(anonymous_14)
FNDA:0,(anonymous_15)
FNDA:0,(anonymous_16)
FNDA:0,(anonymous_17)
FNDA:0,(anonymous_18)
FNDA:0,(anonymous_19)
FNDA:0,(anonymous_20)
FNDA:0,(anonymous_21)
FNDA:0,(anonymous_22)
FNDA:0,(anonymous_23)
FNDA:0,(anonymous_24)
FNDA:0,(anonymous_25)
FNDA:0,(anonymous_26)
FNDA:0,(anonymous_27)
FNDA:0,(anonymous_28)
FNDA:0,(anonymous_29)
FNDA:0,(anonymous_30)
FNDA:0,(anonymous_31)
FNDA:0,(anonymous_32)
FNDA:0,(anonymous_33)
FNDA:0,(anonymous_34)
FNDA:0,(anonymous_35)
FNDA:0,(anonymous_36)
FNDA:0,(anonymous_37)
FNDA:0,(anonymous_38)
FNDA:0,(anonymous_39)
FNDA:0,(anonymous_40)
FNDA:0,(anonymous_41)
FNDA:0,(anonymous_42)
FNDA:0,(anonymous_43)
FNDA:0,(anonymous_44)
FNDA:0,(anonymous_45)
FNDA:0,(anonymous_46)
FNDA:0,(anonymous_47)
FNDA:0,(anonymous_48)
FNDA:0,(anonymous_49)
FNDA:0,(anonymous_50)
FNDA:0,(anonymous_51)
FNDA:0,(anonymous_52)
FNDA:0,(anonymous_53)
FNDA:0,(anonymous_54)
FNDA:0,(anonymous_55)
FNDA:0,(anonymous_56)
FNDA:0,(anonymous_57)
FNDA:0,(anonymous_58)
FNDA:0,(anonymous_59)
FNDA:0,(anonymous_60)
FNDA:0,(anonymous_61)
FNDA:0,(anonymous_62)
FNDA:0,(anonymous_63)
FNDA:0,(anonymous_64)
FNDA:0,(anonymous_65)
DA:9,1
DA:16,1
DA:17,1
DA:20,0
DA:21,0
DA:25,0
DA:26,0
DA:28,0
DA:29,0
DA:30,0
DA:31,0
DA:32,0
DA:33,0
DA:34,0
DA:35,0
DA:36,0
DA:37,0
DA:38,0
DA:40,0
DA:41,0
DA:42,0
DA:47,1
DA:48,1
DA:49,1
DA:50,1
DA:51,1
DA:53,1
DA:60,0
DA:61,0
DA:63,0
DA:64,0
DA:67,0
DA:68,0
DA:69,0
DA:71,0
DA:72,0
DA:73,0
DA:77,0
DA:80,0
DA:83,0
DA:85,0
DA:86,0
DA:87,0
DA:88,0
DA:89,0
DA:91,0
DA:94,0
DA:95,0
DA:96,0
DA:99,0
DA:101,0
DA:102,0
DA:103,0
DA:106,0
DA:107,0
DA:108,0
DA:111,0
DA:112,0
DA:113,0
DA:114,0
DA:115,0
DA:118,0
DA:121,0
DA:123,0
DA:124,0
DA:125,0
DA:126,0
DA:128,0
DA:129,0
DA:131,0
DA:134,0
DA:135,0
DA:138,0
DA:139,0
DA:140,0
DA:141,0
DA:142,0
DA:149,0
DA:150,0
DA:176,0
DA:198,0
DA:199,0
DA:200,0
DA:201,0
DA:205,0
DA:206,0
DA:208,0
DA:212,0
DA:217,0
DA:221,0
DA:224,0
DA:226,0
DA:227,0
DA:229,0
DA:230,0
DA:231,0
DA:234,0
DA:235,0
DA:236,0
DA:237,0
DA:240,0
DA:241,0
DA:242,0
DA:243,0
DA:250,0
DA:254,0
DA:261,0
DA:264,0
DA:265,0
DA:266,0
DA:268,0
DA:269,0
DA:270,0
DA:271,0
DA:272,0
DA:275,0
DA:276,0
DA:278,0
DA:279,0
DA:280,0
DA:281,0
DA:285,0
DA:286,0
DA:287,0
DA:288,0
DA:291,0
DA:292,0
DA:293,0
DA:294,0
DA:295,0
DA:296,0
DA:298,0
DA:299,0
DA:300,0
DA:301,0
DA:302,0
DA:303,0
DA:309,0
DA:311,0
DA:312,0
DA:313,0
DA:314,0
DA:315,0
DA:316,0
DA:317,0
DA:318,0
DA:319,0
DA:320,0
DA:322,0
DA:323,0
DA:324,0
DA:326,0
DA:327,0
DA:328,0
DA:329,0
DA:331,0
DA:333,0
DA:336,0
DA:337,0
DA:338,0
DA:339,0
DA:343,0
DA:344,0
DA:345,0
DA:346,0
DA:349,0
DA:351,0
DA:352,0
DA:355,0
DA:357,0
DA:358,0
DA:359,0
DA:363,0
DA:364,0
DA:365,0
DA:369,0
DA:370,0
DA:371,0
DA:390,0
DA:391,0
DA:394,0
DA:397,0
DA:399,0
DA:400,0
DA:401,0
DA:402,0
DA:412,0
DA:415,0
DA:416,0
DA:417,0
DA:419,0
DA:420,0
DA:423,0
DA:424,0
DA:425,0
DA:426,0
DA:427,0
DA:428,0
DA:430,0
DA:431,0
DA:432,0
DA:434,0
DA:435,0
DA:438,0
DA:439,0
DA:440,0
DA:442,0
DA:444,0
DA:447,0
DA:448,0
DA:451,0
DA:452,0
DA:453,0
DA:454,0
DA:456,0
DA:461,0
DA:468,0
DA:471,0
DA:473,0
DA:477,0
DA:483,0
DA:486,0
DA:488,0
DA:491,0
DA:496,0
DA:497,0
DA:498,0
DA:499,0
DA:501,0
DA:502,0
DA:504,0
DA:505,0
DA:510,1
DA:511,0
DA:512,0
DA:513,0
DA:514,0
DA:516,0
DA:517,0
DA:518,0
DA:520,0
DA:521,0
DA:525,1
DA:526,0
DA:527,0
DA:528,0
DA:529,0
DA:536,0
DA:558,0
DA:585,0
DA:586,0
DA:587,0
DA:588,0
DA:589,0
DA:593,0
DA:594,0
DA:596,0
DA:600,0
DA:605,0
DA:609,0
DA:612,0
DA:614,0
DA:615,0
DA:617,0
DA:618,0
DA:619,0
DA:622,0
DA:623,0
DA:624,0
DA:626,0
DA:629,1
DA:630,0
DA:631,0
DA:632,0
DA:633,0
DA:634,0
DA:635,0
DA:636,0
DA:638,0
DA:640,0
DA:641,0
DA:642,0
DA:643,0
DA:644,0
DA:645,0
DA:646,0
DA:647,0
DA:650,0
DA:651,0
DA:654,0
DA:656,0
DA:658,0
DA:659,0
DA:660,0
DA:664,1
DA:665,0
DA:667,1
DA:673,0
DA:675,0
DA:676,0
DA:677,0
DA:678,0
DA:681,0
DA:690,1
DA:691,0
DA:692,0
DA:698,0
DA:699,0
DA:705,0
DA:706,0
DA:714,0
LF:311
LH:15
BRDA:20,0,0,0
BRDA:20,0,1,0
BRDA:21,1,0,0
BRDA:21,1,1,0
BRDA:22,2,0,0
BRDA:22,2,1,0
BRDA:30,3,0,0
BRDA:30,3,1,0
BRDA:55,4,0,0
BRDA:56,5,0,0
BRDA:63,6,0,0
BRDA:63,6,1,0
BRDA:67,7,0,0
BRDA:67,7,1,0
BRDA:71,8,0,0
BRDA:71,8,1,0
BRDA:77,9,0,0
BRDA:77,9,1,0
BRDA:77,9,2,0
BRDA:80,10,0,0
BRDA:80,10,1,0
BRDA:80,10,2,0
BRDA:82,11,0,0
BRDA:82,11,1,0
BRDA:83,12,0,0
BRDA:83,12,1,0
BRDA:87,13,0,0
BRDA:87,13,1,0
BRDA:96,14,0,0
BRDA:96,14,1,0
BRDA:103,15,0,0
BRDA:103,15,1,0
BRDA:107,16,0,0
BRDA:107,16,1,0
BRDA:112,17,0,0
BRDA:112,17,1,0
BRDA:112,18,0,0
BRDA:112,18,1,0
BRDA:114,19,0,0
BRDA:114,19,1,0
BRDA:129,20,0,0
BRDA:129,20,1,0
BRDA:140,21,0,0
BRDA:140,21,1,0
BRDA:198,22,0,0
BRDA:198,22,1,0
BRDA:199,23,0,0
BRDA:199,23,1,0
BRDA:209,24,0,0
BRDA:209,24,1,0
BRDA:212,25,0,0
BRDA:212,25,1,0
BRDA:212,25,2,0
BRDA:212,25,3,0
BRDA:212,25,4,0
BRDA:217,26,0,0
BRDA:217,26,1,0
BRDA:221,27,0,0
BRDA:221,27,1,0
BRDA:221,27,2,0
BRDA:221,27,3,0
BRDA:224,28,0,0
BRDA:224,28,1,0
BRDA:228,29,0,0
BRDA:228,29,1,0
BRDA:237,30,0,0
BRDA:237,30,1,0
BRDA:240,31,0,0
BRDA:240,31,1,0
BRDA:271,32,0,0
BRDA:271,32,1,0
BRDA:280,33,0,0
BRDA:280,33,1,0
BRDA:286,34,0,0
BRDA:286,34,1,0
BRDA:293,35,0,0
BRDA:293,35,1,0
BRDA:300,36,0,0
BRDA:300,36,1,0
BRDA:312,37,0,0
BRDA:312,37,1,0
BRDA:320,38,0,0
BRDA:320,38,1,0
BRDA:326,39,0,0
BRDA:326,39,1,0
BRDA:339,40,0,0
BRDA:339,40,1,0
BRDA:340,41,0,0
BRDA:340,41,1,0
BRDA:344,42,0,0
BRDA:344,42,1,0
BRDA:351,43,0,0
BRDA:351,43,1,0
BRDA:355,44,0,0
BRDA:355,44,1,0
BRDA:358,45,0,0
BRDA:358,45,1,0
BRDA:381,46,0,0
BRDA:381,46,1,0
BRDA:382,47,0,0
BRDA:382,47,1,0
BRDA:383,48,0,0
BRDA:383,48,1,0
BRDA:390,49,0,0
BRDA:390,49,1,0
BRDA:399,50,0,0
BRDA:399,50,1,0
BRDA:415,51,0,0
BRDA:415,51,1,0
BRDA:428,52,0,0
BRDA:428,52,1,0
BRDA:434,53,0,0
BRDA:434,53,1,0
BRDA:447,54,0,0
BRDA:447,54,1,0
BRDA:451,55,0,0
BRDA:451,55,1,0
BRDA:453,56,0,0
BRDA:453,56,1,0
BRDA:456,57,0,0
BRDA:456,57,1,0
BRDA:457,58,0,0
BRDA:457,58,1,0
BRDA:457,58,2,0
BRDA:473,59,0,0
BRDA:473,59,1,0
BRDA:474,60,0,0
BRDA:474,60,1,0
BRDA:489,61,0,0
BRDA:489,61,1,0
BRDA:496,62,0,0
BRDA:496,62,1,0
BRDA:497,63,0,0
BRDA:497,63,1,0
BRDA:505,64,0,0
BRDA:505,64,1,0
BRDA:512,65,0,0
BRDA:512,65,1,0
BRDA:516,66,0,0
BRDA:516,66,1,0
BRDA:520,67,0,0
BRDA:520,67,1,0
BRDA:520,68,0,0
BRDA:520,68,1,0
BRDA:525,69,0,0
BRDA:526,70,0,0
BRDA:526,70,1,0
BRDA:526,71,0,0
BRDA:526,71,1,0
BRDA:528,72,0,0
BRDA:528,72,1,0
BRDA:586,73,0,0
BRDA:586,73,1,0
BRDA:587,74,0,0
BRDA:587,74,1,0
BRDA:597,75,0,0
BRDA:597,75,1,0
BRDA:600,76,0,0
BRDA:600,76,1,0
BRDA:600,76,2,0
BRDA:600,76,3,0
BRDA:600,76,4,0
BRDA:605,77,0,0
BRDA:605,77,1,0
BRDA:609,78,0,0
BRDA:609,78,1,0
BRDA:609,78,2,0
BRDA:609,78,3,0
BRDA:612,79,0,0
BRDA:612,79,1,0
BRDA:616,80,0,0
BRDA:616,80,1,0
BRDA:624,81,0,0
BRDA:624,81,1,0
BRDA:629,82,0,0
BRDA:633,83,0,0
BRDA:633,83,1,0
BRDA:643,84,0,0
BRDA:643,84,1,0
BRDA:645,85,0,0
BRDA:645,85,1,0
BRDA:651,86,0,0
BRDA:651,86,1,0
BRDA:654,87,0,0
BRDA:654,87,1,0
BRDA:656,88,0,0
BRDA:656,88,1,0
BRDA:658,89,0,0
BRDA:658,89,1,0
BRDA:659,90,0,0
BRDA:659,90,1,0
BRDA:669,91,0,0
BRDA:675,92,0,0
BRDA:675,92,1,0
BRDA:675,93,0,0
BRDA:675,93,1,0
BRDA:677,94,0,0
BRDA:677,94,1,0
BRDA:677,95,0,0
BRDA:677,95,1,0
BRDA:690,96,0,0
BRDA:691,97,0,0
BRDA:691,97,1,0
BRDA:691,98,0,0
BRDA:691,98,1,0
BRDA:698,99,0,0
BRDA:698,99,1,0
BRDA:698,100,0,0
BRDA:698,100,1,0
BRDA:705,101,0,0
BRDA:705,101,1,0
BRDA:705,102,0,0
BRDA:705,102,1,0
BRF:213
BRH:0
end_of_record
TN:
SF:src/utils/speech/speechRecognition.js
FN:3,(anonymous_0)
FN:25,(anonymous_1)
FN:29,(anonymous_2)
FN:42,(anonymous_3)
FN:50,(anonymous_4)
FN:64,(anonymous_5)
FNF:6
FNH:0
FNDA:0,(anonymous_0)
FNDA:0,(anonymous_1)
FNDA:0,(anonymous_2)
FNDA:0,(anonymous_3)
FNDA:0,(anonymous_4)
FNDA:0,(anonymous_5)
DA:1,1
DA:3,1
DA:5,0
DA:6,0
DA:7,0
DA:8,0
DA:11,0
DA:12,0
DA:13,0
DA:17,0
DA:18,0
DA:19,0
DA:20,0
DA:21,0
DA:23,0
DA:25,0
DA:26,0
DA:29,0
DA:30,0
DA:31,0
DA:32,0
DA:33,0
DA:34,0
DA:36,0
DA:39,0
DA:42,0
DA:43,0
DA:44,0
DA:45,0
DA:47,0
DA:50,0
DA:51,0
DA:52,0
DA:53,0
DA:56,0
DA:57,0
DA:59,0
DA:60,0
DA:64,1
DA:65,0
DA:66,0
DA:67,0
DA:69,0
LF:43
LH:3
BRDA:5,0,0,0
BRDA:5,0,1,0
BRDA:6,1,0,0
BRDA:6,1,1,0
BRDA:11,2,0,0
BRDA:11,2,1,0
BRDA:33,3,0,0
BRDA:33,3,1,0
BRDA:44,4,0,0
BRDA:44,4,1,0
BRDA:65,5,0,0
BRDA:65,5,1,0
BRF:12
BRH:0
end_of_record
TN:
SF:src/utils/speech/voiceProfiles.js
FNF:0
FNH:0
DA:1,1
DA:77,1
LF:2
LH:2
BRF:0
BRH:0
end_of_record
