TN:
SF:src/services/achievementService.js
FN:19,(anonymous_0)
FN:20,(anonymous_1)
FN:21,(anonymous_2)
FN:22,(anonymous_3)
FN:24,(anonymous_4)
FN:26,(anonymous_5)
FN:28,(anonymous_6)
FN:30,(anonymous_7)
FN:42,(anonymous_8)
FN:62,(anonymous_9)
FN:68,(anonymous_10)
FN:84,(anonymous_11)
FN:89,(anonymous_12)
FN:90,(anonymous_13)
FN:106,(anonymous_14)
FN:107,(anonymous_15)
FN:114,(anonymous_16)
FN:123,(anonymous_17)
FN:124,(anonymous_18)
FNF:19
FNH:19
FNDA:17,(anonymous_0)
FNDA:16,(anonymous_1)
FNDA:16,(anonymous_2)
FNDA:15,(anonymous_3)
FNDA:7,(anonymous_4)
FNDA:15,(anonymous_5)
FNDA:54,(anonymous_6)
FNDA:14,(anonymous_7)
FNDA:96,(anonymous_8)
FNDA:14,(anonymous_9)
FNDA:78,(anonymous_10)
FNDA:12,(anonymous_11)
FNDA:63,(anonymous_12)
FNDA:1235,(anonymous_13)
FNDA:5,(anonymous_14)
FNDA:22,(anonymous_15)
FNDA:3,(anonymous_16)
FNDA:4,(anonymous_17)
FNDA:4,(anonymous_18)
DA:9,2
DA:18,2
DA:19,17
DA:20,16
DA:21,16
DA:23,15
DA:24,15
DA:27,15
DA:28,54
DA:31,14
DA:32,14
DA:42,2
DA:43,96
DA:45,94
DA:46,94
DA:48,93
DA:49,93
DA:51,0
DA:52,0
DA:62,2
DA:63,14
DA:65,13
DA:66,14
DA:68,14
DA:69,78
DA:70,78
DA:71,25
DA:75,14
DA:84,2
DA:85,12
DA:87,11
DA:89,12
DA:90,1235
DA:91,61
DA:98,12
DA:106,2
DA:107,22
DA:114,2
DA:115,3
DA:123,2
DA:124,4
LF:41
LH:39
BRDA:19,0,0,17
BRDA:19,0,1,3
BRDA:20,1,0,16
BRDA:20,1,1,6
BRDA:21,2,0,16
BRDA:21,2,1,2
BRDA:23,3,0,15
BRDA:23,3,1,6
BRDA:24,4,0,7
BRDA:24,4,1,0
BRDA:27,5,0,15
BRDA:27,5,1,6
BRDA:31,6,0,14
BRDA:31,6,1,6
BRDA:43,7,0,2
BRDA:43,7,1,94
BRDA:43,8,0,96
BRDA:43,8,1,96
BRDA:46,9,0,1
BRDA:46,9,1,93
BRDA:62,10,0,14
BRDA:63,11,0,1
BRDA:63,11,1,13
BRDA:65,12,0,13
BRDA:65,12,1,0
BRDA:70,13,0,25
BRDA:70,13,1,53
BRDA:70,14,0,78
BRDA:70,14,1,76
BRDA:84,15,0,12
BRDA:85,16,0,1
BRDA:85,16,1,11
BRDA:87,17,0,11
BRDA:87,17,1,0
BRDA:90,18,0,61
BRDA:90,18,1,2
BRDA:123,19,0,4
BRDA:124,20,0,4
BRDA:124,20,1,1
BRDA:124,21,0,4
BRDA:124,21,1,1
BRF:41
BRH:38
end_of_record
TN:
SF:src/services/multiplayerService.js
FN:16,(anonymous_0)
FN:26,(anonymous_1)
FN:37,(anonymous_2)
FN:41,(anonymous_3)
FN:57,(anonymous_4)
FN:61,(anonymous_5)
FN:72,(anonymous_6)
FN:81,(anonymous_7)
FN:84,(anonymous_8)
FN:88,(anonymous_9)
FN:93,(anonymous_10)
FN:108,(anonymous_11)
FN:129,(anonymous_12)
FN:155,(anonymous_13)
FN:165,(anonymous_14)
FNF:15
FNH:14
FNDA:8,(anonymous_0)
FNDA:14,(anonymous_1)
FNDA:9,(anonymous_2)
FNDA:9,(anonymous_3)
FNDA:6,(anonymous_4)
FNDA:6,(anonymous_5)
FNDA:10,(anonymous_6)
FNDA:2,(anonymous_7)
FNDA:0,(anonymous_8)
FNDA:15,(anonymous_9)
FNDA:19,(anonymous_10)
FNDA:8,(anonymous_11)
FNDA:6,(anonymous_12)
FNDA:8,(anonymous_13)
FNDA:7,(anonymous_14)
DA:16,1
DA:17,8
DA:18,1
DA:21,7
DA:22,1
DA:25,6
DA:27,14
DA:29,3
DA:31,2
DA:34,9
DA:37,9
DA:39,6
DA:40,8
DA:41,9
DA:42,8
DA:44,8
DA:57,1
DA:58,6
DA:59,6
DA:61,6
DA:62,4
DA:72,1
DA:73,10
DA:74,1
DA:77,9
DA:79,9
DA:81,2
DA:82,1
DA:84,0
DA:85,0
DA:88,15
DA:91,9
DA:93,19
DA:108,1
DA:109,8
DA:111,8
DA:113,7
DA:114,8
DA:117,8
DA:118,2
DA:122,7
DA:123,8
DA:124,2
DA:128,7
DA:129,8
DA:130,8
DA:131,1
DA:135,7
DA:140,1
DA:143,7
DA:155,1
DA:156,8
DA:165,1
DA:166,7
DA:167,7
DA:169,6
DA:172,6
DA:173,6
DA:174,9
DA:175,9
DA:176,6
DA:177,6
DA:181,6
DA:182,6
DA:184,6
DA:185,7
DA:187,7
DA:188,4
DA:190,4
LF:69
LH:67
BRDA:16,0,0,8
BRDA:16,1,0,8
BRDA:17,2,0,1
BRDA:17,2,1,7
BRDA:21,3,0,1
BRDA:21,3,1,6
BRDA:27,4,0,3
BRDA:27,4,1,2
BRDA:27,4,2,9
BRDA:27,4,3,9
BRDA:29,5,0,3
BRDA:29,5,1,0
BRDA:34,6,0,9
BRDA:34,6,1,0
BRDA:39,7,0,1
BRDA:39,7,1,5
BRDA:39,8,0,1
BRDA:39,8,1,4
BRDA:40,9,0,1
BRDA:40,9,1,5
BRDA:40,10,0,1
BRDA:40,10,1,0
BRDA:40,11,0,5
BRDA:40,11,1,0
BRDA:45,12,0,5
BRDA:45,12,1,1
BRDA:57,13,0,6
BRDA:58,14,0,6
BRDA:58,14,1,1
BRDA:59,15,0,2
BRDA:59,15,1,4
BRDA:61,16,0,6
BRDA:61,16,1,0
BRDA:72,17,0,10
BRDA:72,18,0,10
BRDA:72,19,0,10
BRDA:73,20,0,1
BRDA:73,20,1,9
BRDA:73,21,0,10
BRDA:73,21,1,9
BRDA:79,22,0,1
BRDA:79,22,1,0
BRDA:79,22,2,8
BRDA:79,22,3,8
BRDA:81,23,0,2
BRDA:81,23,1,0
BRDA:81,24,0,2
BRDA:81,24,1,0
BRDA:88,25,0,15
BRDA:88,25,1,1
BRDA:88,26,0,15
BRDA:88,26,1,1
BRDA:95,27,0,19
BRDA:95,27,1,2
BRDA:96,28,0,3
BRDA:96,28,1,16
BRDA:96,29,0,3
BRDA:96,29,1,0
BRDA:96,30,0,0
BRDA:96,30,1,16
BRDA:96,31,0,16
BRDA:96,31,1,2
BRDA:98,32,0,19
BRDA:98,32,1,19
BRDA:108,33,0,8
BRDA:111,34,0,1
BRDA:111,34,1,7
BRDA:113,35,0,7
BRDA:113,35,1,4
BRDA:113,36,0,8
BRDA:113,36,1,4
BRDA:114,37,0,8
BRDA:114,37,1,5
BRDA:117,38,0,2
BRDA:117,38,1,6
BRDA:122,39,0,7
BRDA:122,39,1,4
BRDA:122,40,0,8
BRDA:122,40,1,4
BRDA:123,41,0,2
BRDA:123,41,1,6
BRDA:128,42,0,7
BRDA:128,42,1,6
BRDA:130,43,0,1
BRDA:130,43,1,7
BRDA:130,44,0,8
BRDA:130,44,1,1
BRDA:135,45,0,1
BRDA:135,45,1,6
BRDA:136,46,0,7
BRDA:136,46,1,1
BRDA:136,46,2,1
BRDA:146,47,0,1
BRDA:146,47,1,6
BRDA:146,48,0,4
BRDA:146,48,1,2
BRDA:156,49,0,8
BRDA:156,49,1,5
BRDA:156,49,2,4
BRDA:165,50,0,7
BRDA:165,51,0,7
BRDA:166,52,0,7
BRDA:166,52,1,0
BRDA:167,53,0,1
BRDA:167,53,1,6
BRDA:175,54,0,6
BRDA:175,54,1,3
BRDA:176,55,0,2
BRDA:176,55,1,4
BRDA:181,56,0,0
BRDA:181,56,1,6
BRDA:184,57,0,6
BRDA:184,57,1,0
BRDA:185,58,0,7
BRDA:185,58,1,0
BRDA:187,59,0,2
BRDA:187,59,1,5
BRDA:187,60,0,1
BRDA:187,60,1,1
BRDA:188,61,0,0
BRDA:188,61,1,4
BRF:121
BRH:106
end_of_record
TN:
SF:src/services/predictionService.js
FN:14,(anonymous_0)
FN:71,(anonymous_1)
FN:105,(anonymous_2)
FN:115,(anonymous_3)
FN:137,(anonymous_4)
FN:144,(anonymous_5)
FN:162,(anonymous_6)
FN:183,(anonymous_7)
FN:207,(anonymous_8)
FN:212,(anonymous_9)
FN:223,(anonymous_10)
FN:227,(anonymous_11)
FNF:12
FNH:10
FNDA:16,(anonymous_0)
FNDA:6,(anonymous_1)
FNDA:3,(anonymous_2)
FNDA:8,(anonymous_3)
FNDA:7,(anonymous_4)
FNDA:2,(anonymous_5)
FNDA:0,(anonymous_6)
FNDA:0,(anonymous_7)
FNDA:7,(anonymous_8)
FNDA:11,(anonymous_9)
FNDA:7,(anonymous_10)
FNDA:4,(anonymous_11)
DA:14,1
DA:15,16
DA:16,1
DA:19,15
DA:20,15
DA:23,15
DA:24,16
DA:25,16
DA:26,7
DA:27,7
DA:31,15
DA:32,16
DA:33,8
DA:34,8
DA:38,15
DA:39,16
DA:40,10
DA:41,10
DA:45,15
DA:46,16
DA:47,3
DA:48,3
DA:52,15
DA:53,16
DA:54,9
DA:55,9
DA:58,15
DA:71,1
DA:72,6
DA:74,5
DA:75,5
DA:76,6
DA:79,6
DA:80,3
DA:81,3
DA:82,3
DA:83,3
DA:92,5
DA:93,4
DA:94,4
DA:103,5
DA:105,4
DA:106,3
DA:115,1
DA:116,8
DA:117,8
DA:119,6
DA:120,6
DA:122,6
DA:123,8
DA:125,8
DA:126,8
DA:128,8
DA:137,1
DA:138,7
DA:140,6
DA:143,6
DA:144,4
DA:145,4
DA:147,4
DA:148,3
DA:160,3
DA:161,3
DA:162,1
DA:163,1
DA:165,1
DA:166,1
DA:178,2
DA:183,1
DA:184,1
DA:186,1
DA:187,1
DA:198,1
DA:207,1
DA:208,7
DA:209,7
DA:211,6
DA:212,11
DA:214,6
DA:223,1
DA:224,7
DA:227,5
DA:228,5
DA:229,1
DA:232,4
LF:85
LH:85
BRDA:14,0,0,16
BRDA:15,1,0,1
BRDA:15,1,1,15
BRDA:15,2,0,16
BRDA:15,2,1,15
BRDA:25,3,0,7
BRDA:25,3,1,9
BRDA:31,4,0,15
BRDA:31,4,1,2
BRDA:32,5,0,8
BRDA:32,5,1,8
BRDA:32,6,0,16
BRDA:32,6,1,9
BRDA:38,7,0,15
BRDA:38,7,1,8
BRDA:39,8,0,10
BRDA:39,8,1,6
BRDA:39,9,0,16
BRDA:39,9,1,12
BRDA:45,10,0,15
BRDA:45,10,1,1
BRDA:46,11,0,3
BRDA:46,11,1,13
BRDA:46,12,0,16
BRDA:46,12,1,4
BRDA:52,13,0,15
BRDA:52,13,1,10
BRDA:53,14,0,9
BRDA:53,14,1,7
BRDA:53,15,0,16
BRDA:53,15,1,14
BRDA:59,16,0,7
BRDA:59,16,1,8
BRDA:59,17,0,2
BRDA:59,17,1,6
BRDA:71,18,0,6
BRDA:71,19,0,6
BRDA:72,20,0,1
BRDA:72,20,1,5
BRDA:75,21,0,5
BRDA:75,21,1,0
BRDA:76,22,0,6
BRDA:76,22,1,0
BRDA:79,23,0,3
BRDA:79,23,1,3
BRDA:82,24,0,2
BRDA:82,24,1,1
BRDA:92,25,0,4
BRDA:92,25,1,1
BRDA:103,26,0,1
BRDA:103,26,1,4
BRDA:106,27,0,2
BRDA:106,27,1,1
BRDA:115,28,0,8
BRDA:116,29,0,8
BRDA:116,29,1,0
BRDA:117,30,0,2
BRDA:117,30,1,6
BRDA:126,31,0,8
BRDA:126,31,1,0
BRDA:126,32,0,8
BRDA:126,32,1,0
BRDA:137,33,0,7
BRDA:137,34,0,7
BRDA:138,35,0,1
BRDA:138,35,1,6
BRDA:143,36,0,4
BRDA:143,36,1,2
BRDA:145,37,0,4
BRDA:145,37,1,2
BRDA:147,38,0,3
BRDA:147,38,1,1
BRDA:161,39,0,1
BRDA:161,39,1,2
BRDA:161,40,0,3
BRDA:161,40,1,1
BRDA:163,41,0,1
BRDA:163,41,1,0
BRDA:165,42,0,1
BRDA:165,42,1,0
BRDA:178,43,0,1
BRDA:178,43,1,1
BRDA:179,44,0,2
BRDA:179,44,1,1
BRDA:179,44,2,1
BRDA:181,45,0,1
BRDA:181,45,1,0
BRDA:184,46,0,1
BRDA:184,46,1,0
BRDA:186,47,0,1
BRDA:186,47,1,0
BRDA:207,48,0,7
BRDA:207,49,0,7
BRDA:208,50,0,7
BRDA:208,50,1,0
BRDA:209,51,0,1
BRDA:209,51,1,6
BRDA:212,52,0,11
BRDA:212,52,1,0
BRDA:223,53,0,7
BRDA:224,54,0,2
BRDA:224,54,1,5
BRDA:224,55,0,7
BRDA:224,55,1,6
BRDA:228,56,0,1
BRDA:228,56,1,4
BRDA:228,57,0,5
BRDA:228,57,1,3
BRF:108
BRH:96
end_of_record
TN:
SF:src/services/smartboardSync.js
FN:5,(anonymous_0)
FN:32,(anonymous_1)
FN:65,(anonymous_2)
FN:108,(anonymous_3)
FN:118,(anonymous_4)
FN:143,(anonymous_5)
FN:149,(anonymous_6)
FN:165,(anonymous_7)
FN:186,(anonymous_8)
FN:187,(anonymous_9)
FN:197,(anonymous_10)
FNF:11
FNH:0
FNDA:0,(anonymous_0)
FNDA:0,(anonymous_1)
FNDA:0,(anonymous_2)
FNDA:0,(anonymous_3)
FNDA:0,(anonymous_4)
FNDA:0,(anonymous_5)
FNDA:0,(anonymous_6)
FNDA:0,(anonymous_7)
FNDA:0,(anonymous_8)
FNDA:0,(anonymous_9)
FNDA:0,(anonymous_10)
DA:1,1
DA:3,1
DA:5,1
DA:32,1
DA:33,0
DA:34,0
DA:41,0
DA:42,0
DA:45,0
DA:46,0
DA:52,0
DA:54,0
DA:55,0
DA:58,0
DA:60,0
DA:61,0
DA:65,1
DA:66,0
DA:67,0
DA:70,0
DA:71,0
DA:72,0
DA:75,0
DA:76,0
DA:82,0
DA:88,0
DA:89,0
DA:94,0
DA:95,0
DA:97,0
DA:100,0
DA:102,0
DA:103,0
DA:104,0
DA:108,1
DA:109,0
DA:110,0
DA:111,0
DA:112,0
DA:114,0
DA:118,1
DA:119,0
DA:120,0
DA:123,0
DA:124,0
DA:125,0
DA:127,0
DA:129,0
DA:130,0
DA:133,0
DA:138,0
DA:139,0
DA:143,1
DA:144,0
DA:145,0
DA:147,0
DA:149,0
DA:150,0
DA:151,0
DA:153,0
DA:154,0
DA:155,0
DA:156,0
DA:159,0
DA:161,0
DA:162,0
DA:164,0
DA:165,0
DA:167,0
DA:171,0
DA:173,0
DA:175,0
DA:176,0
DA:177,0
DA:178,0
DA:179,0
DA:183,0
DA:186,1
DA:187,0
DA:189,0
DA:190,0
DA:191,0
DA:195,0
DA:197,0
DA:198,0
LF:85
LH:9
BRDA:33,0,0,0
BRDA:33,0,1,0
BRDA:33,1,0,0
BRDA:33,1,1,0
BRDA:41,2,0,0
BRDA:41,2,1,0
BRDA:52,3,0,0
BRDA:52,3,1,0
BRDA:54,4,0,0
BRDA:54,4,1,0
BRDA:66,5,0,0
BRDA:66,5,1,0
BRDA:66,6,0,0
BRDA:66,6,1,0
BRDA:70,7,0,0
BRDA:70,7,1,0
BRDA:88,8,0,0
BRDA:88,8,1,0
BRDA:89,9,0,0
BRDA:89,9,1,0
BRDA:90,10,0,0
BRDA:90,10,1,0
BRDA:90,10,2,0
BRDA:110,11,0,0
BRDA:110,11,1,0
BRDA:119,12,0,0
BRDA:119,12,1,0
BRDA:124,13,0,0
BRDA:124,13,1,0
BRDA:125,14,0,0
BRDA:125,14,1,0
BRDA:129,15,0,0
BRDA:129,15,1,0
BRDA:135,16,0,0
BRDA:135,16,1,0
BRDA:144,17,0,0
BRDA:144,17,1,0
BRDA:145,18,0,0
BRDA:145,18,1,0
BRDA:153,19,0,0
BRDA:153,19,1,0
BRDA:153,20,0,0
BRDA:153,20,1,0
BRDA:154,21,0,0
BRDA:154,21,1,0
BRDA:154,22,0,0
BRDA:154,22,1,0
BRDA:159,23,0,0
BRDA:159,23,1,0
BRDA:159,24,0,0
BRDA:159,24,1,0
BRDA:164,25,0,0
BRDA:164,25,1,0
BRDA:164,25,2,0
BRDA:164,25,3,0
BRDA:167,26,0,0
BRDA:167,26,1,0
BRDA:167,26,2,0
BRDA:167,26,3,0
BRDA:173,27,0,0
BRDA:173,27,1,0
BRDA:176,28,0,0
BRDA:176,28,1,0
BRDA:176,29,0,0
BRDA:176,29,1,0
BRDA:178,30,0,0
BRDA:178,30,1,0
BRDA:178,31,0,0
BRDA:178,31,1,0
BRDA:189,32,0,0
BRDA:189,32,1,0
BRDA:190,33,0,0
BRDA:190,33,1,0
BRF:73
BRH:0
end_of_record
